<?xml version="1.0" encoding="UTF-8"?>
<coverage generated="1374852070">
  <project timestamp="1374852070">
    <package name="Eloquent\Pathogen">
      <file name="/home/travis/build/eloquent/pathogen/src/Eloquent/Pathogen/AbsolutePath.php">
        <class name="AbsolutePath" namespace="Eloquent\Pathogen">
          <metrics methods="6" coveredmethods="6" conditionals="0" coveredconditionals="0" statements="42" coveredstatements="42" elements="48" coveredelements="48"/>
        </class>
        <line num="26" type="method" name="string" crap="1" count="235"/>
        <line num="28" type="stmt" count="235"/>
        <line num="37" type="method" name="joinTrailingSlash" crap="2" count="20"/>
        <line num="39" type="stmt" count="20"/>
        <line num="40" type="stmt" count="4"/>
        <line num="43" type="stmt" count="16"/>
        <line num="58" type="method" name="isRoot" crap="1" count="12"/>
        <line num="61" type="stmt" count="12"/>
        <line num="74" type="method" name="isParentOf" crap="3" count="34"/>
        <line num="78" type="stmt" count="34"/>
        <line num="79" type="stmt" count="16"/>
        <line num="80" type="stmt" count="16"/>
        <line num="83" type="stmt" count="34"/>
        <line num="84" type="stmt" count="34"/>
        <line num="85" type="stmt" count="34"/>
        <line num="97" type="method" name="isAncestorOf" crap="2" count="35"/>
        <line num="101" type="stmt" count="35"/>
        <line num="102" type="stmt" count="17"/>
        <line num="103" type="stmt" count="17"/>
        <line num="105" type="stmt" count="35"/>
        <line num="107" type="stmt" count="35"/>
        <line num="108" type="stmt" count="35"/>
        <line num="109" type="stmt" count="35"/>
        <line num="110" type="stmt" count="35"/>
        <line num="111" type="stmt" count="35"/>
        <line num="128" type="method" name="relativeTo" crap="4" count="36"/>
        <line num="132" type="stmt" count="36"/>
        <line num="133" type="stmt" count="19"/>
        <line num="134" type="stmt" count="19"/>
        <line num="136" type="stmt" count="36"/>
        <line num="137" type="stmt" count="36"/>
        <line num="139" type="stmt" count="36"/>
        <line num="140" type="stmt" count="4"/>
        <line num="141" type="stmt" count="4"/>
        <line num="142" type="stmt" count="32"/>
        <line num="143" type="stmt" count="32"/>
        <line num="144" type="stmt" count="32"/>
        <line num="145" type="stmt" count="32"/>
        <line num="146" type="stmt" count="32"/>
        <line num="147" type="stmt" count="32"/>
        <line num="150" type="stmt" count="32"/>
        <line num="151" type="stmt" count="32"/>
        <line num="153" type="stmt" count="32"/>
        <line num="154" type="stmt" count="22"/>
        <line num="155" type="stmt" count="22"/>
        <line num="157" type="stmt" count="22"/>
        <line num="158" type="stmt" count="22"/>
        <line num="161" type="stmt" count="36"/>
        <line num="164" type="stmt" count="0"/>
        <metrics loc="163" ncloc="94" classes="1" methods="6" coveredmethods="6" conditionals="0" coveredconditionals="0" statements="42" coveredstatements="42" elements="48" coveredelements="48"/>
      </file>
      <file name="/home/travis/build/eloquent/pathogen/src/Eloquent/Pathogen/AbstractPath.php">
        <class name="AbstractPath" namespace="Eloquent\Pathogen">
          <metrics methods="39" coveredmethods="39" conditionals="0" coveredconditionals="0" statements="198" coveredstatements="198" elements="237" coveredelements="237"/>
        </class>
        <line num="29" type="method" name="__construct" crap="2" count="1398"/>
        <line num="31" type="stmt" count="1398"/>
        <line num="32" type="stmt" count="1122"/>
        <line num="33" type="stmt" count="1122"/>
        <line num="35" type="stmt" count="1398"/>
        <line num="36" type="stmt" count="1303"/>
        <line num="37" type="stmt" count="1303"/>
        <line num="49" type="method" name="atoms" crap="1" count="1274"/>
        <line num="51" type="stmt" count="1274"/>
        <line num="63" type="method" name="sliceAtoms" crap="2" count="14"/>
        <line num="65" type="stmt" count="14"/>
        <line num="66" type="stmt" count="14"/>
        <line num="67" type="stmt" count="7"/>
        <line num="68" type="stmt" count="7"/>
        <line num="70" type="stmt" count="14"/>
        <line num="78" type="method" name="hasAtoms" crap="1" count="66"/>
        <line num="80" type="stmt" count="66"/>
        <line num="88" type="method" name="hasTrailingSeparator" crap="1" count="853"/>
        <line num="90" type="stmt" count="853"/>
        <line num="98" type="method" name="string" crap="2" count="613"/>
        <line num="101" type="stmt" count="613"/>
        <line num="102" type="stmt" count="613"/>
        <line num="103" type="stmt" count="613"/>
        <line num="111" type="method" name="__toString" crap="1" count="14"/>
        <line num="113" type="stmt" count="14"/>
        <line num="122" type="method" name="name" crap="2" count="604"/>
        <line num="124" type="stmt" count="604"/>
        <line num="125" type="stmt" count="604"/>
        <line num="127" type="stmt" count="604"/>
        <line num="128" type="stmt" count="560"/>
        <line num="131" type="stmt" count="44"/>
        <line num="142" type="method" name="nameAtoms" crap="1" count="494"/>
        <line num="144" type="stmt" count="494"/>
        <line num="156" type="method" name="sliceNameAtoms" crap="2" count="14"/>
        <line num="158" type="stmt" count="14"/>
        <line num="159" type="stmt" count="14"/>
        <line num="160" type="stmt" count="7"/>
        <line num="161" type="stmt" count="7"/>
        <line num="163" type="stmt" count="14"/>
        <line num="172" type="method" name="nameWithoutExtension" crap="2" count="56"/>
        <line num="174" type="stmt" count="56"/>
        <line num="175" type="stmt" count="56"/>
        <line num="176" type="stmt" count="45"/>
        <line num="178" type="stmt" count="45"/>
        <line num="181" type="stmt" count="11"/>
        <line num="190" type="method" name="namePrefix" crap="1" count="56"/>
        <line num="192" type="stmt" count="56"/>
        <line num="194" type="stmt" count="56"/>
        <line num="204" type="method" name="nameSuffix" crap="2" count="56"/>
        <line num="206" type="stmt" count="56"/>
        <line num="207" type="stmt" count="56"/>
        <line num="208" type="stmt" count="45"/>
        <line num="210" type="stmt" count="45"/>
        <line num="213" type="stmt" count="11"/>
        <line num="223" type="method" name="extension" crap="2" count="56"/>
        <line num="225" type="stmt" count="56"/>
        <line num="226" type="stmt" count="56"/>
        <line num="228" type="stmt" count="56"/>
        <line num="229" type="stmt" count="45"/>
        <line num="232" type="stmt" count="11"/>
        <line num="240" type="method" name="hasExtension" crap="1" count="56"/>
        <line num="242" type="stmt" count="56"/>
        <line num="255" type="method" name="parent" crap="3" count="69"/>
        <line num="259" type="stmt" count="69"/>
        <line num="260" type="stmt" count="55"/>
        <line num="261" type="stmt" count="55"/>
        <line num="263" type="stmt" count="69"/>
        <line num="264" type="stmt" count="69"/>
        <line num="265" type="stmt" count="69"/>
        <line num="266" type="stmt" count="69"/>
        <line num="268" type="stmt" count="69"/>
        <line num="269" type="stmt" count="69"/>
        <line num="271" type="stmt" count="69"/>
        <line num="273" type="stmt" count="69"/>
        <line num="274" type="stmt" count="50"/>
        <line num="275" type="stmt" count="50"/>
        <line num="277" type="stmt" count="69"/>
        <line num="287" type="method" name="stripTrailingSlash" crap="2" count="35"/>
        <line num="289" type="stmt" count="35"/>
        <line num="290" type="stmt" count="14"/>
        <line num="293" type="stmt" count="21"/>
        <line num="294" type="stmt" count="21"/>
        <line num="296" type="stmt" count="21"/>
        <line num="306" type="method" name="stripExtension" crap="1" count="42"/>
        <line num="308" type="stmt" count="42"/>
        <line num="318" type="method" name="stripNameSuffix" crap="1" count="42"/>
        <line num="320" type="stmt" count="42"/>
        <line num="334" type="method" name="joinAtoms" crap="1" count="127"/>
        <line num="336" type="stmt" count="127"/>
        <line num="349" type="method" name="joinAtomSequence" crap="2" count="299"/>
        <line num="351" type="stmt" count="299"/>
        <line num="352" type="stmt" count="5"/>
        <line num="353" type="stmt" count="5"/>
        <line num="355" type="stmt" count="299"/>
        <line num="356" type="stmt" count="299"/>
        <line num="358" type="stmt" count="299"/>
        <line num="370" type="method" name="join" crap="1" count="40"/>
        <line num="372" type="stmt" count="40"/>
        <line num="380" type="method" name="joinTrailingSlash" crap="2" count="31"/>
        <line num="382" type="stmt" count="31"/>
        <line num="383" type="stmt" count="7"/>
        <line num="386" type="stmt" count="24"/>
        <line num="387" type="stmt" count="24"/>
        <line num="388" type="stmt" count="24"/>
        <line num="390" type="stmt" count="24"/>
        <line num="404" type="method" name="joinExtensions" crap="1" count="56"/>
        <line num="406" type="stmt" count="56"/>
        <line num="419" type="method" name="joinExtensionSequence" crap="3" count="116"/>
        <line num="421" type="stmt" count="116"/>
        <line num="422" type="stmt" count="5"/>
        <line num="423" type="stmt" count="5"/>
        <line num="425" type="stmt" count="116"/>
        <line num="426" type="stmt" count="116"/>
        <line num="427" type="stmt" count="6"/>
        <line num="428" type="stmt" count="6"/>
        <line num="430" type="stmt" count="116"/>
        <line num="431" type="stmt" count="116"/>
        <line num="432" type="stmt" count="116"/>
        <line num="433" type="stmt" count="116"/>
        <line num="434" type="stmt" count="116"/>
        <line num="435" type="stmt" count="116"/>
        <line num="448" type="method" name="suffixName" crap="2" count="55"/>
        <line num="450" type="stmt" count="55"/>
        <line num="451" type="stmt" count="55"/>
        <line num="452" type="stmt" count="3"/>
        <line num="455" type="stmt" count="52"/>
        <line num="468" type="method" name="prefixName" crap="2" count="55"/>
        <line num="470" type="stmt" count="55"/>
        <line num="471" type="stmt" count="55"/>
        <line num="472" type="stmt" count="6"/>
        <line num="475" type="stmt" count="49"/>
        <line num="489" type="method" name="replace" crap="3" count="49"/>
        <line num="491" type="stmt" count="49"/>
        <line num="493" type="stmt" count="49"/>
        <line num="494" type="stmt" count="6"/>
        <line num="495" type="stmt" count="6"/>
        <line num="496" type="stmt" count="49"/>
        <line num="497" type="stmt" count="21"/>
        <line num="498" type="stmt" count="21"/>
        <line num="500" type="stmt" count="49"/>
        <line num="502" type="stmt" count="49"/>
        <line num="503" type="stmt" count="49"/>
        <line num="505" type="stmt" count="49"/>
        <line num="516" type="method" name="replaceName" crap="4" count="547"/>
        <line num="518" type="stmt" count="547"/>
        <line num="519" type="stmt" count="547"/>
        <line num="521" type="stmt" count="547"/>
        <line num="522" type="stmt" count="507"/>
        <line num="523" type="stmt" count="42"/>
        <line num="524" type="stmt" count="42"/>
        <line num="525" type="stmt" count="465"/>
        <line num="527" type="stmt" count="547"/>
        <line num="528" type="stmt" count="36"/>
        <line num="529" type="stmt" count="36"/>
        <line num="531" type="stmt" count="547"/>
        <line num="532" type="stmt" count="547"/>
        <line num="534" type="stmt" count="547"/>
        <line num="546" type="method" name="replaceNameWithoutExtension" crap="2" count="48"/>
        <line num="548" type="stmt" count="48"/>
        <line num="549" type="stmt" count="48"/>
        <line num="550" type="stmt" count="25"/>
        <line num="553" type="stmt" count="23"/>
        <line num="555" type="stmt" count="23"/>
        <line num="566" type="method" name="replaceNamePrefix" crap="1" count="48"/>
        <line num="568" type="stmt" count="48"/>
        <line num="580" type="method" name="replaceNameSuffix" crap="4" count="90"/>
        <line num="582" type="stmt" count="90"/>
        <line num="583" type="stmt" count="90"/>
        <line num="584" type="stmt" count="6"/>
        <line num="585" type="stmt" count="3"/>
        <line num="588" type="stmt" count="3"/>
        <line num="589" type="stmt" count="3"/>
        <line num="590" type="stmt" count="3"/>
        <line num="593" type="stmt" count="84"/>
        <line num="595" type="stmt" count="84"/>
        <line num="596" type="stmt" count="39"/>
        <line num="597" type="stmt" count="39"/>
        <line num="598" type="stmt" count="45"/>
        <line num="600" type="stmt" count="84"/>
        <line num="602" type="stmt" count="84"/>
        <line num="614" type="method" name="replaceExtension" crap="6" count="91"/>
        <line num="616" type="stmt" count="91"/>
        <line num="617" type="stmt" count="91"/>
        <line num="618" type="stmt" count="6"/>
        <line num="619" type="stmt" count="3"/>
        <line num="622" type="stmt" count="3"/>
        <line num="623" type="stmt" count="3"/>
        <line num="624" type="stmt" count="3"/>
        <line num="627" type="stmt" count="85"/>
        <line num="629" type="stmt" count="85"/>
        <line num="630" type="stmt" count="49"/>
        <line num="631" type="stmt" count="28"/>
        <line num="632" type="stmt" count="28"/>
        <line num="633" type="stmt" count="21"/>
        <line num="636" type="stmt" count="49"/>
        <line num="637" type="stmt" count="85"/>
        <line num="638" type="stmt" count="25"/>
        <line num="639" type="stmt" count="25"/>
        <line num="641" type="stmt" count="85"/>
        <line num="657" type="method" name="replaceNameAtoms" crap="3" count="89"/>
        <line num="659" type="stmt" count="89"/>
        <line num="661" type="stmt" count="89"/>
        <line num="662" type="stmt" count="6"/>
        <line num="663" type="stmt" count="6"/>
        <line num="664" type="stmt" count="89"/>
        <line num="665" type="stmt" count="14"/>
        <line num="666" type="stmt" count="14"/>
        <line num="668" type="stmt" count="89"/>
        <line num="670" type="stmt" count="89"/>
        <line num="680" type="method" name="normalize" crap="2" count="134"/>
        <line num="683" type="stmt" count="134"/>
        <line num="684" type="stmt" count="19"/>
        <line num="685" type="stmt" count="19"/>
        <line num="687" type="stmt" count="134"/>
        <line num="697" type="method" name="normalizeAtoms" crap="2" count="1398"/>
        <line num="699" type="stmt" count="1398"/>
        <line num="700" type="stmt" count="1398"/>
        <line num="701" type="stmt" count="1363"/>
        <line num="702" type="stmt" count="1271"/>
        <line num="703" type="stmt" count="1306"/>
        <line num="705" type="stmt" count="1306"/>
        <line num="711" type="method" name="validateAtom" crap="3" count="1363"/>
        <line num="713" type="stmt" count="1363"/>
        <line num="714" type="stmt" count="18"/>
        <line num="715" type="stmt" count="1357"/>
        <line num="716" type="stmt" count="78"/>
        <line num="718" type="stmt" count="1351"/>
        <line num="727" type="method" name="createPath" crap="2" count="515"/>
        <line num="732" type="stmt" count="515"/>
        <line num="733" type="stmt" count="266"/>
        <line num="734" type="stmt" count="266"/>
        <line num="736" type="stmt" count="266"/>
        <line num="739" type="stmt" count="249"/>
        <line num="740" type="stmt" count="249"/>
        <line num="742" type="stmt" count="249"/>
        <line num="748" type="method" name="createDefaultNormalizer" crap="1" count="28"/>
        <line num="750" type="stmt" count="28"/>
        <line num="756" type="stmt" count="0"/>
        <metrics loc="755" ncloc="440" classes="1" methods="39" coveredmethods="39" conditionals="0" coveredconditionals="0" statements="198" coveredstatements="198" elements="237" coveredelements="237"/>
      </file>
      <file name="/home/travis/build/eloquent/pathogen/src/Eloquent/Pathogen/RelativePath.php">
        <class name="RelativePath" namespace="Eloquent\Pathogen">
          <metrics methods="2" coveredmethods="2" conditionals="0" coveredconditionals="0" statements="9" coveredstatements="9" elements="11" coveredelements="11"/>
        </class>
        <line num="32" type="method" name="isSelf" crap="3" count="12"/>
        <line num="35" type="stmt" count="12"/>
        <line num="36" type="stmt" count="12"/>
        <line num="37" type="stmt" count="12"/>
        <line num="39" type="stmt" count="12"/>
        <line num="41" type="stmt" count="12"/>
        <line num="51" type="method" name="normalizeAtoms" crap="2" count="579"/>
        <line num="53" type="stmt" count="579"/>
        <line num="54" type="stmt" count="533"/>
        <line num="55" type="stmt" count="3"/>
        <line num="58" type="stmt" count="530"/>
        <line num="61" type="stmt" count="0"/>
        <metrics loc="60" ncloc="29" classes="1" methods="2" coveredmethods="2" conditionals="0" coveredconditionals="0" statements="9" coveredstatements="9" elements="11" coveredelements="11"/>
      </file>
    </package>
    <file name="/home/travis/build/eloquent/pathogen/src/Eloquent/Pathogen/AbsolutePathInterface.php">
      <line num="81" type="stmt" count="0"/>
      <metrics loc="80" ncloc="26" classes="0" methods="0" coveredmethods="0" conditionals="0" coveredconditionals="0" statements="0" coveredstatements="0" elements="0" coveredelements="0"/>
    </file>
    <package name="Eloquent\Pathogen\Exception">
      <file name="/home/travis/build/eloquent/pathogen/src/Eloquent/Pathogen/Exception/AbstractInvalidPathAtomException.php">
        <class name="AbstractInvalidPathAtomException" namespace="Eloquent\Pathogen\Exception">
          <metrics methods="3" coveredmethods="2" conditionals="0" coveredconditionals="0" statements="11" coveredstatements="11" elements="14" coveredelements="13"/>
        </class>
        <line num="29" type="method" name="__construct" crap="1" count="3"/>
        <line num="31" type="stmt" count="3"/>
        <line num="33" type="stmt" count="3"/>
        <line num="34" type="stmt" count="3"/>
        <line num="35" type="stmt" count="3"/>
        <line num="36" type="stmt" count="3"/>
        <line num="37" type="stmt" count="3"/>
        <line num="38" type="stmt" count="3"/>
        <line num="39" type="stmt" count="3"/>
        <line num="41" type="stmt" count="3"/>
        <line num="42" type="stmt" count="3"/>
        <line num="49" type="method" name="atom" crap="1" count="3"/>
        <line num="51" type="stmt" count="3"/>
        <line num="59" type="method" name="reason" crap="1" count="0"/>
        <line num="63" type="stmt" count="0"/>
        <metrics loc="62" ncloc="34" classes="1" methods="2" coveredmethods="2" conditionals="0" coveredconditionals="0" statements="11" coveredstatements="11" elements="13" coveredelements="13"/>
      </file>
      <file name="/home/travis/build/eloquent/pathogen/src/Eloquent/Pathogen/Exception/EmptyPathAtomException.php">
        <class name="EmptyPathAtomException" namespace="Eloquent\Pathogen\Exception">
          <metrics methods="2" coveredmethods="2" conditionals="0" coveredconditionals="0" statements="3" coveredstatements="3" elements="5" coveredelements="5"/>
        </class>
        <line num="26" type="method" name="__construct" crap="1" count="1"/>
        <line num="28" type="stmt" count="1"/>
        <line num="29" type="stmt" count="1"/>
        <line num="36" type="method" name="reason" crap="1" count="1"/>
        <line num="38" type="stmt" count="1"/>
        <line num="41" type="stmt" count="0"/>
        <metrics loc="40" ncloc="19" classes="1" methods="2" coveredmethods="2" conditionals="0" coveredconditionals="0" statements="3" coveredstatements="3" elements="5" coveredelements="5"/>
      </file>
      <file name="/home/travis/build/eloquent/pathogen/src/Eloquent/Pathogen/Exception/EmptyPathException.php">
        <class name="EmptyPathException" namespace="Eloquent\Pathogen\Exception">
          <metrics methods="1" coveredmethods="1" conditionals="0" coveredconditionals="0" statements="5" coveredstatements="5" elements="6" coveredelements="6"/>
        </class>
        <line num="27" type="method" name="__construct" crap="1" count="1"/>
        <line num="29" type="stmt" count="1"/>
        <line num="30" type="stmt" count="1"/>
        <line num="31" type="stmt" count="1"/>
        <line num="33" type="stmt" count="1"/>
        <line num="34" type="stmt" count="1"/>
        <line num="36" type="stmt" count="0"/>
        <metrics loc="35" ncloc="19" classes="1" methods="1" coveredmethods="1" conditionals="0" coveredconditionals="0" statements="5" coveredstatements="5" elements="6" coveredelements="6"/>
      </file>
      <file name="/home/travis/build/eloquent/pathogen/src/Eloquent/Pathogen/Exception/InvalidPathAtomCharacterException.php">
        <class name="InvalidPathAtomCharacterException" namespace="Eloquent\Pathogen\Exception">
          <metrics methods="3" coveredmethods="3" conditionals="0" coveredconditionals="0" statements="8" coveredstatements="8" elements="11" coveredelements="11"/>
        </class>
        <line num="28" type="method" name="__construct" crap="1" count="1"/>
        <line num="30" type="stmt" count="1"/>
        <line num="32" type="stmt" count="1"/>
        <line num="33" type="stmt" count="1"/>
        <line num="40" type="method" name="character" crap="1" count="1"/>
        <line num="42" type="stmt" count="1"/>
        <line num="50" type="method" name="reason" crap="1" count="1"/>
        <line num="52" type="stmt" count="1"/>
        <line num="53" type="stmt" count="1"/>
        <line num="54" type="stmt" count="1"/>
        <line num="55" type="stmt" count="1"/>
        <line num="60" type="stmt" count="0"/>
        <metrics loc="59" ncloc="31" classes="1" methods="3" coveredmethods="3" conditionals="0" coveredconditionals="0" statements="8" coveredstatements="8" elements="11" coveredelements="11"/>
      </file>
      <file name="/home/travis/build/eloquent/pathogen/src/Eloquent/Pathogen/Exception/InvalidPathStateException.php">
        <class name="InvalidPathStateException" namespace="Eloquent\Pathogen\Exception">
          <metrics methods="2" coveredmethods="2" conditionals="0" coveredconditionals="0" statements="7" coveredstatements="7" elements="9" coveredelements="9"/>
        </class>
        <line num="28" type="method" name="__construct" crap="1" count="1"/>
        <line num="30" type="stmt" count="1"/>
        <line num="32" type="stmt" count="1"/>
        <line num="33" type="stmt" count="1"/>
        <line num="34" type="stmt" count="1"/>
        <line num="36" type="stmt" count="1"/>
        <line num="37" type="stmt" count="1"/>
        <line num="44" type="method" name="reason" crap="1" count="1"/>
        <line num="46" type="stmt" count="1"/>
        <line num="51" type="stmt" count="0"/>
        <metrics loc="50" ncloc="28" classes="1" methods="2" coveredmethods="2" conditionals="0" coveredconditionals="0" statements="7" coveredstatements="7" elements="9" coveredelements="9"/>
      </file>
      <file name="/home/travis/build/eloquent/pathogen/src/Eloquent/Pathogen/Exception/PathAtomContainsSeparatorException.php">
        <class name="PathAtomContainsSeparatorException" namespace="Eloquent\Pathogen\Exception">
          <metrics methods="1" coveredmethods="1" conditionals="0" coveredconditionals="0" statements="1" coveredstatements="1" elements="2" coveredelements="2"/>
        </class>
        <line num="25" type="method" name="reason" crap="1" count="1"/>
        <line num="27" type="stmt" count="1"/>
        <line num="30" type="stmt" count="0"/>
        <metrics loc="29" ncloc="13" classes="1" methods="1" coveredmethods="1" conditionals="0" coveredconditionals="0" statements="1" coveredstatements="1" elements="2" coveredelements="2"/>
      </file>
    </package>
    <file name="/home/travis/build/eloquent/pathogen/src/Eloquent/Pathogen/Exception/InvalidPathAtomExceptionInterface.php">
      <line num="33" type="stmt" count="0"/>
      <metrics loc="32" ncloc="11" classes="0" methods="0" coveredmethods="0" conditionals="0" coveredconditionals="0" statements="0" coveredstatements="0" elements="0" coveredelements="0"/>
    </file>
    <package name="Eloquent\Pathogen\Factory\Consumer">
      <file name="/home/travis/build/eloquent/pathogen/src/Eloquent/Pathogen/Factory/Consumer/PathFactoryTrait.php">
        <class name="PathFactoryTrait" namespace="Eloquent\Pathogen\Factory\Consumer">
          <metrics methods="3" coveredmethods="3" conditionals="0" coveredconditionals="0" statements="7" coveredstatements="7" elements="10" coveredelements="10"/>
        </class>
        <line num="0" type="stmt" count="2"/>
        <line num="27" type="method" name="setPathFactory" crap="1" count="3"/>
        <line num="29" type="stmt" count="3"/>
        <line num="30" type="stmt" count="3"/>
        <line num="37" type="method" name="pathFactory" crap="2" count="7"/>
        <line num="39" type="stmt" count="7"/>
        <line num="40" type="stmt" count="4"/>
        <line num="41" type="stmt" count="4"/>
        <line num="43" type="stmt" count="7"/>
        <line num="49" type="method" name="createDefaultPathFactory" crap="1" count="1"/>
        <line num="51" type="stmt" count="1"/>
        <line num="56" type="stmt" count="1"/>
        <metrics loc="55" ncloc="31" classes="1" methods="3" coveredmethods="3" conditionals="0" coveredconditionals="0" statements="7" coveredstatements="7" elements="10" coveredelements="10"/>
      </file>
    </package>
    <package name="Eloquent\Pathogen\Factory">
      <file name="/home/travis/build/eloquent/pathogen/src/Eloquent/Pathogen/Factory/PathFactory.php">
        <class name="PathFactory" namespace="Eloquent\Pathogen\Factory">
          <metrics methods="2" coveredmethods="2" conditionals="0" coveredconditionals="0" statements="32" coveredstatements="32" elements="34" coveredelements="34"/>
        </class>
        <line num="0" type="stmt" count="0"/>
        <line num="31" type="method" name="create" crap="8" count="20"/>
        <line num="33" type="stmt" count="20"/>
        <line num="34" type="stmt" count="1"/>
        <line num="35" type="stmt" count="1"/>
        <line num="37" type="stmt" count="20"/>
        <line num="38" type="stmt" count="20"/>
        <line num="40" type="stmt" count="20"/>
        <line num="41" type="stmt" count="20"/>
        <line num="43" type="stmt" count="20"/>
        <line num="44" type="stmt" count="18"/>
        <line num="45" type="stmt" count="13"/>
        <line num="46" type="stmt" count="13"/>
        <line num="47" type="stmt" count="13"/>
        <line num="48" type="stmt" count="13"/>
        <line num="50" type="stmt" count="18"/>
        <line num="51" type="stmt" count="5"/>
        <line num="52" type="stmt" count="5"/>
        <line num="53" type="stmt" count="5"/>
        <line num="54" type="stmt" count="5"/>
        <line num="55" type="stmt" count="18"/>
        <line num="57" type="stmt" count="20"/>
        <line num="58" type="stmt" count="19"/>
        <line num="59" type="stmt" count="5"/>
        <line num="60" type="stmt" count="5"/>
        <line num="61" type="stmt" count="5"/>
        <line num="62" type="stmt" count="20"/>
        <line num="64" type="stmt" count="20"/>
        <line num="65" type="stmt" count="20"/>
        <line num="66" type="stmt" count="20"/>
        <line num="68" type="stmt" count="20"/>
        <line num="86" type="method" name="createFromAtoms" crap="2" count="33"/>
        <line num="91" type="stmt" count="33"/>
        <line num="92" type="stmt" count="19"/>
        <line num="95" type="stmt" count="15"/>
        <line num="98" type="stmt" count="0"/>
        <metrics loc="97" ncloc="64" classes="1" methods="2" coveredmethods="2" conditionals="0" coveredconditionals="0" statements="32" coveredstatements="32" elements="34" coveredelements="34"/>
      </file>
    </package>
    <file name="/home/travis/build/eloquent/pathogen/src/Eloquent/Pathogen/Factory/PathFactoryInterface.php">
      <line num="52" type="stmt" count="0"/>
      <metrics loc="51" ncloc="18" classes="0" methods="0" coveredmethods="0" conditionals="0" coveredconditionals="0" statements="0" coveredstatements="0" elements="0" coveredelements="0"/>
    </file>
    <file name="/home/travis/build/eloquent/pathogen/src/Eloquent/Pathogen/FileSystem/AbsoluteFileSystemPathInterface.php">
      <line num="24" type="stmt" count="0"/>
      <metrics loc="23" ncloc="12" classes="0" methods="0" coveredmethods="0" conditionals="0" coveredconditionals="0" statements="0" coveredstatements="0" elements="0" coveredelements="0"/>
    </file>
    <package name="Eloquent\Pathogen\FileSystem">
      <file name="/home/travis/build/eloquent/pathogen/src/Eloquent/Pathogen/FileSystem/AbstractAbsoluteFileSystemPath.php">
        <class name="AbstractAbsoluteFileSystemPath" namespace="Eloquent\Pathogen\FileSystem">
          <metrics methods="2" coveredmethods="2" conditionals="0" coveredconditionals="0" statements="5" coveredstatements="5" elements="7" coveredelements="7"/>
        </class>
        <line num="35" type="method" name="parent" crap="2" count="40"/>
        <line num="39" type="stmt" count="40"/>
        <line num="40" type="stmt" count="40"/>
        <line num="41" type="stmt" count="40"/>
        <line num="43" type="stmt" count="40"/>
        <line num="51" type="method" name="createDefaultNormalizer" crap="1" count="83"/>
        <line num="53" type="stmt" count="83"/>
        <line num="56" type="stmt" count="0"/>
        <metrics loc="55" ncloc="27" classes="1" methods="2" coveredmethods="2" conditionals="0" coveredconditionals="0" statements="5" coveredstatements="5" elements="7" coveredelements="7"/>
      </file>
      <file name="/home/travis/build/eloquent/pathogen/src/Eloquent/Pathogen/FileSystem/AbstractRelativeFileSystemPath.php">
        <class name="AbstractRelativeFileSystemPath" namespace="Eloquent\Pathogen\FileSystem">
          <metrics methods="2" coveredmethods="2" conditionals="0" coveredconditionals="0" statements="5" coveredstatements="5" elements="7" coveredelements="7"/>
        </class>
        <line num="35" type="method" name="parent" crap="2" count="10"/>
        <line num="39" type="stmt" count="10"/>
        <line num="40" type="stmt" count="10"/>
        <line num="41" type="stmt" count="10"/>
        <line num="43" type="stmt" count="10"/>
        <line num="51" type="method" name="createDefaultNormalizer" crap="1" count="20"/>
        <line num="53" type="stmt" count="20"/>
        <line num="56" type="stmt" count="0"/>
        <metrics loc="55" ncloc="27" classes="1" methods="2" coveredmethods="2" conditionals="0" coveredconditionals="0" statements="5" coveredstatements="5" elements="7" coveredelements="7"/>
      </file>
    </package>
    <package name="Eloquent\Pathogen\FileSystem\Factory">
      <file name="/home/travis/build/eloquent/pathogen/src/Eloquent/Pathogen/FileSystem/Factory/AbstractFileSystemPathFactory.php">
        <class name="AbstractFileSystemPathFactory" namespace="Eloquent\Pathogen\FileSystem\Factory">
          <metrics methods="8" coveredmethods="8" conditionals="0" coveredconditionals="0" statements="25" coveredstatements="25" elements="33" coveredelements="33"/>
        </class>
        <line num="35" type="method" name="__construct" crap="3" count="29"/>
        <line num="40" type="stmt" count="29"/>
        <line num="41" type="stmt" count="6"/>
        <line num="42" type="stmt" count="6"/>
        <line num="43" type="stmt" count="29"/>
        <line num="44" type="stmt" count="6"/>
        <line num="45" type="stmt" count="6"/>
        <line num="47" type="stmt" count="29"/>
        <line num="48" type="stmt" count="29"/>
        <line num="49" type="stmt" count="29"/>
        <line num="50" type="stmt" count="29"/>
        <line num="57" type="method" name="unixFactory" crap="1" count="17"/>
        <line num="59" type="stmt" count="17"/>
        <line num="67" type="method" name="windowsFactory" crap="1" count="13"/>
        <line num="69" type="stmt" count="13"/>
        <line num="78" type="method" name="createWorkingDirectoryPath" crap="1" count="5"/>
        <line num="80" type="stmt" count="5"/>
        <line num="81" type="stmt" count="5"/>
        <line num="90" type="method" name="createTemporaryDirectoryPath" crap="1" count="10"/>
        <line num="92" type="stmt" count="10"/>
        <line num="93" type="stmt" count="10"/>
        <line num="108" type="method" name="createTemporaryPath" crap="2" count="6"/>
        <line num="110" type="stmt" count="6"/>
        <line num="111" type="stmt" count="4"/>
        <line num="112" type="stmt" count="4"/>
        <line num="114" type="stmt" count="6"/>
        <line num="115" type="stmt" count="6"/>
        <line num="121" type="method" name="isolator" crap="1" count="19"/>
        <line num="123" type="stmt" count="19"/>
        <line num="129" type="method" name="factoryByPlatform" crap="2" count="19"/>
        <line num="131" type="stmt" count="19"/>
        <line num="132" type="stmt" count="8"/>
        <line num="135" type="stmt" count="11"/>
        <line num="142" type="stmt" count="1"/>
        <metrics loc="141" ncloc="81" classes="1" methods="8" coveredmethods="8" conditionals="0" coveredconditionals="0" statements="25" coveredstatements="25" elements="33" coveredelements="33"/>
      </file>
      <file name="/home/travis/build/eloquent/pathogen/src/Eloquent/Pathogen/FileSystem/Factory/FileSystemPathFactory.php">
        <class name="FileSystemPathFactory" namespace="Eloquent\Pathogen\FileSystem\Factory">
          <metrics methods="2" coveredmethods="2" conditionals="0" coveredconditionals="0" statements="7" coveredstatements="7" elements="9" coveredelements="9"/>
        </class>
        <line num="29" type="method" name="create" crap="2" count="2"/>
        <line num="31" type="stmt" count="2"/>
        <line num="32" type="stmt" count="1"/>
        <line num="35" type="stmt" count="1"/>
        <line num="53" type="method" name="createFromAtoms" crap="1" count="1"/>
        <line num="58" type="stmt" count="1"/>
        <line num="59" type="stmt" count="1"/>
        <line num="60" type="stmt" count="1"/>
        <line num="62" type="stmt" count="1"/>
        <line num="65" type="stmt" count="1"/>
        <metrics loc="64" ncloc="30" classes="1" methods="2" coveredmethods="2" conditionals="0" coveredconditionals="0" statements="7" coveredstatements="7" elements="9" coveredelements="9"/>
      </file>
      <file name="/home/travis/build/eloquent/pathogen/src/Eloquent/Pathogen/FileSystem/Factory/PlatformFileSystemPathFactory.php">
        <class name="PlatformFileSystemPathFactory" namespace="Eloquent\Pathogen\FileSystem\Factory">
          <metrics methods="2" coveredmethods="2" conditionals="0" coveredconditionals="0" statements="5" coveredstatements="5" elements="7" coveredelements="7"/>
        </class>
        <line num="29" type="method" name="create" crap="1" count="3"/>
        <line num="31" type="stmt" count="3"/>
        <line num="49" type="method" name="createFromAtoms" crap="1" count="2"/>
        <line num="54" type="stmt" count="2"/>
        <line num="55" type="stmt" count="2"/>
        <line num="56" type="stmt" count="2"/>
        <line num="58" type="stmt" count="2"/>
        <line num="61" type="stmt" count="1"/>
        <metrics loc="60" ncloc="26" classes="1" methods="2" coveredmethods="2" conditionals="0" coveredconditionals="0" statements="5" coveredstatements="5" elements="7" coveredelements="7"/>
      </file>
    </package>
    <package name="Eloquent\Pathogen\FileSystem\Factory\Consumer">
      <file name="/home/travis/build/eloquent/pathogen/src/Eloquent/Pathogen/FileSystem/Factory/Consumer/FileSystemPathFactoryTrait.php">
        <class name="FileSystemPathFactoryTrait" namespace="Eloquent\Pathogen\FileSystem\Factory\Consumer">
          <metrics methods="1" coveredmethods="1" conditionals="0" coveredconditionals="0" statements="1" coveredstatements="1" elements="2" coveredelements="2"/>
        </class>
        <line num="0" type="stmt" count="1"/>
        <line num="27" type="method" name="createDefaultPathFactory" crap="1" count="2"/>
        <line num="29" type="stmt" count="2"/>
        <line num="32" type="stmt" count="1"/>
        <metrics loc="31" ncloc="17" classes="1" methods="1" coveredmethods="1" conditionals="0" coveredconditionals="0" statements="1" coveredstatements="1" elements="2" coveredelements="2"/>
      </file>
      <file name="/home/travis/build/eloquent/pathogen/src/Eloquent/Pathogen/FileSystem/Factory/Consumer/PlatformFileSystemPathFactoryTrait.php">
        <class name="PlatformFileSystemPathFactoryTrait" namespace="Eloquent\Pathogen\FileSystem\Factory\Consumer">
          <metrics methods="1" coveredmethods="1" conditionals="0" coveredconditionals="0" statements="1" coveredstatements="1" elements="2" coveredelements="2"/>
        </class>
        <line num="28" type="method" name="createDefaultPathFactory" crap="1" count="1"/>
        <line num="30" type="stmt" count="1"/>
        <line num="33" type="stmt" count="1"/>
        <metrics loc="32" ncloc="17" classes="1" methods="1" coveredmethods="1" conditionals="0" coveredconditionals="0" statements="1" coveredstatements="1" elements="2" coveredelements="2"/>
      </file>
    </package>
    <file name="/home/travis/build/eloquent/pathogen/src/Eloquent/Pathogen/FileSystem/Factory/FileSystemPathFactoryInterface.php">
      <line num="52" type="stmt" count="1"/>
      <metrics loc="51" ncloc="16" classes="0" methods="0" coveredmethods="0" conditionals="0" coveredconditionals="0" statements="0" coveredstatements="0" elements="0" coveredelements="0"/>
    </file>
    <file name="/home/travis/build/eloquent/pathogen/src/Eloquent/Pathogen/FileSystem/FileSystemPathInterface.php">
      <line num="22" type="stmt" count="0"/>
      <metrics loc="21" ncloc="10" classes="0" methods="0" coveredmethods="0" conditionals="0" coveredconditionals="0" statements="0" coveredstatements="0" elements="0" coveredelements="0"/>
    </file>
    <package name="Eloquent\Pathogen\FileSystem\Normalizer">
      <file name="/home/travis/build/eloquent/pathogen/src/Eloquent/Pathogen/FileSystem/Normalizer/FileSystemPathNormalizer.php">
        <class name="FileSystemPathNormalizer" namespace="Eloquent\Pathogen\FileSystem\Normalizer">
          <metrics methods="4" coveredmethods="4" conditionals="0" coveredconditionals="0" statements="15" coveredstatements="15" elements="19" coveredelements="19"/>
        </class>
        <line num="34" type="method" name="__construct" crap="3" count="4"/>
        <line num="38" type="stmt" count="4"/>
        <line num="39" type="stmt" count="1"/>
        <line num="41" type="stmt" count="1"/>
        <line num="42" type="stmt" count="1"/>
        <line num="43" type="stmt" count="4"/>
        <line num="44" type="stmt" count="1"/>
        <line num="45" type="stmt" count="1"/>
        <line num="47" type="stmt" count="4"/>
        <line num="48" type="stmt" count="4"/>
        <line num="49" type="stmt" count="4"/>
        <line num="56" type="method" name="unixNormalizer" crap="1" count="3"/>
        <line num="58" type="stmt" count="3"/>
        <line num="67" type="method" name="windowsNormalizer" crap="1" count="3"/>
        <line num="69" type="stmt" count="3"/>
        <line num="79" type="method" name="normalize" crap="2" count="2"/>
        <line num="81" type="stmt" count="2"/>
        <line num="82" type="stmt" count="1"/>
        <line num="85" type="stmt" count="1"/>
        <line num="91" type="stmt" count="0"/>
        <metrics loc="90" ncloc="53" classes="1" methods="4" coveredmethods="4" conditionals="0" coveredconditionals="0" statements="15" coveredstatements="15" elements="19" coveredelements="19"/>
      </file>
    </package>
    <file name="/home/travis/build/eloquent/pathogen/src/Eloquent/Pathogen/FileSystem/RelativeFileSystemPathInterface.php">
      <line num="24" type="stmt" count="0"/>
      <metrics loc="23" ncloc="12" classes="0" methods="0" coveredmethods="0" conditionals="0" coveredconditionals="0" statements="0" coveredstatements="0" elements="0" coveredelements="0"/>
    </file>
    <package name="Eloquent\Pathogen\FileSystem\Resolver">
      <file name="/home/travis/build/eloquent/pathogen/src/Eloquent/Pathogen/FileSystem/Resolver/WorkingDirectoryResolver.php">
        <class name="WorkingDirectoryResolver" namespace="Eloquent\Pathogen\FileSystem\Resolver">
          <metrics methods="2" coveredmethods="2" conditionals="0" coveredconditionals="0" statements="11" coveredstatements="11" elements="13" coveredelements="13"/>
        </class>
        <line num="33" type="method" name="__construct" crap="3" count="5"/>
        <line num="38" type="stmt" count="5"/>
        <line num="39" type="stmt" count="2"/>
        <line num="40" type="stmt" count="2"/>
        <line num="42" type="stmt" count="5"/>
        <line num="44" type="stmt" count="5"/>
        <line num="45" type="stmt" count="2"/>
        <line num="46" type="stmt" count="2"/>
        <line num="47" type="stmt" count="2"/>
        <line num="49" type="stmt" count="5"/>
        <line num="50" type="stmt" count="5"/>
        <line num="57" type="method" name="factory" crap="1" count="4"/>
        <line num="59" type="stmt" count="4"/>
        <line num="64" type="stmt" count="0"/>
        <metrics loc="63" ncloc="39" classes="1" methods="2" coveredmethods="2" conditionals="0" coveredconditionals="0" statements="11" coveredstatements="11" elements="13" coveredelements="13"/>
      </file>
    </package>
    <package name="Eloquent\Pathogen\Normalizer">
      <file name="/home/travis/build/eloquent/pathogen/src/Eloquent/Pathogen/Normalizer/PathNormalizer.php">
        <class name="PathNormalizer" namespace="Eloquent\Pathogen\Normalizer">
          <metrics methods="7" coveredmethods="7" conditionals="0" coveredconditionals="0" statements="46" coveredstatements="46" elements="53" coveredelements="53"/>
        </class>
        <line num="30" type="method" name="__construct" crap="2" count="51"/>
        <line num="32" type="stmt" count="51"/>
        <line num="33" type="stmt" count="51"/>
        <line num="34" type="stmt" count="51"/>
        <line num="36" type="stmt" count="51"/>
        <line num="37" type="stmt" count="51"/>
        <line num="44" type="method" name="factory" crap="1" count="50"/>
        <line num="46" type="stmt" count="50"/>
        <line num="56" type="method" name="normalize" crap="2" count="50"/>
        <line num="58" type="stmt" count="50"/>
        <line num="59" type="stmt" count="19"/>
        <line num="62" type="stmt" count="31"/>
        <line num="70" type="method" name="normalizeAbsolutePath" crap="1" count="19"/>
        <line num="72" type="stmt" count="19"/>
        <line num="73" type="stmt" count="19"/>
        <line num="74" type="stmt" count="19"/>
        <line num="76" type="stmt" count="19"/>
        <line num="84" type="method" name="normalizeRelativePath" crap="1" count="31"/>
        <line num="86" type="stmt" count="31"/>
        <line num="87" type="stmt" count="31"/>
        <line num="88" type="stmt" count="31"/>
        <line num="90" type="stmt" count="31"/>
        <line num="98" type="method" name="normalizeAbsolutePathAtoms" crap="4" count="19"/>
        <line num="100" type="stmt" count="19"/>
        <line num="101" type="stmt" count="19"/>
        <line num="102" type="stmt" count="19"/>
        <line num="103" type="stmt" count="13"/>
        <line num="104" type="stmt" count="19"/>
        <line num="105" type="stmt" count="15"/>
        <line num="106" type="stmt" count="15"/>
        <line num="107" type="stmt" count="19"/>
        <line num="109" type="stmt" count="19"/>
        <line num="117" type="method" name="normalizeRelativePathAtoms" crap="7" count="31"/>
        <line num="119" type="stmt" count="31"/>
        <line num="120" type="stmt" count="31"/>
        <line num="121" type="stmt" count="31"/>
        <line num="123" type="stmt" count="31"/>
        <line num="124" type="stmt" count="31"/>
        <line num="125" type="stmt" count="29"/>
        <line num="126" type="stmt" count="29"/>
        <line num="127" type="stmt" count="29"/>
        <line num="130" type="stmt" count="31"/>
        <line num="131" type="stmt" count="31"/>
        <line num="132" type="stmt" count="19"/>
        <line num="133" type="stmt" count="31"/>
        <line num="134" type="stmt" count="15"/>
        <line num="135" type="stmt" count="15"/>
        <line num="136" type="stmt" count="15"/>
        <line num="137" type="stmt" count="31"/>
        <line num="139" type="stmt" count="31"/>
        <line num="140" type="stmt" count="4"/>
        <line num="141" type="stmt" count="4"/>
        <line num="143" type="stmt" count="31"/>
        <line num="148" type="stmt" count="0"/>
        <metrics loc="147" ncloc="99" classes="1" methods="7" coveredmethods="7" conditionals="0" coveredconditionals="0" statements="46" coveredstatements="46" elements="53" coveredelements="53"/>
      </file>
    </package>
    <file name="/home/travis/build/eloquent/pathogen/src/Eloquent/Pathogen/Normalizer/PathNormalizerInterface.php">
      <line num="30" type="stmt" count="0"/>
      <metrics loc="29" ncloc="11" classes="0" methods="0" coveredmethods="0" conditionals="0" coveredconditionals="0" statements="0" coveredstatements="0" elements="0" coveredelements="0"/>
    </file>
    <file name="/home/travis/build/eloquent/pathogen/src/Eloquent/Pathogen/PathInterface.php">
      <line num="385" type="stmt" count="0"/>
      <metrics loc="384" ncloc="88" classes="0" methods="0" coveredmethods="0" conditionals="0" coveredconditionals="0" statements="0" coveredstatements="0" elements="0" coveredelements="0"/>
    </file>
    <file name="/home/travis/build/eloquent/pathogen/src/Eloquent/Pathogen/RelativePathInterface.php">
      <line num="34" type="stmt" count="0"/>
      <metrics loc="33" ncloc="11" classes="0" methods="0" coveredmethods="0" conditionals="0" coveredconditionals="0" statements="0" coveredstatements="0" elements="0" coveredelements="0"/>
    </file>
    <package name="Eloquent\Pathogen\Resolver">
      <file name="/home/travis/build/eloquent/pathogen/src/Eloquent/Pathogen/Resolver/BoundPathResolver.php">
        <class name="BoundPathResolver" namespace="Eloquent\Pathogen\Resolver">
          <metrics methods="4" coveredmethods="4" conditionals="0" coveredconditionals="0" statements="9" coveredstatements="9" elements="13" coveredelements="13"/>
        </class>
        <line num="28" type="method" name="__construct" crap="2" count="4"/>
        <line num="32" type="stmt" count="4"/>
        <line num="33" type="stmt" count="2"/>
        <line num="34" type="stmt" count="2"/>
        <line num="36" type="stmt" count="4"/>
        <line num="37" type="stmt" count="4"/>
        <line num="38" type="stmt" count="4"/>
        <line num="45" type="method" name="basePath" crap="1" count="3"/>
        <line num="47" type="stmt" count="3"/>
        <line num="55" type="method" name="resolver" crap="1" count="4"/>
        <line num="57" type="stmt" count="4"/>
        <line num="67" type="method" name="resolve" crap="1" count="2"/>
        <line num="69" type="stmt" count="2"/>
        <line num="75" type="stmt" count="0"/>
        <metrics loc="74" ncloc="40" classes="1" methods="4" coveredmethods="4" conditionals="0" coveredconditionals="0" statements="9" coveredstatements="9" elements="13" coveredelements="13"/>
      </file>
      <file name="/home/travis/build/eloquent/pathogen/src/Eloquent/Pathogen/Resolver/NormalizingPathResolver.php">
        <class name="NormalizingPathResolver" namespace="Eloquent\Pathogen\Resolver">
          <metrics methods="4" coveredmethods="4" conditionals="0" coveredconditionals="0" statements="14" coveredstatements="14" elements="18" coveredelements="18"/>
        </class>
        <line num="31" type="method" name="__construct" crap="3" count="5"/>
        <line num="35" type="stmt" count="5"/>
        <line num="36" type="stmt" count="3"/>
        <line num="37" type="stmt" count="3"/>
        <line num="38" type="stmt" count="5"/>
        <line num="39" type="stmt" count="3"/>
        <line num="40" type="stmt" count="3"/>
        <line num="42" type="stmt" count="5"/>
        <line num="43" type="stmt" count="5"/>
        <line num="44" type="stmt" count="5"/>
        <line num="51" type="method" name="normalizer" crap="1" count="4"/>
        <line num="53" type="stmt" count="4"/>
        <line num="61" type="method" name="resolver" crap="1" count="4"/>
        <line num="63" type="stmt" count="4"/>
        <line num="74" type="method" name="resolve" crap="1" count="2"/>
        <line num="78" type="stmt" count="2"/>
        <line num="79" type="stmt" count="2"/>
        <line num="80" type="stmt" count="2"/>
        <line num="86" type="stmt" count="1"/>
        <metrics loc="85" ncloc="49" classes="1" methods="4" coveredmethods="4" conditionals="0" coveredconditionals="0" statements="14" coveredstatements="14" elements="18" coveredelements="18"/>
      </file>
      <file name="/home/travis/build/eloquent/pathogen/src/Eloquent/Pathogen/Resolver/PathResolver.php">
        <class name="PathResolver" namespace="Eloquent\Pathogen\Resolver">
          <metrics methods="1" coveredmethods="1" conditionals="0" coveredconditionals="0" statements="3" coveredstatements="3" elements="4" coveredelements="4"/>
        </class>
        <line num="30" type="method" name="resolve" crap="2" count="20"/>
        <line num="34" type="stmt" count="20"/>
        <line num="35" type="stmt" count="4"/>
        <line num="38" type="stmt" count="16"/>
        <line num="41" type="stmt" count="0"/>
        <metrics loc="40" ncloc="21" classes="1" methods="1" coveredmethods="1" conditionals="0" coveredconditionals="0" statements="3" coveredstatements="3" elements="4" coveredelements="4"/>
      </file>
    </package>
    <file name="/home/travis/build/eloquent/pathogen/src/Eloquent/Pathogen/Resolver/BoundPathResolverInterface.php">
      <line num="30" type="stmt" count="0"/>
      <metrics loc="29" ncloc="11" classes="0" methods="0" coveredmethods="0" conditionals="0" coveredconditionals="0" statements="0" coveredstatements="0" elements="0" coveredelements="0"/>
    </file>
    <package name="Eloquent\Pathogen\Resolver\Consumer">
      <file name="/home/travis/build/eloquent/pathogen/src/Eloquent/Pathogen/Resolver/Consumer/NormalizingPathResolverTrait.php">
        <class name="NormalizingPathResolverTrait" namespace="Eloquent\Pathogen\Resolver\Consumer">
          <metrics methods="1" coveredmethods="1" conditionals="0" coveredconditionals="0" statements="1" coveredstatements="1" elements="2" coveredelements="2"/>
        </class>
        <line num="26" type="method" name="createDefaultPathResolver" crap="1" count="1"/>
        <line num="28" type="stmt" count="1"/>
        <line num="31" type="stmt" count="1"/>
        <metrics loc="30" ncloc="16" classes="1" methods="1" coveredmethods="1" conditionals="0" coveredconditionals="0" statements="1" coveredstatements="1" elements="2" coveredelements="2"/>
      </file>
      <file name="/home/travis/build/eloquent/pathogen/src/Eloquent/Pathogen/Resolver/Consumer/PathResolverTrait.php">
        <class name="PathResolverTrait" namespace="Eloquent\Pathogen\Resolver\Consumer">
          <metrics methods="3" coveredmethods="3" conditionals="0" coveredconditionals="0" statements="7" coveredstatements="7" elements="10" coveredelements="10"/>
        </class>
        <line num="0" type="stmt" count="1"/>
        <line num="27" type="method" name="setPathResolver" crap="1" count="2"/>
        <line num="29" type="stmt" count="2"/>
        <line num="30" type="stmt" count="2"/>
        <line num="37" type="method" name="pathResolver" crap="2" count="4"/>
        <line num="39" type="stmt" count="4"/>
        <line num="40" type="stmt" count="2"/>
        <line num="41" type="stmt" count="2"/>
        <line num="43" type="stmt" count="4"/>
        <line num="49" type="method" name="createDefaultPathResolver" crap="1" count="1"/>
        <line num="51" type="stmt" count="1"/>
        <line num="56" type="stmt" count="1"/>
        <metrics loc="55" ncloc="31" classes="1" methods="3" coveredmethods="3" conditionals="0" coveredconditionals="0" statements="7" coveredstatements="7" elements="10" coveredelements="10"/>
      </file>
    </package>
    <file name="/home/travis/build/eloquent/pathogen/src/Eloquent/Pathogen/Resolver/PathResolverInterface.php">
      <line num="35" type="stmt" count="0"/>
      <metrics loc="34" ncloc="15" classes="0" methods="0" coveredmethods="0" conditionals="0" coveredconditionals="0" statements="0" coveredstatements="0" elements="0" coveredelements="0"/>
    </file>
    <package name="Eloquent\Pathogen\Unix">
      <file name="/home/travis/build/eloquent/pathogen/src/Eloquent/Pathogen/Unix/AbsoluteUnixPath.php">
        <class name="AbsoluteUnixPath" namespace="Eloquent\Pathogen\Unix">
          <metrics methods="0" coveredmethods="0" conditionals="0" coveredconditionals="0" statements="0" coveredstatements="0" elements="0" coveredelements="0"/>
        </class>
        <line num="23" type="stmt" count="0"/>
        <metrics loc="22" ncloc="11" classes="1" methods="0" coveredmethods="0" conditionals="0" coveredconditionals="0" statements="0" coveredstatements="0" elements="0" coveredelements="0"/>
      </file>
      <file name="/home/travis/build/eloquent/pathogen/src/Eloquent/Pathogen/Unix/RelativeUnixPath.php">
        <class name="RelativeUnixPath" namespace="Eloquent\Pathogen\Unix">
          <metrics methods="0" coveredmethods="0" conditionals="0" coveredconditionals="0" statements="0" coveredstatements="0" elements="0" coveredelements="0"/>
        </class>
        <line num="23" type="stmt" count="0"/>
        <metrics loc="22" ncloc="11" classes="1" methods="0" coveredmethods="0" conditionals="0" coveredconditionals="0" statements="0" coveredstatements="0" elements="0" coveredelements="0"/>
      </file>
    </package>
    <file name="/home/travis/build/eloquent/pathogen/src/Eloquent/Pathogen/Unix/AbsoluteUnixPathInterface.php">
      <line num="24" type="stmt" count="0"/>
      <metrics loc="23" ncloc="12" classes="0" methods="0" coveredmethods="0" conditionals="0" coveredconditionals="0" statements="0" coveredstatements="0" elements="0" coveredelements="0"/>
    </file>
    <package name="Eloquent\Pathogen\Unix\Factory">
      <file name="/home/travis/build/eloquent/pathogen/src/Eloquent/Pathogen/Unix/Factory/UnixPathFactory.php">
        <class name="UnixPathFactory" namespace="Eloquent\Pathogen\Unix\Factory">
          <metrics methods="1" coveredmethods="1" conditionals="0" coveredconditionals="0" statements="3" coveredstatements="3" elements="4" coveredelements="4"/>
        </class>
        <line num="40" type="method" name="createFromAtoms" crap="2" count="29"/>
        <line num="45" type="stmt" count="29"/>
        <line num="46" type="stmt" count="15"/>
        <line num="49" type="stmt" count="15"/>
        <line num="52" type="stmt" count="1"/>
        <metrics loc="51" ncloc="25" classes="1" methods="1" coveredmethods="1" conditionals="0" coveredconditionals="0" statements="3" coveredstatements="3" elements="4" coveredelements="4"/>
      </file>
    </package>
    <file name="/home/travis/build/eloquent/pathogen/src/Eloquent/Pathogen/Unix/RelativeUnixPathInterface.php">
      <line num="24" type="stmt" count="0"/>
      <metrics loc="23" ncloc="12" classes="0" methods="0" coveredmethods="0" conditionals="0" coveredconditionals="0" statements="0" coveredstatements="0" elements="0" coveredelements="0"/>
    </file>
    <file name="/home/travis/build/eloquent/pathogen/src/Eloquent/Pathogen/Unix/UnixPathInterface.php">
      <line num="22" type="stmt" count="0"/>
      <metrics loc="21" ncloc="10" classes="0" methods="0" coveredmethods="0" conditionals="0" coveredconditionals="0" statements="0" coveredstatements="0" elements="0" coveredelements="0"/>
    </file>
    <package name="Eloquent\Pathogen\Windows">
      <file name="/home/travis/build/eloquent/pathogen/src/Eloquent/Pathogen/Windows/AbsoluteWindowsPath.php">
        <class name="AbsoluteWindowsPath" namespace="Eloquent\Pathogen\Windows">
          <metrics methods="13" coveredmethods="13" conditionals="0" coveredconditionals="0" statements="70" coveredstatements="70" elements="83" coveredelements="83"/>
        </class>
        <line num="41" type="method" name="__construct" crap="3" count="457"/>
        <line num="43" type="stmt" count="457"/>
        <line num="44" type="stmt" count="2"/>
        <line num="47" type="stmt" count="455"/>
        <line num="49" type="stmt" count="413"/>
        <line num="50" type="stmt" count="413"/>
        <line num="60" type="method" name="drive" crap="1" count="372"/>
        <line num="62" type="stmt" count="372"/>
        <line num="70" type="method" name="hasDrive" crap="1" count="14"/>
        <line num="72" type="stmt" count="14"/>
        <line num="84" type="method" name="joinDrive" crap="1" count="4"/>
        <line num="86" type="stmt" count="4"/>
        <line num="87" type="stmt" count="4"/>
        <line num="88" type="stmt" count="4"/>
        <line num="90" type="stmt" count="4"/>
        <line num="100" type="method" name="string" crap="4" count="230"/>
        <line num="102" type="stmt" count="230"/>
        <line num="103" type="stmt" count="230"/>
        <line num="106" type="stmt" count="115"/>
        <line num="107" type="stmt" count="115"/>
        <line num="108" type="stmt" count="115"/>
        <line num="109" type="stmt" count="115"/>
        <line num="110" type="stmt" count="115"/>
        <line num="114" type="stmt" count="115"/>
        <line num="115" type="stmt" count="115"/>
        <line num="116" type="stmt" count="115"/>
        <line num="117" type="stmt" count="115"/>
        <line num="132" type="method" name="isParentOf" crap="3" count="20"/>
        <line num="136" type="stmt" count="20"/>
        <line num="137" type="stmt" count="20"/>
        <line num="138" type="stmt" count="20"/>
        <line num="140" type="stmt" count="20"/>
        <line num="141" type="stmt" count="2"/>
        <line num="144" type="stmt" count="18"/>
        <line num="156" type="method" name="isAncestorOf" crap="3" count="20"/>
        <line num="160" type="stmt" count="20"/>
        <line num="161" type="stmt" count="20"/>
        <line num="162" type="stmt" count="20"/>
        <line num="164" type="stmt" count="20"/>
        <line num="165" type="stmt" count="2"/>
        <line num="168" type="stmt" count="18"/>
        <line num="185" type="method" name="relativeTo" crap="3" count="19"/>
        <line num="189" type="stmt" count="19"/>
        <line num="190" type="stmt" count="19"/>
        <line num="191" type="stmt" count="19"/>
        <line num="193" type="stmt" count="19"/>
        <line num="194" type="stmt" count="19"/>
        <line num="195" type="stmt" count="19"/>
        <line num="196" type="stmt" count="2"/>
        <line num="197" type="stmt" count="2"/>
        <line num="199" type="stmt" count="2"/>
        <line num="202" type="stmt" count="17"/>
        <line num="210" type="method" name="validateAtom" crap="3" count="439"/>
        <line num="212" type="stmt" count="439"/>
        <line num="214" type="stmt" count="437"/>
        <line num="215" type="stmt" count="4"/>
        <line num="216" type="stmt" count="436"/>
        <line num="217" type="stmt" count="117"/>
        <line num="219" type="stmt" count="397"/>
        <line num="226" type="method" name="normalizePathDriveSpecifier" crap="3" count="39"/>
        <line num="228" type="stmt" count="39"/>
        <line num="229" type="stmt" count="39"/>
        <line num="230" type="stmt" count="39"/>
        <line num="231" type="stmt" count="22"/>
        <line num="232" type="stmt" count="22"/>
        <line num="234" type="stmt" count="39"/>
        <line num="237" type="stmt" count="3"/>
        <line num="246" type="method" name="driveSpecifiersMatch" crap="1" count="20"/>
        <line num="250" type="stmt" count="20"/>
        <line num="251" type="stmt" count="20"/>
        <line num="253" type="stmt" count="20"/>
        <line num="263" type="method" name="createPath" crap="2" count="333"/>
        <line num="268" type="stmt" count="333"/>
        <line num="269" type="stmt" count="316"/>
        <line num="270" type="stmt" count="316"/>
        <line num="271" type="stmt" count="316"/>
        <line num="273" type="stmt" count="316"/>
        <line num="276" type="stmt" count="17"/>
        <line num="286" type="method" name="createPathWithDrive" crap="1" count="320"/>
        <line num="291" type="stmt" count="320"/>
        <line num="292" type="stmt" count="320"/>
        <line num="293" type="stmt" count="320"/>
        <line num="295" type="stmt" count="320"/>
        <line num="300" type="stmt" count="0"/>
        <metrics loc="299" ncloc="180" classes="1" methods="13" coveredmethods="13" conditionals="0" coveredconditionals="0" statements="70" coveredstatements="70" elements="83" coveredelements="83"/>
      </file>
      <file name="/home/travis/build/eloquent/pathogen/src/Eloquent/Pathogen/Windows/RelativeWindowsPath.php">
        <class name="RelativeWindowsPath" namespace="Eloquent\Pathogen\Windows">
          <metrics methods="2" coveredmethods="2" conditionals="0" coveredconditionals="0" statements="7" coveredstatements="7" elements="9" coveredelements="9"/>
        </class>
        <line num="27" type="method" name="validateAtom" crap="3" count="270"/>
        <line num="29" type="stmt" count="270"/>
        <line num="31" type="stmt" count="268"/>
        <line num="32" type="stmt" count="3"/>
        <line num="33" type="stmt" count="267"/>
        <line num="34" type="stmt" count="117"/>
        <line num="36" type="stmt" count="228"/>
        <line num="45" type="method" name="createPath" crap="1" count="193"/>
        <line num="50" type="stmt" count="193"/>
        <line num="53" type="stmt" count="0"/>
        <metrics loc="52" ncloc="31" classes="1" methods="2" coveredmethods="2" conditionals="0" coveredconditionals="0" statements="7" coveredstatements="7" elements="9" coveredelements="9"/>
      </file>
    </package>
    <file name="/home/travis/build/eloquent/pathogen/src/Eloquent/Pathogen/Windows/AbsoluteWindowsPathInterface.php">
      <line num="49" type="stmt" count="0"/>
      <metrics loc="48" ncloc="17" classes="0" methods="0" coveredmethods="0" conditionals="0" coveredconditionals="0" statements="0" coveredstatements="0" elements="0" coveredelements="0"/>
    </file>
    <package name="Eloquent\Pathogen\Windows\Exception">
      <file name="/home/travis/build/eloquent/pathogen/src/Eloquent/Pathogen/Windows/Exception/DriveMismatchException.php">
        <class name="DriveMismatchException" namespace="Eloquent\Pathogen\Windows\Exception">
          <metrics methods="3" coveredmethods="3" conditionals="0" coveredconditionals="0" statements="13" coveredstatements="13" elements="16" coveredelements="16"/>
        </class>
        <line num="28" type="method" name="__construct" crap="1" count="1"/>
        <line num="33" type="stmt" count="1"/>
        <line num="34" type="stmt" count="1"/>
        <line num="36" type="stmt" count="1"/>
        <line num="37" type="stmt" count="1"/>
        <line num="38" type="stmt" count="1"/>
        <line num="39" type="stmt" count="1"/>
        <line num="40" type="stmt" count="1"/>
        <line num="41" type="stmt" count="1"/>
        <line num="42" type="stmt" count="1"/>
        <line num="44" type="stmt" count="1"/>
        <line num="45" type="stmt" count="1"/>
        <line num="52" type="method" name="leftDrive" crap="1" count="1"/>
        <line num="54" type="stmt" count="1"/>
        <line num="62" type="method" name="rightDrive" crap="1" count="1"/>
        <line num="64" type="stmt" count="1"/>
        <line num="70" type="stmt" count="0"/>
        <metrics loc="69" ncloc="41" classes="1" methods="3" coveredmethods="3" conditionals="0" coveredconditionals="0" statements="13" coveredstatements="13" elements="16" coveredelements="16"/>
      </file>
      <file name="/home/travis/build/eloquent/pathogen/src/Eloquent/Pathogen/Windows/Exception/InvalidDriveSpecifierException.php">
        <class name="InvalidDriveSpecifierException" namespace="Eloquent\Pathogen\Windows\Exception">
          <metrics methods="2" coveredmethods="2" conditionals="0" coveredconditionals="0" statements="7" coveredstatements="7" elements="9" coveredelements="9"/>
        </class>
        <line num="27" type="method" name="__construct" crap="1" count="1"/>
        <line num="29" type="stmt" count="1"/>
        <line num="31" type="stmt" count="1"/>
        <line num="32" type="stmt" count="1"/>
        <line num="33" type="stmt" count="1"/>
        <line num="35" type="stmt" count="1"/>
        <line num="36" type="stmt" count="1"/>
        <line num="43" type="method" name="drive" crap="1" count="1"/>
        <line num="45" type="stmt" count="1"/>
        <line num="50" type="stmt" count="0"/>
        <metrics loc="49" ncloc="27" classes="1" methods="2" coveredmethods="2" conditionals="0" coveredconditionals="0" statements="7" coveredstatements="7" elements="9" coveredelements="9"/>
      </file>
    </package>
    <package name="Eloquent\Pathogen\Windows\Factory">
      <file name="/home/travis/build/eloquent/pathogen/src/Eloquent/Pathogen/Windows/Factory/WindowsPathFactory.php">
        <class name="WindowsPathFactory" namespace="Eloquent\Pathogen\Windows\Factory">
          <metrics methods="5" coveredmethods="5" conditionals="0" coveredconditionals="0" statements="50" coveredstatements="50" elements="55" coveredelements="55"/>
        </class>
        <line num="33" type="method" name="__construct" crap="1" count="76"/>
        <line num="35" type="stmt" count="76"/>
        <line num="36" type="stmt" count="76"/>
        <line num="43" type="method" name="defaultDrive" crap="1" count="19"/>
        <line num="45" type="stmt" count="19"/>
        <line num="57" type="method" name="create" crap="8" count="23"/>
        <line num="59" type="stmt" count="23"/>
        <line num="60" type="stmt" count="23"/>
        <line num="61" type="stmt" count="23"/>
        <line num="63" type="stmt" count="23"/>
        <line num="64" type="stmt" count="23"/>
        <line num="65" type="stmt" count="9"/>
        <line num="66" type="stmt" count="9"/>
        <line num="67" type="stmt" count="9"/>
        <line num="68" type="stmt" count="9"/>
        <line num="69" type="stmt" count="23"/>
        <line num="71" type="stmt" count="23"/>
        <line num="72" type="stmt" count="20"/>
        <line num="73" type="stmt" count="9"/>
        <line num="74" type="stmt" count="9"/>
        <line num="75" type="stmt" count="9"/>
        <line num="76" type="stmt" count="9"/>
        <line num="78" type="stmt" count="20"/>
        <line num="79" type="stmt" count="9"/>
        <line num="80" type="stmt" count="9"/>
        <line num="81" type="stmt" count="9"/>
        <line num="82" type="stmt" count="9"/>
        <line num="83" type="stmt" count="20"/>
        <line num="85" type="stmt" count="23"/>
        <line num="86" type="stmt" count="21"/>
        <line num="87" type="stmt" count="8"/>
        <line num="88" type="stmt" count="8"/>
        <line num="89" type="stmt" count="8"/>
        <line num="90" type="stmt" count="23"/>
        <line num="92" type="stmt" count="23"/>
        <line num="93" type="stmt" count="23"/>
        <line num="94" type="stmt" count="23"/>
        <line num="95" type="stmt" count="23"/>
        <line num="97" type="stmt" count="23"/>
        <line num="115" type="method" name="createFromAtoms" crap="2" count="23"/>
        <line num="120" type="stmt" count="23"/>
        <line num="121" type="stmt" count="23"/>
        <line num="122" type="stmt" count="23"/>
        <line num="123" type="stmt" count="23"/>
        <line num="125" type="stmt" count="23"/>
        <line num="147" type="method" name="createFromDriveAndAtoms" crap="4" count="70"/>
        <line num="153" type="stmt" count="70"/>
        <line num="154" type="stmt" count="1"/>
        <line num="156" type="stmt" count="1"/>
        <line num="159" type="stmt" count="69"/>
        <line num="160" type="stmt" count="51"/>
        <line num="161" type="stmt" count="51"/>
        <line num="162" type="stmt" count="51"/>
        <line num="164" type="stmt" count="51"/>
        <line num="167" type="stmt" count="18"/>
        <line num="172" type="stmt" count="1"/>
        <metrics loc="171" ncloc="106" classes="1" methods="5" coveredmethods="5" conditionals="0" coveredconditionals="0" statements="50" coveredstatements="50" elements="55" coveredelements="55"/>
      </file>
    </package>
    <file name="/home/travis/build/eloquent/pathogen/src/Eloquent/Pathogen/Windows/Factory/WindowsPathFactoryInterface.php">
      <line num="47" type="stmt" count="1"/>
      <metrics loc="46" ncloc="18" classes="0" methods="0" coveredmethods="0" conditionals="0" coveredconditionals="0" statements="0" coveredstatements="0" elements="0" coveredelements="0"/>
    </file>
    <package name="Eloquent\Pathogen\Windows\Normalizer">
      <file name="/home/travis/build/eloquent/pathogen/src/Eloquent/Pathogen/Windows/Normalizer/WindowsPathNormalizer.php">
        <class name="WindowsPathNormalizer" namespace="Eloquent\Pathogen\Windows\Normalizer">
          <metrics methods="4" coveredmethods="4" conditionals="0" coveredconditionals="0" statements="16" coveredstatements="16" elements="20" coveredelements="20"/>
        </class>
        <line num="30" type="method" name="__construct" crap="2" count="66"/>
        <line num="32" type="stmt" count="66"/>
        <line num="33" type="stmt" count="66"/>
        <line num="34" type="stmt" count="66"/>
        <line num="36" type="stmt" count="66"/>
        <line num="37" type="stmt" count="66"/>
        <line num="46" type="method" name="normalize" crap="2" count="66"/>
        <line num="48" type="stmt" count="66"/>
        <line num="49" type="stmt" count="35"/>
        <line num="52" type="stmt" count="31"/>
        <line num="60" type="method" name="normalizeAbsoluteWindowsPath" crap="1" count="35"/>
        <line num="63" type="stmt" count="35"/>
        <line num="64" type="stmt" count="35"/>
        <line num="65" type="stmt" count="35"/>
        <line num="66" type="stmt" count="35"/>
        <line num="68" type="stmt" count="35"/>
        <line num="76" type="method" name="normalizeDriveSpecifier" crap="2" count="35"/>
        <line num="78" type="stmt" count="35"/>
        <line num="79" type="stmt" count="17"/>
        <line num="82" type="stmt" count="18"/>
        <line num="85" type="stmt" count="0"/>
        <metrics loc="84" ncloc="51" classes="1" methods="4" coveredmethods="4" conditionals="0" coveredconditionals="0" statements="16" coveredstatements="16" elements="20" coveredelements="20"/>
      </file>
    </package>
    <file name="/home/travis/build/eloquent/pathogen/src/Eloquent/Pathogen/Windows/RelativeWindowsPathInterface.php">
      <line num="24" type="stmt" count="0"/>
      <metrics loc="23" ncloc="12" classes="0" methods="0" coveredmethods="0" conditionals="0" coveredconditionals="0" statements="0" coveredstatements="0" elements="0" coveredelements="0"/>
    </file>
    <file name="/home/travis/build/eloquent/pathogen/src/Eloquent/Pathogen/Windows/WindowsPathInterface.php">
      <line num="22" type="stmt" count="0"/>
      <metrics loc="21" ncloc="10" classes="0" methods="0" coveredmethods="0" conditionals="0" coveredconditionals="0" statements="0" coveredstatements="0" elements="0" coveredelements="0"/>
    </file>
    <metrics files="54" loc="4241" ncloc="2190" classes="35" methods="137" coveredmethods="137" conditionals="0" coveredconditionals="0" statements="644" coveredstatements="644" elements="781" coveredelements="781"/>
  </project>
</coverage>
