<?xml version="1.0" encoding="UTF-8"?>
<testsuites>
  <testsuite name="" tests="1025" assertions="2089" failures="0" errors="0" time="5.323895">
    <testsuite name="Eloquent\Pathogen\AbsolutePathTest" file="/home/travis/build/eloquent/pathogen/test/suite/Eloquent/Pathogen/AbsolutePathTest.php" namespace="Eloquent\Pathogen" fullPackage="Eloquent.Pathogen" tests="112" assertions="194" failures="0" errors="0" time="0.477713">
      <testsuite name="Eloquent\Pathogen\AbsolutePathTest::testConstructor" tests="7" assertions="28" failures="0" errors="0" time="0.045972">
        <testcase name="testConstructor with data set &quot;Root&quot;" assertions="4" time="0.018875"/>
        <testcase name="testConstructor with data set &quot;Single atom&quot;" assertions="4" time="0.004811"/>
        <testcase name="testConstructor with data set &quot;Trailing slash&quot;" assertions="4" time="0.004621"/>
        <testcase name="testConstructor with data set &quot;Multiple atoms&quot;" assertions="4" time="0.004308"/>
        <testcase name="testConstructor with data set &quot;Parent atom&quot;" assertions="4" time="0.004523"/>
        <testcase name="testConstructor with data set &quot;Self atom&quot;" assertions="4" time="0.004352"/>
        <testcase name="testConstructor with data set &quot;Whitespace&quot;" assertions="4" time="0.004482"/>
      </testsuite>
      <testcase name="testConstructorDefaults" class="Eloquent\Pathogen\AbsolutePathTest" file="/home/travis/build/eloquent/pathogen/test/suite/Eloquent/Pathogen/AbsolutePathTest.php" line="59" assertions="1" time="0.003736"/>
      <testcase name="testConstructorFailureAtomContainingSeparator" class="Eloquent\Pathogen\AbsolutePathTest" file="/home/travis/build/eloquent/pathogen/test/suite/Eloquent/Pathogen/AbsolutePathTest.php" line="66" assertions="2" time="0.005773"/>
      <testcase name="testConstructorFailureEmptyAtom" class="Eloquent\Pathogen\AbsolutePathTest" file="/home/travis/build/eloquent/pathogen/test/suite/Eloquent/Pathogen/AbsolutePathTest.php" line="75" assertions="1" time="0.003736"/>
      <testsuite name="Eloquent\Pathogen\AbsolutePathTest::testNamePartMethods" tests="8" assertions="48" failures="0" errors="0" time="0.038080">
        <testcase name="testNamePartMethods with data set &quot;Root&quot;" assertions="6" time="0.004814"/>
        <testcase name="testNamePartMethods with data set &quot;No extensions&quot;" assertions="6" time="0.004686"/>
        <testcase name="testNamePartMethods with data set &quot;Empty extension&quot;" assertions="6" time="0.004783"/>
        <testcase name="testNamePartMethods with data set &quot;Whitespace extension&quot;" assertions="6" time="0.004635"/>
        <testcase name="testNamePartMethods with data set &quot;Single extension&quot;" assertions="6" time="0.004802"/>
        <testcase name="testNamePartMethods with data set &quot;Multiple extensions&quot;" assertions="6" time="0.004846"/>
        <testcase name="testNamePartMethods with data set &quot;No name with single extension&quot;" assertions="6" time="0.004748"/>
        <testcase name="testNamePartMethods with data set &quot;No name with multiple extension&quot;" assertions="6" time="0.004766"/>
      </testsuite>
      <testsuite name="Eloquent\Pathogen\AbsolutePathTest::testParent" tests="3" assertions="3" failures="0" errors="0" time="0.010611">
        <testcase name="testParent with data set &quot;Root&quot;" assertions="1" time="0.003331"/>
        <testcase name="testParent with data set &quot;Single atom&quot;" assertions="1" time="0.003687"/>
        <testcase name="testParent with data set &quot;Multiple atoms&quot;" assertions="1" time="0.003593"/>
      </testsuite>
      <testsuite name="Eloquent\Pathogen\AbsolutePathTest::testStripTrailingSlash" tests="5" assertions="5" failures="0" errors="0" time="0.017008">
        <testcase name="testStripTrailingSlash with data set &quot;Single atom&quot;" assertions="1" time="0.003408"/>
        <testcase name="testStripTrailingSlash with data set &quot;Multiple atoms&quot;" assertions="1" time="0.003484"/>
        <testcase name="testStripTrailingSlash with data set &quot;Whitespace atoms&quot;" assertions="1" time="0.003528"/>
        <testcase name="testStripTrailingSlash with data set &quot;No trailing slash&quot;" assertions="1" time="0.003283"/>
        <testcase name="testStripTrailingSlash with data set &quot;Root&quot;" assertions="1" time="0.003305"/>
      </testsuite>
      <testsuite name="Eloquent\Pathogen\AbsolutePathTest::testExtensionStripping" tests="6" assertions="12" failures="0" errors="0" time="0.023121">
        <testcase name="testExtensionStripping with data set &quot;Root&quot;" assertions="2" time="0.003677"/>
        <testcase name="testExtensionStripping with data set &quot;No extensions&quot;" assertions="2" time="0.003698"/>
        <testcase name="testExtensionStripping with data set &quot;Empty extension&quot;" assertions="2" time="0.003886"/>
        <testcase name="testExtensionStripping with data set &quot;Whitespace extension&quot;" assertions="2" time="0.003985"/>
        <testcase name="testExtensionStripping with data set &quot;Single extension&quot;" assertions="2" time="0.003947"/>
        <testcase name="testExtensionStripping with data set &quot;Multiple extensions&quot;" assertions="2" time="0.003928"/>
      </testsuite>
      <testsuite name="Eloquent\Pathogen\AbsolutePathTest::testJoinAtoms" tests="5" assertions="5" failures="0" errors="0" time="0.018502">
        <testcase name="testJoinAtoms with data set &quot;Single atom to root&quot;" assertions="1" time="0.003453"/>
        <testcase name="testJoinAtoms with data set &quot;Multiple atoms to root&quot;" assertions="1" time="0.003742"/>
        <testcase name="testJoinAtoms with data set &quot;Multiple atoms to multiple atoms&quot;" assertions="1" time="0.003803"/>
        <testcase name="testJoinAtoms with data set &quot;Whitespace atoms&quot;" assertions="1" time="0.003822"/>
        <testcase name="testJoinAtoms with data set &quot;Special atoms&quot;" assertions="1" time="0.003682"/>
      </testsuite>
      <testcase name="testJoinAtomsFailureAtomContainingSeparator" class="Eloquent\Pathogen\AbsolutePathTest" file="/home/travis/build/eloquent/pathogen/test/suite/Eloquent/Pathogen/AbsolutePathTest.php" line="203" assertions="2" time="0.004148"/>
      <testcase name="testJoinAtomsFailureEmptyAtom" class="Eloquent\Pathogen\AbsolutePathTest" file="/home/travis/build/eloquent/pathogen/test/suite/Eloquent/Pathogen/AbsolutePathTest.php" line="214" assertions="1" time="0.004099"/>
      <testsuite name="Eloquent\Pathogen\AbsolutePathTest::testJoinAtomSequence" tests="5" assertions="5" failures="0" errors="0" time="0.017499">
        <testcase name="testJoinAtomSequence with data set &quot;Single atom to root&quot;" assertions="1" time="0.003452"/>
        <testcase name="testJoinAtomSequence with data set &quot;Multiple atoms to root&quot;" assertions="1" time="0.003383"/>
        <testcase name="testJoinAtomSequence with data set &quot;Multiple atoms to multiple atoms&quot;" assertions="1" time="0.003625"/>
        <testcase name="testJoinAtomSequence with data set &quot;Whitespace atoms&quot;" assertions="1" time="0.003526"/>
        <testcase name="testJoinAtomSequence with data set &quot;Special atoms&quot;" assertions="1" time="0.003513"/>
      </testsuite>
      <testcase name="testJoinAtomSequenWithNonArray" class="Eloquent\Pathogen\AbsolutePathTest" file="/home/travis/build/eloquent/pathogen/test/suite/Eloquent/Pathogen/AbsolutePathTest.php" line="235" assertions="1" time="0.003562"/>
      <testcase name="testJoinAtomSequenceFailureAtomContainingSeparator" class="Eloquent\Pathogen\AbsolutePathTest" file="/home/travis/build/eloquent/pathogen/test/suite/Eloquent/Pathogen/AbsolutePathTest.php" line="243" assertions="2" time="0.003921"/>
      <testcase name="testJoinAtomSequenceFailureEmptyAtom" class="Eloquent\Pathogen\AbsolutePathTest" file="/home/travis/build/eloquent/pathogen/test/suite/Eloquent/Pathogen/AbsolutePathTest.php" line="254" assertions="1" time="0.003822"/>
      <testsuite name="Eloquent\Pathogen\AbsolutePathTest::testJoin" tests="5" assertions="5" failures="0" errors="0" time="0.019490">
        <testcase name="testJoin with data set &quot;Single atom to root&quot;" assertions="1" time="0.004404"/>
        <testcase name="testJoin with data set &quot;Multiple atoms to root&quot;" assertions="1" time="0.003774"/>
        <testcase name="testJoin with data set &quot;Multiple atoms to multiple atoms&quot;" assertions="1" time="0.003830"/>
        <testcase name="testJoin with data set &quot;Whitespace atoms&quot;" assertions="1" time="0.003675"/>
        <testcase name="testJoin with data set &quot;Special atoms&quot;" assertions="1" time="0.003807"/>
      </testsuite>
      <testcase name="testJoinFailureAbsoluteJoinPath" class="Eloquent\Pathogen\AbsolutePathTest" file="/home/travis/build/eloquent/pathogen/test/suite/Eloquent/Pathogen/AbsolutePathTest.php" line="288" assertions="1" time="0.003742"/>
      <testsuite name="Eloquent\Pathogen\AbsolutePathTest::testJoinTrailingSlash" tests="5" assertions="5" failures="0" errors="0" time="0.018517">
        <testcase name="testJoinTrailingSlash with data set &quot;Root atom&quot;" assertions="1" time="0.003411"/>
        <testcase name="testJoinTrailingSlash with data set &quot;Single atom&quot;" assertions="1" time="0.003672"/>
        <testcase name="testJoinTrailingSlash with data set &quot;Whitespace atom&quot;" assertions="1" time="0.003579"/>
        <testcase name="testJoinTrailingSlash with data set &quot;Multiple atoms&quot;" assertions="1" time="0.004240"/>
        <testcase name="testJoinTrailingSlash with data set &quot;Existing trailing slash&quot;" assertions="1" time="0.003616"/>
      </testsuite>
      <testsuite name="Eloquent\Pathogen\AbsolutePathTest::testJoinExtensions" tests="7" assertions="7" failures="0" errors="0" time="0.025771">
        <testcase name="testJoinExtensions with data set &quot;Add to root&quot;" assertions="1" time="0.003760"/>
        <testcase name="testJoinExtensions with data set &quot;Empty extension&quot;" assertions="1" time="0.003853"/>
        <testcase name="testJoinExtensions with data set &quot;Whitespace extension&quot;" assertions="1" time="0.003785"/>
        <testcase name="testJoinExtensions with data set &quot;Single extension&quot;" assertions="1" time="0.003596"/>
        <testcase name="testJoinExtensions with data set &quot;Multiple extensions&quot;" assertions="1" time="0.003518"/>
        <testcase name="testJoinExtensions with data set &quot;Empty extension with trailing slash&quot;" assertions="1" time="0.003473"/>
        <testcase name="testJoinExtensions with data set &quot;Multiple extensions with trailing slash&quot;" assertions="1" time="0.003786"/>
      </testsuite>
      <testcase name="testJoinExtensionsFailureAtomContainingSeparator" class="Eloquent\Pathogen\AbsolutePathTest" file="/home/travis/build/eloquent/pathogen/test/suite/Eloquent/Pathogen/AbsolutePathTest.php" line="344" assertions="2" time="0.003981"/>
      <testsuite name="Eloquent\Pathogen\AbsolutePathTest::testJoinExtensionSequence" tests="7" assertions="7" failures="0" errors="0" time="0.025809">
        <testcase name="testJoinExtensionSequence with data set &quot;Add to root&quot;" assertions="1" time="0.003390"/>
        <testcase name="testJoinExtensionSequence with data set &quot;Empty extension&quot;" assertions="1" time="0.003851"/>
        <testcase name="testJoinExtensionSequence with data set &quot;Whitespace extension&quot;" assertions="1" time="0.003530"/>
        <testcase name="testJoinExtensionSequence with data set &quot;Single extension&quot;" assertions="1" time="0.003745"/>
        <testcase name="testJoinExtensionSequence with data set &quot;Multiple extensions&quot;" assertions="1" time="0.003749"/>
        <testcase name="testJoinExtensionSequence with data set &quot;Empty extension with trailing slash&quot;" assertions="1" time="0.003766"/>
        <testcase name="testJoinExtensionSequence with data set &quot;Multiple extensions with trailing slash&quot;" assertions="1" time="0.003778"/>
      </testsuite>
      <testcase name="testJoinExtensionSequenWithNonArray" class="Eloquent\Pathogen\AbsolutePathTest" file="/home/travis/build/eloquent/pathogen/test/suite/Eloquent/Pathogen/AbsolutePathTest.php" line="366" assertions="1" time="0.003678"/>
      <testcase name="testJoinExtensionSequenceFailureAtomContainingSeparator" class="Eloquent\Pathogen\AbsolutePathTest" file="/home/travis/build/eloquent/pathogen/test/suite/Eloquent/Pathogen/AbsolutePathTest.php" line="374" assertions="2" time="0.004216"/>
      <testsuite name="Eloquent\Pathogen\AbsolutePathTest::testSuffixName" tests="7" assertions="7" failures="0" errors="0" time="0.026686">
        <testcase name="testSuffixName with data set &quot;Root&quot;" assertions="1" time="0.003651"/>
        <testcase name="testSuffixName with data set &quot;Empty suffix&quot;" assertions="1" time="0.003533"/>
        <testcase name="testSuffixName with data set &quot;Empty suffix and trailing slash&quot;" assertions="1" time="0.003575"/>
        <testcase name="testSuffixName with data set &quot;Whitespace suffix&quot;" assertions="1" time="0.004236"/>
        <testcase name="testSuffixName with data set &quot;Normal suffix&quot;" assertions="1" time="0.003944"/>
        <testcase name="testSuffixName with data set &quot;Suffix with dots&quot;" assertions="1" time="0.003886"/>
        <testcase name="testSuffixName with data set &quot;Suffix with dots and trailing slash&quot;" assertions="1" time="0.003861"/>
      </testsuite>
      <testcase name="testSuffixNameFailureAtomContainingSeparator" class="Eloquent\Pathogen\AbsolutePathTest" file="/home/travis/build/eloquent/pathogen/test/suite/Eloquent/Pathogen/AbsolutePathTest.php" line="409" assertions="2" time="0.004390"/>
      <testsuite name="Eloquent\Pathogen\AbsolutePathTest::testPrefixName" tests="7" assertions="7" failures="0" errors="0" time="0.026763">
        <testcase name="testPrefixName with data set &quot;Root&quot;" assertions="1" time="0.003833"/>
        <testcase name="testPrefixName with data set &quot;Empty prefix&quot;" assertions="1" time="0.003889"/>
        <testcase name="testPrefixName with data set &quot;Empty prefix and trailing slash&quot;" assertions="1" time="0.003928"/>
        <testcase name="testPrefixName with data set &quot;Whitespace prefix&quot;" assertions="1" time="0.003937"/>
        <testcase name="testPrefixName with data set &quot;Normal prefix&quot;" assertions="1" time="0.003916"/>
        <testcase name="testPrefixName with data set &quot;Prefix with dots&quot;" assertions="1" time="0.003809"/>
        <testcase name="testPrefixName with data set &quot;Prefix with dots and trailing slash&quot;" assertions="1" time="0.003451"/>
      </testsuite>
      <testcase name="testPrefixNameFailureAtomContainingSeparator" class="Eloquent\Pathogen\AbsolutePathTest" file="/home/travis/build/eloquent/pathogen/test/suite/Eloquent/Pathogen/AbsolutePathTest.php" line="444" assertions="2" time="0.003946"/>
      <testsuite name="Eloquent\Pathogen\AbsolutePathTest::testIsRoot" tests="3" assertions="3" failures="0" errors="0" time="0.012916">
        <testcase name="testIsRoot with data set &quot;Root&quot;" assertions="1" time="0.004845"/>
        <testcase name="testIsRoot with data set &quot;Root non-normalized&quot;" assertions="1" time="0.004082"/>
        <testcase name="testIsRoot with data set &quot;Not root&quot;" assertions="1" time="0.003989"/>
      </testsuite>
      <testsuite name="Eloquent\Pathogen\AbsolutePathTest::testAncestry" tests="8" assertions="16" failures="0" errors="0" time="0.048497">
        <testcase name="testAncestry with data set &quot;Parent&quot;" assertions="2" time="0.005793"/>
        <testcase name="testAncestry with data set &quot;Root as parent&quot;" assertions="2" time="0.005907"/>
        <testcase name="testAncestry with data set &quot;Resolve special atoms&quot;" assertions="2" time="0.006507"/>
        <testcase name="testAncestry with data set &quot;Not immediate parent&quot;" assertions="2" time="0.006481"/>
        <testcase name="testAncestry with data set &quot;Root not immediate parent&quot;" assertions="2" time="0.006169"/>
        <testcase name="testAncestry with data set &quot;Unrelated paths&quot;" assertions="2" time="0.005684"/>
        <testcase name="testAncestry with data set &quot;Same paths&quot;" assertions="2" time="0.005969"/>
        <testcase name="testAncestry with data set &quot;Longer parent path&quot;" assertions="2" time="0.005987"/>
      </testsuite>
      <testcase name="testIsParentOfFailureRelativeChild" class="Eloquent\Pathogen\AbsolutePathTest" file="/home/travis/build/eloquent/pathogen/test/suite/Eloquent/Pathogen/AbsolutePathTest.php" line="502" assertions="1" time="0.003748"/>
      <testcase name="testIsAncestorOfFailureRelativeChild" class="Eloquent\Pathogen\AbsolutePathTest" file="/home/travis/build/eloquent/pathogen/test/suite/Eloquent/Pathogen/AbsolutePathTest.php" line="511" assertions="1" time="0.003945"/>
      <testsuite name="Eloquent\Pathogen\AbsolutePathTest::testRelativeTo" tests="8" assertions="8" failures="0" errors="0" time="0.038026">
        <testcase name="testRelativeTo with data set &quot;Self&quot;" assertions="1" time="0.004590"/>
        <testcase name="testRelativeTo with data set &quot;Child&quot;" assertions="1" time="0.004512"/>
        <testcase name="testRelativeTo with data set &quot;Ancestor&quot;" assertions="1" time="0.004613"/>
        <testcase name="testRelativeTo with data set &quot;Sibling&quot;" assertions="1" time="0.004558"/>
        <testcase name="testRelativeTo with data set &quot;Parent's sibling&quot;" assertions="1" time="0.004916"/>
        <testcase name="testRelativeTo with data set &quot;Parent's sibling's child&quot;" assertions="1" time="0.004976"/>
        <testcase name="testRelativeTo with data set &quot;Completely unrelated&quot;" assertions="1" time="0.005020"/>
        <testcase name="testRelativeTo with data set &quot;Lengthly unrelated child&quot;" assertions="1" time="0.004841"/>
      </testsuite>
    </testsuite>
    <testsuite name="Eloquent\Pathogen\Exception\EmptyPathAtomExceptionTest" file="/home/travis/build/eloquent/pathogen/test/suite/Eloquent/Pathogen/Exception/EmptyPathAtomExceptionTest.php" namespace="Eloquent\Pathogen\Exception" fullPackage="Eloquent.Pathogen.Exception" tests="1" assertions="5" failures="0" errors="0" time="0.004149">
      <testcase name="testException" class="Eloquent\Pathogen\Exception\EmptyPathAtomExceptionTest" file="/home/travis/build/eloquent/pathogen/test/suite/Eloquent/Pathogen/Exception/EmptyPathAtomExceptionTest.php" line="23" assertions="5" time="0.004149"/>
    </testsuite>
    <testsuite name="Eloquent\Pathogen\Exception\EmptyPathExceptionTest" file="/home/travis/build/eloquent/pathogen/test/suite/Eloquent/Pathogen/Exception/EmptyPathExceptionTest.php" namespace="Eloquent\Pathogen\Exception" fullPackage="Eloquent.Pathogen.Exception" tests="1" assertions="3" failures="0" errors="0" time="0.004070">
      <testcase name="testException" class="Eloquent\Pathogen\Exception\EmptyPathExceptionTest" file="/home/travis/build/eloquent/pathogen/test/suite/Eloquent/Pathogen/Exception/EmptyPathExceptionTest.php" line="19" assertions="3" time="0.004070"/>
    </testsuite>
    <testsuite name="Eloquent\Pathogen\Exception\InvalidPathAtomCharacterExceptionTest" file="/home/travis/build/eloquent/pathogen/test/suite/Eloquent/Pathogen/Exception/InvalidPathAtomCharacterExceptionTest.php" namespace="Eloquent\Pathogen\Exception" fullPackage="Eloquent.Pathogen.Exception" tests="1" assertions="6" failures="0" errors="0" time="0.004711">
      <testcase name="testException" class="Eloquent\Pathogen\Exception\InvalidPathAtomCharacterExceptionTest" file="/home/travis/build/eloquent/pathogen/test/suite/Eloquent/Pathogen/Exception/InvalidPathAtomCharacterExceptionTest.php" line="23" assertions="6" time="0.004711"/>
    </testsuite>
    <testsuite name="Eloquent\Pathogen\Exception\InvalidPathStateExceptionTest" file="/home/travis/build/eloquent/pathogen/test/suite/Eloquent/Pathogen/Exception/InvalidPathStateExceptionTest.php" namespace="Eloquent\Pathogen\Exception" fullPackage="Eloquent.Pathogen.Exception" tests="1" assertions="4" failures="0" errors="0" time="0.004226">
      <testcase name="testException" class="Eloquent\Pathogen\Exception\InvalidPathStateExceptionTest" file="/home/travis/build/eloquent/pathogen/test/suite/Eloquent/Pathogen/Exception/InvalidPathStateExceptionTest.php" line="19" assertions="4" time="0.004226"/>
    </testsuite>
    <testsuite name="Eloquent\Pathogen\Exception\PathAtomContainsSeparatorExceptionTest" file="/home/travis/build/eloquent/pathogen/test/suite/Eloquent/Pathogen/Exception/PathAtomContainsSeparatorExceptionTest.php" namespace="Eloquent\Pathogen\Exception" fullPackage="Eloquent.Pathogen.Exception" tests="1" assertions="6" failures="0" errors="0" time="0.004577">
      <testcase name="testException" class="Eloquent\Pathogen\Exception\PathAtomContainsSeparatorExceptionTest" file="/home/travis/build/eloquent/pathogen/test/suite/Eloquent/Pathogen/Exception/PathAtomContainsSeparatorExceptionTest.php" line="23" assertions="6" time="0.004577"/>
    </testsuite>
    <testsuite name="Eloquent\Pathogen\Factory\PathFactoryTest" file="/home/travis/build/eloquent/pathogen/test/suite/Eloquent/Pathogen/Factory/PathFactoryTest.php" namespace="Eloquent\Pathogen\Factory" fullPackage="Eloquent.Pathogen.Factory" tests="28" assertions="112" failures="0" errors="0" time="0.151610">
      <testsuite name="Eloquent\Pathogen\Factory\PathFactoryTest::testCreate" tests="14" assertions="56" failures="0" errors="0" time="0.075320">
        <testcase name="testCreate with data set &quot;Root&quot;" assertions="4" time="0.005387"/>
        <testcase name="testCreate with data set &quot;Absolute&quot;" assertions="4" time="0.005364"/>
        <testcase name="testCreate with data set &quot;Absolute with trailing separator&quot;" assertions="4" time="0.005429"/>
        <testcase name="testCreate with data set &quot;Absolute with empty atoms&quot;" assertions="4" time="0.005443"/>
        <testcase name="testCreate with data set &quot;Absolute with empty atoms at start&quot;" assertions="4" time="0.005386"/>
        <testcase name="testCreate with data set &quot;Absolute with empty atoms at end&quot;" assertions="4" time="0.005389"/>
        <testcase name="testCreate with data set &quot;Absolute with whitespace atoms&quot;" assertions="4" time="0.005396"/>
        <testcase name="testCreate with data set &quot;Empty&quot;" assertions="4" time="0.005269"/>
        <testcase name="testCreate with data set &quot;Self&quot;" assertions="4" time="0.005275"/>
        <testcase name="testCreate with data set &quot;Relative&quot;" assertions="4" time="0.005409"/>
        <testcase name="testCreate with data set &quot;Relative with trailing separator&quot;" assertions="4" time="0.005336"/>
        <testcase name="testCreate with data set &quot;Relative with empty atoms&quot;" assertions="4" time="0.005344"/>
        <testcase name="testCreate with data set &quot;Relative with empty atoms at end&quot;" assertions="4" time="0.005437"/>
        <testcase name="testCreate with data set &quot;Relative with whitespace atoms&quot;" assertions="4" time="0.005456"/>
      </testsuite>
      <testsuite name="Eloquent\Pathogen\Factory\PathFactoryTest::testCreateFromAtoms" tests="14" assertions="56" failures="0" errors="0" time="0.076290">
        <testcase name="testCreateFromAtoms with data set &quot;Root&quot;" assertions="4" time="0.005363"/>
        <testcase name="testCreateFromAtoms with data set &quot;Absolute&quot;" assertions="4" time="0.005407"/>
        <testcase name="testCreateFromAtoms with data set &quot;Absolute with trailing separator&quot;" assertions="4" time="0.005414"/>
        <testcase name="testCreateFromAtoms with data set &quot;Absolute with empty atoms&quot;" assertions="4" time="0.005412"/>
        <testcase name="testCreateFromAtoms with data set &quot;Absolute with empty atoms at start&quot;" assertions="4" time="0.005411"/>
        <testcase name="testCreateFromAtoms with data set &quot;Absolute with empty atoms at end&quot;" assertions="4" time="0.005394"/>
        <testcase name="testCreateFromAtoms with data set &quot;Absolute with whitespace atoms&quot;" assertions="4" time="0.005421"/>
        <testcase name="testCreateFromAtoms with data set &quot;Empty&quot;" assertions="4" time="0.005386"/>
        <testcase name="testCreateFromAtoms with data set &quot;Self&quot;" assertions="4" time="0.005748"/>
        <testcase name="testCreateFromAtoms with data set &quot;Relative&quot;" assertions="4" time="0.005500"/>
        <testcase name="testCreateFromAtoms with data set &quot;Relative with trailing separator&quot;" assertions="4" time="0.005471"/>
        <testcase name="testCreateFromAtoms with data set &quot;Relative with empty atoms&quot;" assertions="4" time="0.005416"/>
        <testcase name="testCreateFromAtoms with data set &quot;Relative with empty atoms at end&quot;" assertions="4" time="0.005474"/>
        <testcase name="testCreateFromAtoms with data set &quot;Relative with whitespace atoms&quot;" assertions="4" time="0.005473"/>
      </testsuite>
    </testsuite>
    <testsuite name="Eloquent\Pathogen\FileSystem\Factory\FileSystemPathFactoryTest" file="/home/travis/build/eloquent/pathogen/test/suite/Eloquent/Pathogen/FileSystem/Factory/FileSystemPathFactoryTest.php" namespace="Eloquent\Pathogen\FileSystem\Factory" fullPackage="Eloquent.Pathogen.FileSystem.Factory" tests="5" assertions="15" failures="0" errors="0" time="0.048111">
      <testcase name="testConstructor" class="Eloquent\Pathogen\FileSystem\Factory\FileSystemPathFactoryTest" file="/home/travis/build/eloquent/pathogen/test/suite/Eloquent/Pathogen/FileSystem/Factory/FileSystemPathFactoryTest.php" line="39" assertions="2" time="0.009898"/>
      <testcase name="testConstructorDefaults" class="Eloquent\Pathogen\FileSystem\Factory\FileSystemPathFactoryTest" file="/home/travis/build/eloquent/pathogen/test/suite/Eloquent/Pathogen/FileSystem/Factory/FileSystemPathFactoryTest.php" line="45" assertions="2" time="0.005961"/>
      <testcase name="testCreatePosix" class="Eloquent\Pathogen\FileSystem\Factory\FileSystemPathFactoryTest" file="/home/travis/build/eloquent/pathogen/test/suite/Eloquent/Pathogen/FileSystem/Factory/FileSystemPathFactoryTest.php" line="59" assertions="4" time="0.010580"/>
      <testcase name="testCreateWindows" class="Eloquent\Pathogen\FileSystem\Factory\FileSystemPathFactoryTest" file="/home/travis/build/eloquent/pathogen/test/suite/Eloquent/Pathogen/FileSystem/Factory/FileSystemPathFactoryTest.php" line="71" assertions="4" time="0.011632"/>
      <testcase name="testCreateFromAtoms" class="Eloquent\Pathogen\FileSystem\Factory\FileSystemPathFactoryTest" file="/home/travis/build/eloquent/pathogen/test/suite/Eloquent/Pathogen/FileSystem/Factory/FileSystemPathFactoryTest.php" line="86" assertions="3" time="0.010040"/>
    </testsuite>
    <testsuite name="Eloquent\Pathogen\FileSystem\Factory\PlatformFileSystemPathFactoryTest" file="/home/travis/build/eloquent/pathogen/test/suite/Eloquent/Pathogen/FileSystem/Factory/PlatformFileSystemPathFactoryTest.php" namespace="Eloquent\Pathogen\FileSystem\Factory" fullPackage="Eloquent.Pathogen.FileSystem.Factory" tests="6" assertions="20" failures="0" errors="0" time="0.183987">
      <testcase name="testConstructor" class="Eloquent\Pathogen\FileSystem\Factory\PlatformFileSystemPathFactoryTest" file="/home/travis/build/eloquent/pathogen/test/suite/Eloquent/Pathogen/FileSystem/Factory/PlatformFileSystemPathFactoryTest.php" line="41" assertions="2" time="0.007737"/>
      <testcase name="testConstructorDefaults" class="Eloquent\Pathogen\FileSystem\Factory\PlatformFileSystemPathFactoryTest" file="/home/travis/build/eloquent/pathogen/test/suite/Eloquent/Pathogen/FileSystem/Factory/PlatformFileSystemPathFactoryTest.php" line="47" assertions="2" time="0.124252"/>
      <testcase name="testCreatePosix" class="Eloquent\Pathogen\FileSystem\Factory\PlatformFileSystemPathFactoryTest" file="/home/travis/build/eloquent/pathogen/test/suite/Eloquent/Pathogen/FileSystem/Factory/PlatformFileSystemPathFactoryTest.php" line="61" assertions="4" time="0.012761"/>
      <testcase name="testCreateWindows" class="Eloquent\Pathogen\FileSystem\Factory\PlatformFileSystemPathFactoryTest" file="/home/travis/build/eloquent/pathogen/test/suite/Eloquent/Pathogen/FileSystem/Factory/PlatformFileSystemPathFactoryTest.php" line="76" assertions="4" time="0.012324"/>
      <testcase name="testCreateFromAtomsPosix" class="Eloquent\Pathogen\FileSystem\Factory\PlatformFileSystemPathFactoryTest" file="/home/travis/build/eloquent/pathogen/test/suite/Eloquent/Pathogen/FileSystem/Factory/PlatformFileSystemPathFactoryTest.php" line="94" assertions="4" time="0.012362"/>
      <testcase name="testCreateFromAtomsWindows" class="Eloquent\Pathogen\FileSystem\Factory\PlatformFileSystemPathFactoryTest" file="/home/travis/build/eloquent/pathogen/test/suite/Eloquent/Pathogen/FileSystem/Factory/PlatformFileSystemPathFactoryTest.php" line="113" assertions="4" time="0.014551"/>
    </testsuite>
    <testsuite name="Eloquent\Pathogen\FileSystem\Normalizer\FileSystemPathNormalizerTest" file="/home/travis/build/eloquent/pathogen/test/suite/Eloquent/Pathogen/FileSystem/Normalizer/FileSystemPathNormalizerTest.php" namespace="Eloquent\Pathogen\FileSystem\Normalizer" fullPackage="Eloquent.Pathogen.FileSystem.Normalizer" tests="4" assertions="8" failures="0" errors="0" time="0.018568">
      <testcase name="testConstructor" class="Eloquent\Pathogen\FileSystem\Normalizer\FileSystemPathNormalizerTest" file="/home/travis/build/eloquent/pathogen/test/suite/Eloquent/Pathogen/FileSystem/Normalizer/FileSystemPathNormalizerTest.php" line="36" assertions="2" time="0.004456"/>
      <testcase name="testConstructorDefaults" class="Eloquent\Pathogen\FileSystem\Normalizer\FileSystemPathNormalizerTest" file="/home/travis/build/eloquent/pathogen/test/suite/Eloquent/Pathogen/FileSystem/Normalizer/FileSystemPathNormalizerTest.php" line="42" assertions="2" time="0.003991"/>
      <testcase name="testNormalizePosix" class="Eloquent\Pathogen\FileSystem\Normalizer\FileSystemPathNormalizerTest" file="/home/travis/build/eloquent/pathogen/test/suite/Eloquent/Pathogen/FileSystem/Normalizer/FileSystemPathNormalizerTest.php" line="56" assertions="2" time="0.004744"/>
      <testcase name="testNormalizeWindows" class="Eloquent\Pathogen\FileSystem\Normalizer\FileSystemPathNormalizerTest" file="/home/travis/build/eloquent/pathogen/test/suite/Eloquent/Pathogen/FileSystem/Normalizer/FileSystemPathNormalizerTest.php" line="68" assertions="2" time="0.005377"/>
    </testsuite>
    <testsuite name="Eloquent\Pathogen\FileSystem\Resolver\WorkingDirectoryResolverTest" file="/home/travis/build/eloquent/pathogen/test/suite/Eloquent/Pathogen/FileSystem/Resolver/WorkingDirectoryResolverTest.php" namespace="Eloquent\Pathogen\FileSystem\Resolver" fullPackage="Eloquent.Pathogen.FileSystem.Resolver" tests="3" assertions="8" failures="0" errors="0" time="0.025728">
      <testcase name="testConstructor" class="Eloquent\Pathogen\FileSystem\Resolver\WorkingDirectoryResolverTest" file="/home/travis/build/eloquent/pathogen/test/suite/Eloquent/Pathogen/FileSystem/Resolver/WorkingDirectoryResolverTest.php" line="45" assertions="3" time="0.008557"/>
      <testcase name="testConstructorDefaults" class="Eloquent\Pathogen\FileSystem\Resolver\WorkingDirectoryResolverTest" file="/home/travis/build/eloquent/pathogen/test/suite/Eloquent/Pathogen/FileSystem/Resolver/WorkingDirectoryResolverTest.php" line="52" assertions="4" time="0.009053"/>
      <testcase name="testResolve" class="Eloquent\Pathogen\FileSystem\Resolver\WorkingDirectoryResolverTest" file="/home/travis/build/eloquent/pathogen/test/suite/Eloquent/Pathogen/FileSystem/Resolver/WorkingDirectoryResolverTest.php" line="77" assertions="1" time="0.008118"/>
    </testsuite>
    <testsuite name="Eloquent\Pathogen\Normalizer\PathNormalizerTest" file="/home/travis/build/eloquent/pathogen/test/suite/Eloquent/Pathogen/Normalizer/PathNormalizerTest.php" namespace="Eloquent\Pathogen\Normalizer" fullPackage="Eloquent.Pathogen.Normalizer" tests="48" assertions="48" failures="0" errors="0" time="0.191182">
      <testsuite name="Eloquent\Pathogen\Normalizer\PathNormalizerTest::testNormalizeAbsolutePaths" tests="17" assertions="17" failures="0" errors="0" time="0.065053">
        <testcase name="testNormalizeAbsolutePaths with data set &quot;Atom&quot;" assertions="1" time="0.003867"/>
        <testcase name="testNormalizeAbsolutePaths with data set &quot;Atom, atom&quot;" assertions="1" time="0.003942"/>
        <testcase name="testNormalizeAbsolutePaths with data set &quot;Atom, atom, atom, parent, parent, atom&quot;" assertions="1" time="0.004073"/>
        <testcase name="testNormalizeAbsolutePaths with data set &quot;Atom, atom, parent&quot;" assertions="1" time="0.004015"/>
        <testcase name="testNormalizeAbsolutePaths with data set &quot;Atom, atom, slash&quot;" assertions="1" time="0.003984"/>
        <testcase name="testNormalizeAbsolutePaths with data set &quot;Atom, parent&quot;" assertions="1" time="0.003606"/>
        <testcase name="testNormalizeAbsolutePaths with data set &quot;Atom, parent, atom&quot;" assertions="1" time="0.003690"/>
        <testcase name="testNormalizeAbsolutePaths with data set &quot;Atom, parent, atom, slash&quot;" assertions="1" time="0.003459"/>
        <testcase name="testNormalizeAbsolutePaths with data set &quot;Atom, self, atom&quot;" assertions="1" time="0.003528"/>
        <testcase name="testNormalizeAbsolutePaths with data set &quot;Atom, self, atom, parent, atom&quot;" assertions="1" time="0.003876"/>
        <testcase name="testNormalizeAbsolutePaths with data set &quot;Atom, self, atom, parent, parent, atom&quot;" assertions="1" time="0.003820"/>
        <testcase name="testNormalizeAbsolutePaths with data set &quot;Parent&quot;" assertions="1" time="0.003867"/>
        <testcase name="testNormalizeAbsolutePaths with data set &quot;Parent, atom&quot;" assertions="1" time="0.003768"/>
        <testcase name="testNormalizeAbsolutePaths with data set &quot;Parent, atom, parent&quot;" assertions="1" time="0.003906"/>
        <testcase name="testNormalizeAbsolutePaths with data set &quot;Parent, parent&quot;" assertions="1" time="0.003756"/>
        <testcase name="testNormalizeAbsolutePaths with data set &quot;Parent, parent, atom&quot;" assertions="1" time="0.004016"/>
        <testcase name="testNormalizeAbsolutePaths with data set &quot;Self&quot;" assertions="1" time="0.003881"/>
      </testsuite>
      <testsuite name="Eloquent\Pathogen\Normalizer\PathNormalizerTest::testNormalizeRelativePaths" tests="31" assertions="31" failures="0" errors="0" time="0.126129">
        <testcase name="testNormalizeRelativePaths with data set &quot;Atom&quot;" assertions="1" time="0.003640"/>
        <testcase name="testNormalizeRelativePaths with data set &quot;Atom, atom&quot;" assertions="1" time="0.003606"/>
        <testcase name="testNormalizeRelativePaths with data set &quot;Atom, atom, atom, parent, parent, atom&quot;" assertions="1" time="0.003867"/>
        <testcase name="testNormalizeRelativePaths with data set &quot;Atom, atom, parent&quot;" assertions="1" time="0.004098"/>
        <testcase name="testNormalizeRelativePaths with data set &quot;Atom, atom, slash&quot;" assertions="1" time="0.004130"/>
        <testcase name="testNormalizeRelativePaths with data set &quot;Atom, parent&quot;" assertions="1" time="0.004064"/>
        <testcase name="testNormalizeRelativePaths with data set &quot;Atom, parent, atom&quot;" assertions="1" time="0.004078"/>
        <testcase name="testNormalizeRelativePaths with data set &quot;Atom, parent, atom, slash&quot;" assertions="1" time="0.004077"/>
        <testcase name="testNormalizeRelativePaths with data set &quot;Atom, self, atom&quot;" assertions="1" time="0.004106"/>
        <testcase name="testNormalizeRelativePaths with data set &quot;Atom, self, atom, parent, atom&quot;" assertions="1" time="0.004182"/>
        <testcase name="testNormalizeRelativePaths with data set &quot;Parent&quot;" assertions="1" time="0.004037"/>
        <testcase name="testNormalizeRelativePaths with data set &quot;Parent, atom&quot;" assertions="1" time="0.004077"/>
        <testcase name="testNormalizeRelativePaths with data set &quot;Parent, atom, parent&quot;" assertions="1" time="0.004089"/>
        <testcase name="testNormalizeRelativePaths with data set &quot;Parent, atom, parent, atom, self&quot;" assertions="1" time="0.004178"/>
        <testcase name="testNormalizeRelativePaths with data set &quot;Parent, atom, parent, parent&quot;" assertions="1" time="0.004137"/>
        <testcase name="testNormalizeRelativePaths with data set &quot;Parent, atom, parent, parent, parent&quot;" assertions="1" time="0.004242"/>
        <testcase name="testNormalizeRelativePaths with data set &quot;Parent, atom, parent, self, atom&quot;" assertions="1" time="0.004190"/>
        <testcase name="testNormalizeRelativePaths with data set &quot;Parent, atom, self&quot;" assertions="1" time="0.004104"/>
        <testcase name="testNormalizeRelativePaths with data set &quot;Parent, atom, self, parent, atom&quot;" assertions="1" time="0.004199"/>
        <testcase name="testNormalizeRelativePaths with data set &quot;Parent, parent&quot;" assertions="1" time="0.004060"/>
        <testcase name="testNormalizeRelativePaths with data set &quot;Parent, parent, atom, atom&quot;" assertions="1" time="0.004220"/>
        <testcase name="testNormalizeRelativePaths with data set &quot;Parent, parent, atom, parent, atom&quot;" assertions="1" time="0.004216"/>
        <testcase name="testNormalizeRelativePaths with data set &quot;Parent, parent, self, parent, self&quot;" assertions="1" time="0.004198"/>
        <testcase name="testNormalizeRelativePaths with data set &quot;Parent, self, atom, parent, atom&quot;" assertions="1" time="0.004127"/>
        <testcase name="testNormalizeRelativePaths with data set &quot;Parent, self, parent&quot;" assertions="1" time="0.004067"/>
        <testcase name="testNormalizeRelativePaths with data set &quot;Self&quot;" assertions="1" time="0.003922"/>
        <testcase name="testNormalizeRelativePaths with data set &quot;Self, atom, parent&quot;" assertions="1" time="0.004015"/>
        <testcase name="testNormalizeRelativePaths with data set &quot;Self, parent&quot;" assertions="1" time="0.003988"/>
        <testcase name="testNormalizeRelativePaths with data set &quot;Self, parent, atom&quot;" assertions="1" time="0.004044"/>
        <testcase name="testNormalizeRelativePaths with data set &quot;Self, self&quot;" assertions="1" time="0.004114"/>
        <testcase name="testNormalizeRelativePaths with data set &quot;Self, self, atom&quot;" assertions="1" time="0.004057"/>
      </testsuite>
    </testsuite>
    <testsuite name="Eloquent\Pathogen\RelativePathTest" file="/home/travis/build/eloquent/pathogen/test/suite/Eloquent/Pathogen/RelativePathTest.php" namespace="Eloquent\Pathogen" fullPackage="Eloquent.Pathogen" tests="95" assertions="169" failures="0" errors="0" time="0.402252">
      <testsuite name="Eloquent\Pathogen\RelativePathTest::testConstructor" tests="7" assertions="28" failures="0" errors="0" time="0.033953">
        <testcase name="testConstructor with data set &quot;Self&quot;" assertions="4" time="0.004857"/>
        <testcase name="testConstructor with data set &quot;Single atom&quot;" assertions="4" time="0.004841"/>
        <testcase name="testConstructor with data set &quot;Trailing slash&quot;" assertions="4" time="0.004858"/>
        <testcase name="testConstructor with data set &quot;Multiple atoms&quot;" assertions="4" time="0.004861"/>
        <testcase name="testConstructor with data set &quot;Parent atom&quot;" assertions="4" time="0.004894"/>
        <testcase name="testConstructor with data set &quot;Self atom&quot;" assertions="4" time="0.004777"/>
        <testcase name="testConstructor with data set &quot;Whitespace&quot;" assertions="4" time="0.004865"/>
      </testsuite>
      <testcase name="testConstructorDefaults" class="Eloquent\Pathogen\RelativePathTest" file="/home/travis/build/eloquent/pathogen/test/suite/Eloquent/Pathogen/RelativePathTest.php" line="58" assertions="1" time="0.003754"/>
      <testcase name="testConstructorFailureAtomContainingSeparator" class="Eloquent\Pathogen\RelativePathTest" file="/home/travis/build/eloquent/pathogen/test/suite/Eloquent/Pathogen/RelativePathTest.php" line="65" assertions="2" time="0.004109"/>
      <testcase name="testConstructorFailureEmptyAtom" class="Eloquent\Pathogen\RelativePathTest" file="/home/travis/build/eloquent/pathogen/test/suite/Eloquent/Pathogen/RelativePathTest.php" line="74" assertions="1" time="0.003841"/>
      <testcase name="testConstructorFailureEmptyPath" class="Eloquent\Pathogen\RelativePathTest" file="/home/travis/build/eloquent/pathogen/test/suite/Eloquent/Pathogen/RelativePathTest.php" line="82" assertions="1" time="0.003729"/>
      <testsuite name="Eloquent\Pathogen\RelativePathTest::testNamePartMethods" tests="8" assertions="48" failures="0" errors="0" time="0.044666">
        <testcase name="testNamePartMethods with data set &quot;Self&quot;" assertions="6" time="0.005417"/>
        <testcase name="testNamePartMethods with data set &quot;No extensions&quot;" assertions="6" time="0.005701"/>
        <testcase name="testNamePartMethods with data set &quot;Empty extension&quot;" assertions="6" time="0.005657"/>
        <testcase name="testNamePartMethods with data set &quot;Whitespace extension&quot;" assertions="6" time="0.005843"/>
        <testcase name="testNamePartMethods with data set &quot;Single extension&quot;" assertions="6" time="0.005739"/>
        <testcase name="testNamePartMethods with data set &quot;Multiple extensions&quot;" assertions="6" time="0.005323"/>
        <testcase name="testNamePartMethods with data set &quot;No name with single extension&quot;" assertions="6" time="0.005582"/>
        <testcase name="testNamePartMethods with data set &quot;No name with multiple extension&quot;" assertions="6" time="0.005404"/>
      </testsuite>
      <testsuite name="Eloquent\Pathogen\RelativePathTest::testParent" tests="3" assertions="3" failures="0" errors="0" time="0.011556">
        <testcase name="testParent with data set &quot;Self&quot;" assertions="1" time="0.003689"/>
        <testcase name="testParent with data set &quot;Single atom&quot;" assertions="1" time="0.003890"/>
        <testcase name="testParent with data set &quot;Multiple atoms&quot;" assertions="1" time="0.003977"/>
      </testsuite>
      <testsuite name="Eloquent\Pathogen\RelativePathTest::testStripTrailingSlash" tests="5" assertions="5" failures="0" errors="0" time="0.019367">
        <testcase name="testStripTrailingSlash with data set &quot;Single atom&quot;" assertions="1" time="0.003904"/>
        <testcase name="testStripTrailingSlash with data set &quot;Multiple atoms&quot;" assertions="1" time="0.004000"/>
        <testcase name="testStripTrailingSlash with data set &quot;Whitespace atoms&quot;" assertions="1" time="0.004003"/>
        <testcase name="testStripTrailingSlash with data set &quot;No trailing slash&quot;" assertions="1" time="0.003715"/>
        <testcase name="testStripTrailingSlash with data set &quot;Self&quot;" assertions="1" time="0.003745"/>
      </testsuite>
      <testsuite name="Eloquent\Pathogen\RelativePathTest::testExtensionStripping" tests="6" assertions="12" failures="0" errors="0" time="0.026070">
        <testcase name="testExtensionStripping with data set &quot;Self&quot;" assertions="2" time="0.004184"/>
        <testcase name="testExtensionStripping with data set &quot;No extensions&quot;" assertions="2" time="0.004222"/>
        <testcase name="testExtensionStripping with data set &quot;Empty extension&quot;" assertions="2" time="0.004559"/>
        <testcase name="testExtensionStripping with data set &quot;Whitespace extension&quot;" assertions="2" time="0.004468"/>
        <testcase name="testExtensionStripping with data set &quot;Single extension&quot;" assertions="2" time="0.004354"/>
        <testcase name="testExtensionStripping with data set &quot;Multiple extensions&quot;" assertions="2" time="0.004283"/>
      </testsuite>
      <testsuite name="Eloquent\Pathogen\RelativePathTest::testJoinAtoms" tests="5" assertions="5" failures="0" errors="0" time="0.019509">
        <testcase name="testJoinAtoms with data set &quot;Single atom to self&quot;" assertions="1" time="0.003729"/>
        <testcase name="testJoinAtoms with data set &quot;Multiple atoms to self&quot;" assertions="1" time="0.003746"/>
        <testcase name="testJoinAtoms with data set &quot;Multiple atoms to multiple atoms&quot;" assertions="1" time="0.004070"/>
        <testcase name="testJoinAtoms with data set &quot;Whitespace atoms&quot;" assertions="1" time="0.003968"/>
        <testcase name="testJoinAtoms with data set &quot;Special atoms&quot;" assertions="1" time="0.003996"/>
      </testsuite>
      <testcase name="testJoinAtomsFailureAtomContainingSeparator" class="Eloquent\Pathogen\RelativePathTest" file="/home/travis/build/eloquent/pathogen/test/suite/Eloquent/Pathogen/RelativePathTest.php" line="210" assertions="2" time="0.004554"/>
      <testcase name="testJoinAtomsFailureEmptyAtom" class="Eloquent\Pathogen\RelativePathTest" file="/home/travis/build/eloquent/pathogen/test/suite/Eloquent/Pathogen/RelativePathTest.php" line="221" assertions="1" time="0.004406"/>
      <testsuite name="Eloquent\Pathogen\RelativePathTest::testJoinAtomSequence" tests="5" assertions="5" failures="0" errors="0" time="0.019922">
        <testcase name="testJoinAtomSequence with data set &quot;Single atom to self&quot;" assertions="1" time="0.003964"/>
        <testcase name="testJoinAtomSequence with data set &quot;Multiple atoms to self&quot;" assertions="1" time="0.003983"/>
        <testcase name="testJoinAtomSequence with data set &quot;Multiple atoms to multiple atoms&quot;" assertions="1" time="0.004042"/>
        <testcase name="testJoinAtomSequence with data set &quot;Whitespace atoms&quot;" assertions="1" time="0.003942"/>
        <testcase name="testJoinAtomSequence with data set &quot;Special atoms&quot;" assertions="1" time="0.003991"/>
      </testsuite>
      <testcase name="testJoinAtomSequenceFailureAtomContainingSeparator" class="Eloquent\Pathogen\RelativePathTest" file="/home/travis/build/eloquent/pathogen/test/suite/Eloquent/Pathogen/RelativePathTest.php" line="242" assertions="2" time="0.004511"/>
      <testcase name="testJoinAtomSequenceFailureEmptyAtom" class="Eloquent\Pathogen\RelativePathTest" file="/home/travis/build/eloquent/pathogen/test/suite/Eloquent/Pathogen/RelativePathTest.php" line="253" assertions="1" time="0.004347"/>
      <testsuite name="Eloquent\Pathogen\RelativePathTest::testJoin" tests="6" assertions="6" failures="0" errors="0" time="0.025425">
        <testcase name="testJoin with data set &quot;Relative atom to self&quot;" assertions="1" time="0.004266"/>
        <testcase name="testJoin with data set &quot;Single atom to self&quot;" assertions="1" time="0.004237"/>
        <testcase name="testJoin with data set &quot;Multiple atoms to self&quot;" assertions="1" time="0.004344"/>
        <testcase name="testJoin with data set &quot;Multiple atoms to multiple atoms&quot;" assertions="1" time="0.004346"/>
        <testcase name="testJoin with data set &quot;Whitespace atoms&quot;" assertions="1" time="0.004104"/>
        <testcase name="testJoin with data set &quot;Special atoms&quot;" assertions="1" time="0.004128"/>
      </testsuite>
      <testcase name="testJoinFailureAbsoluteJoinPath" class="Eloquent\Pathogen\RelativePathTest" file="/home/travis/build/eloquent/pathogen/test/suite/Eloquent/Pathogen/RelativePathTest.php" line="288" assertions="1" time="0.004162"/>
      <testsuite name="Eloquent\Pathogen\RelativePathTest::testJoinTrailingSlash" tests="5" assertions="5" failures="0" errors="0" time="0.019153">
        <testcase name="testJoinTrailingSlash with data set &quot;Self atom&quot;" assertions="1" time="0.003817"/>
        <testcase name="testJoinTrailingSlash with data set &quot;Single atom&quot;" assertions="1" time="0.003819"/>
        <testcase name="testJoinTrailingSlash with data set &quot;Whitespace atom&quot;" assertions="1" time="0.003894"/>
        <testcase name="testJoinTrailingSlash with data set &quot;Multiple atoms&quot;" assertions="1" time="0.003897"/>
        <testcase name="testJoinTrailingSlash with data set &quot;Existing trailing slash&quot;" assertions="1" time="0.003726"/>
      </testsuite>
      <testsuite name="Eloquent\Pathogen\RelativePathTest::testJoinExtensions" tests="7" assertions="7" failures="0" errors="0" time="0.027097">
        <testcase name="testJoinExtensions with data set &quot;Add to self&quot;" assertions="1" time="0.003997"/>
        <testcase name="testJoinExtensions with data set &quot;Empty extension&quot;" assertions="1" time="0.003960"/>
        <testcase name="testJoinExtensions with data set &quot;Whitespace extension&quot;" assertions="1" time="0.003871"/>
        <testcase name="testJoinExtensions with data set &quot;Single extension&quot;" assertions="1" time="0.004004"/>
        <testcase name="testJoinExtensions with data set &quot;Multiple extensions&quot;" assertions="1" time="0.003805"/>
        <testcase name="testJoinExtensions with data set &quot;Empty extension with trailing slash&quot;" assertions="1" time="0.003885"/>
        <testcase name="testJoinExtensions with data set &quot;Multiple extensions with trailing slash&quot;" assertions="1" time="0.003575"/>
      </testsuite>
      <testcase name="testJoinExtensionsFailureAtomContainingSeparator" class="Eloquent\Pathogen\RelativePathTest" file="/home/travis/build/eloquent/pathogen/test/suite/Eloquent/Pathogen/RelativePathTest.php" line="344" assertions="2" time="0.004290"/>
      <testsuite name="Eloquent\Pathogen\RelativePathTest::testJoinExtensionSequence" tests="7" assertions="7" failures="0" errors="0" time="0.027069">
        <testcase name="testJoinExtensionSequence with data set &quot;Add to self&quot;" assertions="1" time="0.003920"/>
        <testcase name="testJoinExtensionSequence with data set &quot;Empty extension&quot;" assertions="1" time="0.003705"/>
        <testcase name="testJoinExtensionSequence with data set &quot;Whitespace extension&quot;" assertions="1" time="0.004072"/>
        <testcase name="testJoinExtensionSequence with data set &quot;Single extension&quot;" assertions="1" time="0.004051"/>
        <testcase name="testJoinExtensionSequence with data set &quot;Multiple extensions&quot;" assertions="1" time="0.004080"/>
        <testcase name="testJoinExtensionSequence with data set &quot;Empty extension with trailing slash&quot;" assertions="1" time="0.003574"/>
        <testcase name="testJoinExtensionSequence with data set &quot;Multiple extensions with trailing slash&quot;" assertions="1" time="0.003667"/>
      </testsuite>
      <testcase name="testJoinExtensionSequenceFailureAtomContainingSeparator" class="Eloquent\Pathogen\RelativePathTest" file="/home/travis/build/eloquent/pathogen/test/suite/Eloquent/Pathogen/RelativePathTest.php" line="366" assertions="2" time="0.004423"/>
      <testsuite name="Eloquent\Pathogen\RelativePathTest::testSuffixName" tests="7" assertions="7" failures="0" errors="0" time="0.027961">
        <testcase name="testSuffixName with data set &quot;Self&quot;" assertions="1" time="0.003842"/>
        <testcase name="testSuffixName with data set &quot;Empty suffix&quot;" assertions="1" time="0.004014"/>
        <testcase name="testSuffixName with data set &quot;Empty suffix and trailing slash&quot;" assertions="1" time="0.004026"/>
        <testcase name="testSuffixName with data set &quot;Whitespace suffix&quot;" assertions="1" time="0.004005"/>
        <testcase name="testSuffixName with data set &quot;Normal suffix&quot;" assertions="1" time="0.004001"/>
        <testcase name="testSuffixName with data set &quot;Suffix with dots&quot;" assertions="1" time="0.004063"/>
        <testcase name="testSuffixName with data set &quot;Suffix with dots and trailing slash&quot;" assertions="1" time="0.004010"/>
      </testsuite>
      <testcase name="testSuffixNameFailureAtomContainingSeparator" class="Eloquent\Pathogen\RelativePathTest" file="/home/travis/build/eloquent/pathogen/test/suite/Eloquent/Pathogen/RelativePathTest.php" line="401" assertions="2" time="0.004491"/>
      <testsuite name="Eloquent\Pathogen\RelativePathTest::testPrefixName" tests="7" assertions="7" failures="0" errors="0" time="0.028379">
        <testcase name="testPrefixName with data set &quot;Self&quot;" assertions="1" time="0.003966"/>
        <testcase name="testPrefixName with data set &quot;Empty atom and trailing slash&quot;" assertions="1" time="0.003956"/>
        <testcase name="testPrefixName with data set &quot;Empty prefix&quot;" assertions="1" time="0.004065"/>
        <testcase name="testPrefixName with data set &quot;Whitespace prefix&quot;" assertions="1" time="0.004006"/>
        <testcase name="testPrefixName with data set &quot;Normal prefix&quot;" assertions="1" time="0.004106"/>
        <testcase name="testPrefixName with data set &quot;Prefix with dots&quot;" assertions="1" time="0.004140"/>
        <testcase name="testPrefixName with data set &quot;Prefix with dots with trailing slash&quot;" assertions="1" time="0.004140"/>
      </testsuite>
      <testcase name="testPrefixNameFailureAtomContainingSeparator" class="Eloquent\Pathogen\RelativePathTest" file="/home/travis/build/eloquent/pathogen/test/suite/Eloquent/Pathogen/RelativePathTest.php" line="436" assertions="2" time="0.004512"/>
      <testsuite name="Eloquent\Pathogen\RelativePathTest::testIsSelf" tests="4" assertions="4" failures="0" errors="0" time="0.016996">
        <testcase name="testIsSelf with data set &quot;Self&quot;" assertions="1" time="0.004723"/>
        <testcase name="testIsSelf with data set &quot;Self non-normalized&quot;" assertions="1" time="0.004123"/>
        <testcase name="testIsSelf with data set &quot;Single atom&quot;" assertions="1" time="0.003965"/>
        <testcase name="testIsSelf with data set &quot;Multiple atoms&quot;" assertions="1" time="0.004185"/>
      </testsuite>
    </testsuite>
    <testsuite name="Eloquent\Pathogen\Resolver\BoundPathResolverTest" file="/home/travis/build/eloquent/pathogen/test/suite/Eloquent/Pathogen/Resolver/BoundPathResolverTest.php" namespace="Eloquent\Pathogen\Resolver" fullPackage="Eloquent.Pathogen.Resolver" tests="3" assertions="4" failures="0" errors="0" time="0.010852">
      <testcase name="testConstructor" class="Eloquent\Pathogen\Resolver\BoundPathResolverTest" file="/home/travis/build/eloquent/pathogen/test/suite/Eloquent/Pathogen/Resolver/BoundPathResolverTest.php" line="33" assertions="2" time="0.003540"/>
      <testcase name="testConstructorDefaults" class="Eloquent\Pathogen\Resolver\BoundPathResolverTest" file="/home/travis/build/eloquent/pathogen/test/suite/Eloquent/Pathogen/Resolver/BoundPathResolverTest.php" line="39" assertions="1" time="0.003347"/>
      <testcase name="testResolve" class="Eloquent\Pathogen\Resolver\BoundPathResolverTest" file="/home/travis/build/eloquent/pathogen/test/suite/Eloquent/Pathogen/Resolver/BoundPathResolverTest.php" line="49" assertions="1" time="0.003965"/>
    </testsuite>
    <testsuite name="Eloquent\Pathogen\Resolver\PathResolverTest" file="/home/travis/build/eloquent/pathogen/test/suite/Eloquent/Pathogen/Resolver/PathResolverTest.php" namespace="Eloquent\Pathogen\Resolver" fullPackage="Eloquent.Pathogen.Resolver" tests="18" assertions="18" failures="0" errors="0" time="0.070972">
      <testsuite name="Eloquent\Pathogen\Resolver\PathResolverTest::testResolveAbsolutePaths" tests="4" assertions="4" failures="0" errors="0" time="0.014617">
        <testcase name="testResolveAbsolutePaths with data set &quot;Root against single atom&quot;" assertions="1" time="0.003542"/>
        <testcase name="testResolveAbsolutePaths with data set &quot;Single atom against single atom&quot;" assertions="1" time="0.003487"/>
        <testcase name="testResolveAbsolutePaths with data set &quot;Multiple atoms against single atom&quot;" assertions="1" time="0.003662"/>
        <testcase name="testResolveAbsolutePaths with data set &quot;Multiple atoms against multiple atoms&quot;" assertions="1" time="0.003926"/>
      </testsuite>
      <testsuite name="Eloquent\Pathogen\Resolver\PathResolverTest::testResolveRelativePaths" tests="14" assertions="14" failures="0" errors="0" time="0.056355">
        <testcase name="testResolveRelativePaths with data set &quot;Root against single atom&quot;" assertions="1" time="0.003941"/>
        <testcase name="testResolveRelativePaths with data set &quot;Single atom against single atom&quot;" assertions="1" time="0.003792"/>
        <testcase name="testResolveRelativePaths with data set &quot;Multiple atoms against single atom&quot;" assertions="1" time="0.003954"/>
        <testcase name="testResolveRelativePaths with data set &quot;Multiple atoms with slash against single atoms&quot;" assertions="1" time="0.003985"/>
        <testcase name="testResolveRelativePaths with data set &quot;Multiple atoms against multiple atoms&quot;" assertions="1" time="0.003967"/>
        <testcase name="testResolveRelativePaths with data set &quot;Multiple atoms with slash against multiple atoms&quot;" assertions="1" time="0.003863"/>
        <testcase name="testResolveRelativePaths with data set &quot;Multiple atoms with slash against multiple atoms with slash&quot;" assertions="1" time="0.003842"/>
        <testcase name="testResolveRelativePaths with data set &quot;Root against parent atom&quot;" assertions="1" time="0.003733"/>
        <testcase name="testResolveRelativePaths with data set &quot;Single atom against parent atom&quot;" assertions="1" time="0.004171"/>
        <testcase name="testResolveRelativePaths with data set &quot;Single atom with slash against parent atom&quot;" assertions="1" time="0.004135"/>
        <testcase name="testResolveRelativePaths with data set &quot;Single atom with slash against parent atom with slash&quot;" assertions="1" time="0.003811"/>
        <testcase name="testResolveRelativePaths with data set &quot;Multiple atoms against parent and single atom&quot;" assertions="1" time="0.003896"/>
        <testcase name="testResolveRelativePaths with data set &quot;Multiple atoms with slash against parent atom and single atom&quot;" assertions="1" time="0.004736"/>
        <testcase name="testResolveRelativePaths with data set &quot;Multiple atoms with slash against parent atom and single atom with slash&quot;" assertions="1" time="0.004529"/>
      </testsuite>
    </testsuite>
    <testsuite name="Eloquent\Pathogen\Windows\AbsoluteWindowsPathTest" file="/home/travis/build/eloquent/pathogen/test/suite/Eloquent/Pathogen/Windows/AbsoluteWindowsPathTest.php" namespace="Eloquent\Pathogen\Windows" fullPackage="Eloquent.Pathogen.Windows" tests="343" assertions="654" failures="0" errors="0" time="1.906427">
      <testsuite name="Eloquent\Pathogen\Windows\AbsoluteWindowsPathTest::testJoinDrive" tests="4" assertions="4" failures="0" errors="0" time="0.015798">
        <testcase name="testJoinDrive with data set &quot;Join root&quot;" assertions="1" time="0.003722"/>
        <testcase name="testJoinDrive with data set &quot;Join drive-less&quot;" assertions="1" time="0.004030"/>
        <testcase name="testJoinDrive with data set &quot;Join with existing drive&quot;" assertions="1" time="0.003920"/>
        <testcase name="testJoinDrive with data set &quot;Join with trailing slash&quot;" assertions="1" time="0.004126"/>
      </testsuite>
      <testsuite name="Eloquent\Pathogen\Windows\AbsoluteWindowsPathTest::testConstructor" tests="14" assertions="84" failures="0" errors="0" time="0.078387">
        <testcase name="testConstructor with data set &quot;Root&quot;" assertions="6" time="0.005871"/>
        <testcase name="testConstructor with data set &quot;Single atom&quot;" assertions="6" time="0.005898"/>
        <testcase name="testConstructor with data set &quot;Trailing slash&quot;" assertions="6" time="0.005817"/>
        <testcase name="testConstructor with data set &quot;Multiple atoms&quot;" assertions="6" time="0.005964"/>
        <testcase name="testConstructor with data set &quot;Parent atom&quot;" assertions="6" time="0.005651"/>
        <testcase name="testConstructor with data set &quot;Self atom&quot;" assertions="6" time="0.005614"/>
        <testcase name="testConstructor with data set &quot;Whitespace&quot;" assertions="6" time="0.005522"/>
        <testcase name="testConstructor with data set &quot;Root with drive&quot;" assertions="6" time="0.005364"/>
        <testcase name="testConstructor with data set &quot;Single atom with drive&quot;" assertions="6" time="0.005377"/>
        <testcase name="testConstructor with data set &quot;Trailing slash with drive&quot;" assertions="6" time="0.005397"/>
        <testcase name="testConstructor with data set &quot;Multiple atoms with drive&quot;" assertions="6" time="0.005438"/>
        <testcase name="testConstructor with data set &quot;Parent atom with drive&quot;" assertions="6" time="0.005529"/>
        <testcase name="testConstructor with data set &quot;Self atom with drive&quot;" assertions="6" time="0.005502"/>
        <testcase name="testConstructor with data set &quot;Whitespace with drive&quot;" assertions="6" time="0.005443"/>
      </testsuite>
      <testcase name="testConstructorDefaults" class="Eloquent\Pathogen\Windows\AbsoluteWindowsPathTest" file="/home/travis/build/eloquent/pathogen/test/suite/Eloquent/Pathogen/Windows/AbsoluteWindowsPathTest.php" line="114" assertions="1" time="0.003286"/>
      <testcase name="testConstructorFailureAtomContainingSeparator" class="Eloquent\Pathogen\Windows\AbsoluteWindowsPathTest" file="/home/travis/build/eloquent/pathogen/test/suite/Eloquent/Pathogen/Windows/AbsoluteWindowsPathTest.php" line="121" assertions="2" time="0.003853"/>
      <testcase name="testConstructorFailureAtomContainingBackslash" class="Eloquent\Pathogen\Windows\AbsoluteWindowsPathTest" file="/home/travis/build/eloquent/pathogen/test/suite/Eloquent/Pathogen/Windows/AbsoluteWindowsPathTest.php" line="130" assertions="2" time="0.003805"/>
      <testsuite name="Eloquent\Pathogen\Windows\AbsoluteWindowsPathTest::testConstructorFailureAtomContainingInvalidCharacter" tests="39" assertions="78" failures="0" errors="0" time="0.205201">
        <testcase name="testConstructorFailureAtomContainingInvalidCharacter with data set &quot;Invalid path atom character (ASCII 0)&quot;" assertions="2" time="0.004135"/>
        <testcase name="testConstructorFailureAtomContainingInvalidCharacter with data set &quot;Invalid path atom character (ASCII 1)&quot;" assertions="2" time="0.004493"/>
        <testcase name="testConstructorFailureAtomContainingInvalidCharacter with data set &quot;Invalid path atom character (ASCII 2)&quot;" assertions="2" time="0.004376"/>
        <testcase name="testConstructorFailureAtomContainingInvalidCharacter with data set &quot;Invalid path atom character (ASCII 3)&quot;" assertions="2" time="0.004383"/>
        <testcase name="testConstructorFailureAtomContainingInvalidCharacter with data set &quot;Invalid path atom character (ASCII 4)&quot;" assertions="2" time="0.004474"/>
        <testcase name="testConstructorFailureAtomContainingInvalidCharacter with data set &quot;Invalid path atom character (ASCII 5)&quot;" assertions="2" time="0.004431"/>
        <testcase name="testConstructorFailureAtomContainingInvalidCharacter with data set &quot;Invalid path atom character (ASCII 6)&quot;" assertions="2" time="0.005809"/>
        <testcase name="testConstructorFailureAtomContainingInvalidCharacter with data set &quot;Invalid path atom character (ASCII 7)&quot;" assertions="2" time="0.005200"/>
        <testcase name="testConstructorFailureAtomContainingInvalidCharacter with data set &quot;Invalid path atom character (ASCII 8)&quot;" assertions="2" time="0.005998"/>
        <testcase name="testConstructorFailureAtomContainingInvalidCharacter with data set &quot;Invalid path atom character (ASCII 9)&quot;" assertions="2" time="0.005248"/>
        <testcase name="testConstructorFailureAtomContainingInvalidCharacter with data set &quot;Invalid path atom character (ASCII 10)&quot;" assertions="2" time="0.006257"/>
        <testcase name="testConstructorFailureAtomContainingInvalidCharacter with data set &quot;Invalid path atom character (ASCII 11)&quot;" assertions="2" time="0.005580"/>
        <testcase name="testConstructorFailureAtomContainingInvalidCharacter with data set &quot;Invalid path atom character (ASCII 12)&quot;" assertions="2" time="0.005201"/>
        <testcase name="testConstructorFailureAtomContainingInvalidCharacter with data set &quot;Invalid path atom character (ASCII 13)&quot;" assertions="2" time="0.005441"/>
        <testcase name="testConstructorFailureAtomContainingInvalidCharacter with data set &quot;Invalid path atom character (ASCII 14)&quot;" assertions="2" time="0.005070"/>
        <testcase name="testConstructorFailureAtomContainingInvalidCharacter with data set &quot;Invalid path atom character (ASCII 15)&quot;" assertions="2" time="0.005476"/>
        <testcase name="testConstructorFailureAtomContainingInvalidCharacter with data set &quot;Invalid path atom character (ASCII 16)&quot;" assertions="2" time="0.005736"/>
        <testcase name="testConstructorFailureAtomContainingInvalidCharacter with data set &quot;Invalid path atom character (ASCII 17)&quot;" assertions="2" time="0.005721"/>
        <testcase name="testConstructorFailureAtomContainingInvalidCharacter with data set &quot;Invalid path atom character (ASCII 18)&quot;" assertions="2" time="0.006143"/>
        <testcase name="testConstructorFailureAtomContainingInvalidCharacter with data set &quot;Invalid path atom character (ASCII 19)&quot;" assertions="2" time="0.005743"/>
        <testcase name="testConstructorFailureAtomContainingInvalidCharacter with data set &quot;Invalid path atom character (ASCII 20)&quot;" assertions="2" time="0.005489"/>
        <testcase name="testConstructorFailureAtomContainingInvalidCharacter with data set &quot;Invalid path atom character (ASCII 21)&quot;" assertions="2" time="0.005728"/>
        <testcase name="testConstructorFailureAtomContainingInvalidCharacter with data set &quot;Invalid path atom character (ASCII 22)&quot;" assertions="2" time="0.004767"/>
        <testcase name="testConstructorFailureAtomContainingInvalidCharacter with data set &quot;Invalid path atom character (ASCII 23)&quot;" assertions="2" time="0.005169"/>
        <testcase name="testConstructorFailureAtomContainingInvalidCharacter with data set &quot;Invalid path atom character (ASCII 24)&quot;" assertions="2" time="0.004684"/>
        <testcase name="testConstructorFailureAtomContainingInvalidCharacter with data set &quot;Invalid path atom character (ASCII 25)&quot;" assertions="2" time="0.004814"/>
        <testcase name="testConstructorFailureAtomContainingInvalidCharacter with data set &quot;Invalid path atom character (ASCII 26)&quot;" assertions="2" time="0.004852"/>
        <testcase name="testConstructorFailureAtomContainingInvalidCharacter with data set &quot;Invalid path atom character (ASCII 27)&quot;" assertions="2" time="0.005197"/>
        <testcase name="testConstructorFailureAtomContainingInvalidCharacter with data set &quot;Invalid path atom character (ASCII 28)&quot;" assertions="2" time="0.005361"/>
        <testcase name="testConstructorFailureAtomContainingInvalidCharacter with data set &quot;Invalid path atom character (ASCII 29)&quot;" assertions="2" time="0.005156"/>
        <testcase name="testConstructorFailureAtomContainingInvalidCharacter with data set &quot;Invalid path atom character (ASCII 30)&quot;" assertions="2" time="0.006263"/>
        <testcase name="testConstructorFailureAtomContainingInvalidCharacter with data set &quot;Invalid path atom character (ASCII 31)&quot;" assertions="2" time="0.005168"/>
        <testcase name="testConstructorFailureAtomContainingInvalidCharacter with data set &quot;Invalid path atom character (ASCII 60)&quot;" assertions="2" time="0.005728"/>
        <testcase name="testConstructorFailureAtomContainingInvalidCharacter with data set &quot;Invalid path atom character (ASCII 62)&quot;" assertions="2" time="0.005314"/>
        <testcase name="testConstructorFailureAtomContainingInvalidCharacter with data set &quot;Invalid path atom character (ASCII 58)&quot;" assertions="2" time="0.005388"/>
        <testcase name="testConstructorFailureAtomContainingInvalidCharacter with data set &quot;Invalid path atom character (ASCII 34)&quot;" assertions="2" time="0.005386"/>
        <testcase name="testConstructorFailureAtomContainingInvalidCharacter with data set &quot;Invalid path atom character (ASCII 124)&quot;" assertions="2" time="0.005276"/>
        <testcase name="testConstructorFailureAtomContainingInvalidCharacter with data set &quot;Invalid path atom character (ASCII 63)&quot;" assertions="2" time="0.005494"/>
        <testcase name="testConstructorFailureAtomContainingInvalidCharacter with data set &quot;Invalid path atom character (ASCII 42)&quot;" assertions="2" time="0.005052"/>
      </testsuite>
      <testcase name="testConstructorFailureEmptyAtom" class="Eloquent\Pathogen\Windows\AbsoluteWindowsPathTest" file="/home/travis/build/eloquent/pathogen/test/suite/Eloquent/Pathogen/Windows/AbsoluteWindowsPathTest.php" line="155" assertions="1" time="0.005215"/>
      <testcase name="testConstructorFailureInvalidDriveSpecifierCharacter" class="Eloquent\Pathogen\Windows\AbsoluteWindowsPathTest" file="/home/travis/build/eloquent/pathogen/test/suite/Eloquent/Pathogen/Windows/AbsoluteWindowsPathTest.php" line="163" assertions="1" time="0.005105"/>
      <testcase name="testConstructorFailureInvalidDriveSpecifierLength" class="Eloquent\Pathogen\Windows\AbsoluteWindowsPathTest" file="/home/travis/build/eloquent/pathogen/test/suite/Eloquent/Pathogen/Windows/AbsoluteWindowsPathTest.php" line="171" assertions="1" time="0.004526"/>
      <testsuite name="Eloquent\Pathogen\Windows\AbsoluteWindowsPathTest::testNamePartMethods" tests="16" assertions="96" failures="0" errors="0" time="0.127764">
        <testcase name="testNamePartMethods with data set &quot;Root&quot;" assertions="6" time="0.006444"/>
        <testcase name="testNamePartMethods with data set &quot;No extensions&quot;" assertions="6" time="0.006207"/>
        <testcase name="testNamePartMethods with data set &quot;Empty extension&quot;" assertions="6" time="0.007581"/>
        <testcase name="testNamePartMethods with data set &quot;Whitespace extension&quot;" assertions="6" time="0.008522"/>
        <testcase name="testNamePartMethods with data set &quot;Single extension&quot;" assertions="6" time="0.008432"/>
        <testcase name="testNamePartMethods with data set &quot;Multiple extensions&quot;" assertions="6" time="0.009065"/>
        <testcase name="testNamePartMethods with data set &quot;No name with single extension&quot;" assertions="6" time="0.007918"/>
        <testcase name="testNamePartMethods with data set &quot;No name with multiple extension&quot;" assertions="6" time="0.008416"/>
        <testcase name="testNamePartMethods with data set &quot;Root with drive&quot;" assertions="6" time="0.007630"/>
        <testcase name="testNamePartMethods with data set &quot;No extensions with drive&quot;" assertions="6" time="0.007851"/>
        <testcase name="testNamePartMethods with data set &quot;Empty extension with drive&quot;" assertions="6" time="0.008164"/>
        <testcase name="testNamePartMethods with data set &quot;Whitespace extension with drive&quot;" assertions="6" time="0.008344"/>
        <testcase name="testNamePartMethods with data set &quot;Single extension with drive&quot;" assertions="6" time="0.008346"/>
        <testcase name="testNamePartMethods with data set &quot;Multiple extensions with drive&quot;" assertions="6" time="0.008731"/>
        <testcase name="testNamePartMethods with data set &quot;No name with single extension with drive&quot;" assertions="6" time="0.007656"/>
        <testcase name="testNamePartMethods with data set &quot;No name with multiple extension with drive&quot;" assertions="6" time="0.008456"/>
      </testsuite>
      <testsuite name="Eloquent\Pathogen\Windows\AbsoluteWindowsPathTest::testParent" tests="6" assertions="6" failures="0" errors="0" time="0.037628">
        <testcase name="testParent with data set &quot;Root&quot;" assertions="1" time="0.005731"/>
        <testcase name="testParent with data set &quot;Single atom&quot;" assertions="1" time="0.005874"/>
        <testcase name="testParent with data set &quot;Multiple atoms&quot;" assertions="1" time="0.006835"/>
        <testcase name="testParent with data set &quot;Root with drive&quot;" assertions="1" time="0.006374"/>
        <testcase name="testParent with data set &quot;Single atom with drive&quot;" assertions="1" time="0.006489"/>
        <testcase name="testParent with data set &quot;Multiple atoms with drive&quot;" assertions="1" time="0.006325"/>
      </testsuite>
      <testsuite name="Eloquent\Pathogen\Windows\AbsoluteWindowsPathTest::testStripTrailingSlash" tests="10" assertions="10" failures="0" errors="0" time="0.050444">
        <testcase name="testStripTrailingSlash with data set &quot;Single atom&quot;" assertions="1" time="0.005898"/>
        <testcase name="testStripTrailingSlash with data set &quot;Multiple atoms&quot;" assertions="1" time="0.006095"/>
        <testcase name="testStripTrailingSlash with data set &quot;Whitespace atoms&quot;" assertions="1" time="0.006038"/>
        <testcase name="testStripTrailingSlash with data set &quot;No trailing slash&quot;" assertions="1" time="0.005586"/>
        <testcase name="testStripTrailingSlash with data set &quot;Root&quot;" assertions="1" time="0.004206"/>
        <testcase name="testStripTrailingSlash with data set &quot;Single atom with drive&quot;" assertions="1" time="0.004585"/>
        <testcase name="testStripTrailingSlash with data set &quot;Multiple atoms with drive&quot;" assertions="1" time="0.004779"/>
        <testcase name="testStripTrailingSlash with data set &quot;Whitespace atoms with drive&quot;" assertions="1" time="0.004763"/>
        <testcase name="testStripTrailingSlash with data set &quot;No trailing slash with drive&quot;" assertions="1" time="0.004311"/>
        <testcase name="testStripTrailingSlash with data set &quot;Root with drive&quot;" assertions="1" time="0.004183"/>
      </testsuite>
      <testsuite name="Eloquent\Pathogen\Windows\AbsoluteWindowsPathTest::testExtensionStripping" tests="12" assertions="24" failures="0" errors="0" time="0.062167">
        <testcase name="testExtensionStripping with data set &quot;Root&quot;" assertions="2" time="0.004692"/>
        <testcase name="testExtensionStripping with data set &quot;No extensions&quot;" assertions="2" time="0.004844"/>
        <testcase name="testExtensionStripping with data set &quot;Empty extension&quot;" assertions="2" time="0.005342"/>
        <testcase name="testExtensionStripping with data set &quot;Whitespace extension&quot;" assertions="2" time="0.005424"/>
        <testcase name="testExtensionStripping with data set &quot;Single extension&quot;" assertions="2" time="0.005410"/>
        <testcase name="testExtensionStripping with data set &quot;Multiple extensions&quot;" assertions="2" time="0.005377"/>
        <testcase name="testExtensionStripping with data set &quot;Root with drive&quot;" assertions="2" time="0.004673"/>
        <testcase name="testExtensionStripping with data set &quot;No extensions with drive&quot;" assertions="2" time="0.004955"/>
        <testcase name="testExtensionStripping with data set &quot;Empty extension with drive&quot;" assertions="2" time="0.005379"/>
        <testcase name="testExtensionStripping with data set &quot;Whitespace extension with drive&quot;" assertions="2" time="0.005381"/>
        <testcase name="testExtensionStripping with data set &quot;Single extension with drive&quot;" assertions="2" time="0.005354"/>
        <testcase name="testExtensionStripping with data set &quot;Multiple extensions with drive&quot;" assertions="2" time="0.005336"/>
      </testsuite>
      <testsuite name="Eloquent\Pathogen\Windows\AbsoluteWindowsPathTest::testJoinAtoms" tests="10" assertions="10" failures="0" errors="0" time="0.047833">
        <testcase name="testJoinAtoms with data set &quot;Single atom to root&quot;" assertions="1" time="0.004522"/>
        <testcase name="testJoinAtoms with data set &quot;Multiple atoms to root&quot;" assertions="1" time="0.004615"/>
        <testcase name="testJoinAtoms with data set &quot;Multiple atoms to multiple atoms&quot;" assertions="1" time="0.004939"/>
        <testcase name="testJoinAtoms with data set &quot;Whitespace atoms&quot;" assertions="1" time="0.004792"/>
        <testcase name="testJoinAtoms with data set &quot;Special atoms&quot;" assertions="1" time="0.004817"/>
        <testcase name="testJoinAtoms with data set &quot;Single atom to root with drive&quot;" assertions="1" time="0.004606"/>
        <testcase name="testJoinAtoms with data set &quot;Multiple atoms to root with drive&quot;" assertions="1" time="0.004709"/>
        <testcase name="testJoinAtoms with data set &quot;Multiple atoms to multiple atoms with drive&quot;" assertions="1" time="0.004976"/>
        <testcase name="testJoinAtoms with data set &quot;Whitespace atoms with drive&quot;" assertions="1" time="0.004786"/>
        <testcase name="testJoinAtoms with data set &quot;Special atoms with drive&quot;" assertions="1" time="0.005071"/>
      </testsuite>
      <testcase name="testJoinAtomsFailureAtomContainingSeparator" class="Eloquent\Pathogen\Windows\AbsoluteWindowsPathTest" file="/home/travis/build/eloquent/pathogen/test/suite/Eloquent/Pathogen/Windows/AbsoluteWindowsPathTest.php" line="331" assertions="2" time="0.005778"/>
      <testcase name="testJoinAtomsFailureAtomContainingBackslash" class="Eloquent\Pathogen\Windows\AbsoluteWindowsPathTest" file="/home/travis/build/eloquent/pathogen/test/suite/Eloquent/Pathogen/Windows/AbsoluteWindowsPathTest.php" line="342" assertions="2" time="0.005781"/>
      <testsuite name="Eloquent\Pathogen\Windows\AbsoluteWindowsPathTest::testJoinAtomsFailureAtomContainingInvalidCharacter" tests="39" assertions="78" failures="0" errors="0" time="0.219113">
        <testcase name="testJoinAtomsFailureAtomContainingInvalidCharacter with data set &quot;Invalid path atom character (ASCII 0)&quot;" assertions="2" time="0.005526"/>
        <testcase name="testJoinAtomsFailureAtomContainingInvalidCharacter with data set &quot;Invalid path atom character (ASCII 1)&quot;" assertions="2" time="0.005855"/>
        <testcase name="testJoinAtomsFailureAtomContainingInvalidCharacter with data set &quot;Invalid path atom character (ASCII 2)&quot;" assertions="2" time="0.006052"/>
[...]
        <testcase name="testJoinAtomsFailureAtomContainingInvalidCharacter with data set &quot;Invalid path atom character (ASCII 23)&quot;" assertions="2" time="0.005030"/>
        <testcase name="testJoinAtomsFailureAtomContainingInvalidCharacter with data set &quot;Invalid path atom character (ASCII 24)&quot;" assertions="2" time="0.004925"/>
        <testcase name="testJoinAtomsFailureAtomContainingInvalidCharacter with data set &quot;Invalid path atom character (ASCII 25)&quot;" assertions="2" time="0.005013"/>
        <testcase name="testJoinAtomsFailureAtomContainingInvalidCharacter with data set &quot;Invalid path atom character (ASCII 26)&quot;" assertions="2" time="0.005024"/>
        <testcase name="testJoinAtomsFailureAtomContainingInvalidCharacter with data set &quot;Invalid path atom character (ASCII 27)&quot;" assertions="2" time="0.005026"/>
        <testcase name="testJoinAtomsFailureAtomContainingInvalidCharacter with data set &quot;Invalid path atom character (ASCII 28)&quot;" assertions="2" time="0.005008"/>
        <testcase name="testJoinAtomsFailureAtomContainingInvalidCharacter with data set &quot;Invalid path atom character (ASCII 29)&quot;" assertions="2" time="0.004942"/>
        <testcase name="testJoinAtomsFailureAtomContainingInvalidCharacter with data set &quot;Invalid path atom character (ASCII 30)&quot;" assertions="2" time="0.004959"/>
        <testcase name="testJoinAtomsFailureAtomContainingInvalidCharacter with data set &quot;Invalid path atom character (ASCII 31)&quot;" assertions="2" time="0.004917"/>
        <testcase name="testJoinAtomsFailureAtomContainingInvalidCharacter with data set &quot;Invalid path atom character (ASCII 60)&quot;" assertions="2" time="0.004956"/>
        <testcase name="testJoinAtomsFailureAtomContainingInvalidCharacter with data set &quot;Invalid path atom character (ASCII 62)&quot;" assertions="2" time="0.004987"/>
        <testcase name="testJoinAtomsFailureAtomContainingInvalidCharacter with data set &quot;Invalid path atom character (ASCII 58)&quot;" assertions="2" time="0.004957"/>
        <testcase name="testJoinAtomsFailureAtomContainingInvalidCharacter with data set &quot;Invalid path atom character (ASCII 34)&quot;" assertions="2" time="0.004990"/>
        <testcase name="testJoinAtomsFailureAtomContainingInvalidCharacter with data set &quot;Invalid path atom character (ASCII 124)&quot;" assertions="2" time="0.005014"/>
        <testcase name="testJoinAtomsFailureAtomContainingInvalidCharacter with data set &quot;Invalid path atom character (ASCII 63)&quot;" assertions="2" time="0.005060"/>
        <testcase name="testJoinAtomsFailureAtomContainingInvalidCharacter with data set &quot;Invalid path atom character (ASCII 42)&quot;" assertions="2" time="0.005111"/>
      </testsuite>
      <testcase name="testJoinAtomsFailureEmptyAtom" class="Eloquent\Pathogen\Windows\RelativeWindowsPathTest" file="/home/travis/build/eloquent/pathogen/test/suite/Eloquent/Pathogen/Windows/RelativeWindowsPathTest.php" line="295" assertions="1" time="0.004742"/>
      <testsuite name="Eloquent\Pathogen\Windows\RelativeWindowsPathTest::testJoinAtomSequence" tests="5" assertions="5" failures="0" errors="0" time="0.020954">
        <testcase name="testJoinAtomSequence with data set &quot;Single atom to self&quot;" assertions="1" time="0.004169"/>
        <testcase name="testJoinAtomSequence with data set &quot;Multiple atoms to self&quot;" assertions="1" time="0.004296"/>
        <testcase name="testJoinAtomSequence with data set &quot;Multiple atoms to multiple atoms&quot;" assertions="1" time="0.004292"/>
        <testcase name="testJoinAtomSequence with data set &quot;Whitespace atoms&quot;" assertions="1" time="0.003986"/>
        <testcase name="testJoinAtomSequence with data set &quot;Special atoms&quot;" assertions="1" time="0.004211"/>
      </testsuite>
      <testcase name="testJoinAtomSequenceFailureAtomContainingSeparator" class="Eloquent\Pathogen\Windows\RelativeWindowsPathTest" file="/home/travis/build/eloquent/pathogen/test/suite/Eloquent/Pathogen/Windows/RelativeWindowsPathTest.php" line="316" assertions="2" time="0.005065"/>
      <testcase name="testJoinAtomSequenceFailureAtomContainingBackslash" class="Eloquent\Pathogen\Windows\RelativeWindowsPathTest" file="/home/travis/build/eloquent/pathogen/test/suite/Eloquent/Pathogen/Windows/RelativeWindowsPathTest.php" line="327" assertions="2" time="0.004901"/>
      <testsuite name="Eloquent\Pathogen\Windows\RelativeWindowsPathTest::testJoinAtomSequenceFailureAtomContainingInvalidCharacter" tests="39" assertions="78" failures="0" errors="0" time="0.196240">
        <testcase name="testJoinAtomSequenceFailureAtomContainingInvalidCharacter with data set &quot;Invalid path atom character (ASCII 0)&quot;" assertions="2" time="0.005194"/>
        <testcase name="testJoinAtomSequenceFailureAtomContainingInvalidCharacter with data set &quot;Invalid path atom character (ASCII 1)&quot;" assertions="2" time="0.005194"/>
        <testcase name="testJoinAtomSequenceFailureAtomContainingInvalidCharacter with data set &quot;Invalid path atom character (ASCII 2)&quot;" assertions="2" time="0.005157"/>
        <testcase name="testJoinAtomSequenceFailureAtomContainingInvalidCharacter with data set &quot;Invalid path atom character (ASCII 3)&quot;" assertions="2" time="0.005159"/>
        <testcase name="testJoinAtomSequenceFailureAtomContainingInvalidCharacter with data set &quot;Invalid path atom character (ASCII 4)&quot;" assertions="2" time="0.005341"/>
        <testcase name="testJoinAtomSequenceFailureAtomContainingInvalidCharacter with data set &quot;Invalid path atom character (ASCII 5)&quot;" assertions="2" time="0.005166"/>
        <testcase name="testJoinAtomSequenceFailureAtomContainingInvalidCharacter with data set &quot;Invalid path atom character (ASCII 6)&quot;" assertions="2" time="0.005079"/>
        <testcase name="testJoinAtomSequenceFailureAtomContainingInvalidCharacter with data set &quot;Invalid path atom character (ASCII 7)&quot;" assertions="2" time="0.005116"/>
        <testcase name="testJoinAtomSequenceFailureAtomContainingInvalidCharacter with data set &quot;Invalid path atom character (ASCII 8)&quot;" assertions="2" time="0.005155"/>
        <testcase name="testJoinAtomSequenceFailureAtomContainingInvalidCharacter with data set &quot;Invalid path atom character (ASCII 9)&quot;" assertions="2" time="0.005104"/>
        <testcase name="testJoinAtomSequenceFailureAtomContainingInvalidCharacter with data set &quot;Invalid path atom character (ASCII 10)&quot;" assertions="2" time="0.005117"/>
        <testcase name="testJoinAtomSequenceFailureAtomContainingInvalidCharacter with data set &quot;Invalid path atom character (ASCII 11)&quot;" assertions="2" time="0.005038"/>
        <testcase name="testJoinAtomSequenceFailureAtomContainingInvalidCharacter with data set &quot;Invalid path atom character (ASCII 12)&quot;" assertions="2" time="0.005025"/>
        <testcase name="testJoinAtomSequenceFailureAtomContainingInvalidCharacter with data set &quot;Invalid path atom character (ASCII 13)&quot;" assertions="2" time="0.005063"/>
        <testcase name="testJoinAtomSequenceFailureAtomContainingInvalidCharacter with data set &quot;Invalid path atom character (ASCII 14)&quot;" assertions="2" time="0.005018"/>
        <testcase name="testJoinAtomSequenceFailureAtomContainingInvalidCharacter with data set &quot;Invalid path atom character (ASCII 15)&quot;" assertions="2" time="0.005021"/>
        <testcase name="testJoinAtomSequenceFailureAtomContainingInvalidCharacter with data set &quot;Invalid path atom character (ASCII 16)&quot;" assertions="2" time="0.005094"/>
        <testcase name="testJoinAtomSequenceFailureAtomContainingInvalidCharacter with data set &quot;Invalid path atom character (ASCII 17)&quot;" assertions="2" time="0.005159"/>
        <testcase name="testJoinAtomSequenceFailureAtomContainingInvalidCharacter with data set &quot;Invalid path atom character (ASCII 18)&quot;" assertions="2" time="0.005184"/>
        <testcase name="testJoinAtomSequenceFailureAtomContainingInvalidCharacter with data set &quot;Invalid path atom character (ASCII 19)&quot;" assertions="2" time="0.005181"/>
        <testcase name="testJoinAtomSequenceFailureAtomContainingInvalidCharacter with data set &quot;Invalid path atom character (ASCII 20)&quot;" assertions="2" time="0.005050"/>
        <testcase name="testJoinAtomSequenceFailureAtomContainingInvalidCharacter with data set &quot;Invalid path atom character (ASCII 21)&quot;" assertions="2" time="0.005031"/>
        <testcase name="testJoinAtomSequenceFailureAtomContainingInvalidCharacter with data set &quot;Invalid path atom character (ASCII 22)&quot;" assertions="2" time="0.005110"/>
        <testcase name="testJoinAtomSequenceFailureAtomContainingInvalidCharacter with data set &quot;Invalid path atom character (ASCII 23)&quot;" assertions="2" time="0.005150"/>
        <testcase name="testJoinAtomSequenceFailureAtomContainingInvalidCharacter with data set &quot;Invalid path atom character (ASCII 24)&quot;" assertions="2" time="0.005109"/>
        <testcase name="testJoinAtomSequenceFailureAtomContainingInvalidCharacter with data set &quot;Invalid path atom character (ASCII 25)&quot;" assertions="2" time="0.005184"/>
        <testcase name="testJoinAtomSequenceFailureAtomContainingInvalidCharacter with data set &quot;Invalid path atom character (ASCII 26)&quot;" assertions="2" time="0.005108"/>
        <testcase name="testJoinAtomSequenceFailureAtomContainingInvalidCharacter with data set &quot;Invalid path atom character (ASCII 27)&quot;" assertions="2" time="0.005150"/>
        <testcase name="testJoinAtomSequenceFailureAtomContainingInvalidCharacter with data set &quot;Invalid path atom character (ASCII 28)&quot;" assertions="2" time="0.005078"/>
        <testcase name="testJoinAtomSequenceFailureAtomContainingInvalidCharacter with data set &quot;Invalid path atom character (ASCII 29)&quot;" assertions="2" time="0.005131"/>
        <testcase name="testJoinAtomSequenceFailureAtomContainingInvalidCharacter with data set &quot;Invalid path atom character (ASCII 30)&quot;" assertions="2" time="0.005084"/>
        <testcase name="testJoinAtomSequenceFailureAtomContainingInvalidCharacter with data set &quot;Invalid path atom character (ASCII 31)&quot;" assertions="2" time="0.004712"/>
        <testcase name="testJoinAtomSequenceFailureAtomContainingInvalidCharacter with data set &quot;Invalid path atom character (ASCII 60)&quot;" assertions="2" time="0.004668"/>
        <testcase name="testJoinAtomSequenceFailureAtomContainingInvalidCharacter with data set &quot;Invalid path atom character (ASCII 62)&quot;" assertions="2" time="0.004649"/>
        <testcase name="testJoinAtomSequenceFailureAtomContainingInvalidCharacter with data set &quot;Invalid path atom character (ASCII 58)&quot;" assertions="2" time="0.004725"/>
        <testcase name="testJoinAtomSequenceFailureAtomContainingInvalidCharacter with data set &quot;Invalid path atom character (ASCII 34)&quot;" assertions="2" time="0.004799"/>
        <testcase name="testJoinAtomSequenceFailureAtomContainingInvalidCharacter with data set &quot;Invalid path atom character (ASCII 124)&quot;" assertions="2" time="0.004679"/>
        <testcase name="testJoinAtomSequenceFailureAtomContainingInvalidCharacter with data set &quot;Invalid path atom character (ASCII 63)&quot;" assertions="2" time="0.004696"/>
        <testcase name="testJoinAtomSequenceFailureAtomContainingInvalidCharacter with data set &quot;Invalid path atom character (ASCII 42)&quot;" assertions="2" time="0.004563"/>
      </testsuite>
      <testcase name="testJoinAtomSequenceFailureEmptyAtom" class="Eloquent\Pathogen\Windows\RelativeWindowsPathTest" file="/home/travis/build/eloquent/pathogen/test/suite/Eloquent/Pathogen/Windows/RelativeWindowsPathTest.php" line="356" assertions="1" time="0.004483"/>
      <testsuite name="Eloquent\Pathogen\Windows\RelativeWindowsPathTest::testJoin" tests="6" assertions="6" failures="0" errors="0" time="0.026077">
        <testcase name="testJoin with data set &quot;Relative atom to self&quot;" assertions="1" time="0.004403"/>
        <testcase name="testJoin with data set &quot;Single atom to self&quot;" assertions="1" time="0.004225"/>
        <testcase name="testJoin with data set &quot;Multiple atoms to self&quot;" assertions="1" time="0.004448"/>
        <testcase name="testJoin with data set &quot;Multiple atoms to multiple atoms&quot;" assertions="1" time="0.004411"/>
        <testcase name="testJoin with data set &quot;Whitespace atoms&quot;" assertions="1" time="0.004202"/>
        <testcase name="testJoin with data set &quot;Special atoms&quot;" assertions="1" time="0.004388"/>
      </testsuite>
      <testcase name="testJoinFailureAbsoluteJoinPath" class="Eloquent\Pathogen\Windows\RelativeWindowsPathTest" file="/home/travis/build/eloquent/pathogen/test/suite/Eloquent/Pathogen/Windows/RelativeWindowsPathTest.php" line="391" assertions="1" time="0.004222"/>
      <testsuite name="Eloquent\Pathogen\Windows\RelativeWindowsPathTest::testJoinTrailingSlash" tests="5" assertions="5" failures="0" errors="0" time="0.019882">
        <testcase name="testJoinTrailingSlash with data set &quot;Self atom&quot;" assertions="1" time="0.003968"/>
        <testcase name="testJoinTrailingSlash with data set &quot;Single atom&quot;" assertions="1" time="0.003884"/>
        <testcase name="testJoinTrailingSlash with data set &quot;Whitespace atom&quot;" assertions="1" time="0.003852"/>
        <testcase name="testJoinTrailingSlash with data set &quot;Multiple atoms&quot;" assertions="1" time="0.004202"/>
        <testcase name="testJoinTrailingSlash with data set &quot;Existing trailing slash&quot;" assertions="1" time="0.003976"/>
      </testsuite>
      <testsuite name="Eloquent\Pathogen\Windows\RelativeWindowsPathTest::testJoinExtensions" tests="7" assertions="7" failures="0" errors="0" time="0.028292">
        <testcase name="testJoinExtensions with data set &quot;Add to self&quot;" assertions="1" time="0.004150"/>
        <testcase name="testJoinExtensions with data set &quot;Empty extension&quot;" assertions="1" time="0.004005"/>
        <testcase name="testJoinExtensions with data set &quot;Whitespace extension&quot;" assertions="1" time="0.004038"/>
        <testcase name="testJoinExtensions with data set &quot;Single extension&quot;" assertions="1" time="0.003943"/>
        <testcase name="testJoinExtensions with data set &quot;Multiple extensions&quot;" assertions="1" time="0.004057"/>
        <testcase name="testJoinExtensions with data set &quot;Empty extension with trailing slash&quot;" assertions="1" time="0.004003"/>
        <testcase name="testJoinExtensions with data set &quot;Multiple extensions with trailing slash&quot;" assertions="1" time="0.004096"/>
      </testsuite>
      <testcase name="testJoinExtensionsFailureAtomContainingSeparator" class="Eloquent\Pathogen\Windows\RelativeWindowsPathTest" file="/home/travis/build/eloquent/pathogen/test/suite/Eloquent/Pathogen/Windows/RelativeWindowsPathTest.php" line="447" assertions="2" time="0.004526"/>
      <testsuite name="Eloquent\Pathogen\Windows\RelativeWindowsPathTest::testJoinExtensionSequence" tests="7" assertions="7" failures="0" errors="0" time="0.034997">
        <testcase name="testJoinExtensionSequence with data set &quot;Add to self&quot;" assertions="1" time="0.005075"/>
        <testcase name="testJoinExtensionSequence with data set &quot;Empty extension&quot;" assertions="1" time="0.004596"/>
        <testcase name="testJoinExtensionSequence with data set &quot;Whitespace extension&quot;" assertions="1" time="0.004851"/>
        <testcase name="testJoinExtensionSequence with data set &quot;Single extension&quot;" assertions="1" time="0.005419"/>
        <testcase name="testJoinExtensionSequence with data set &quot;Multiple extensions&quot;" assertions="1" time="0.005045"/>
        <testcase name="testJoinExtensionSequence with data set &quot;Empty extension with trailing slash&quot;" assertions="1" time="0.005020"/>
        <testcase name="testJoinExtensionSequence with data set &quot;Multiple extensions with trailing slash&quot;" assertions="1" time="0.004991"/>
      </testsuite>
      <testcase name="testJoinExtensionSequenceFailureAtomContainingSeparator" class="Eloquent\Pathogen\Windows\RelativeWindowsPathTest" file="/home/travis/build/eloquent/pathogen/test/suite/Eloquent/Pathogen/Windows/RelativeWindowsPathTest.php" line="469" assertions="2" time="0.005519"/>
      <testsuite name="Eloquent\Pathogen\Windows\RelativeWindowsPathTest::testSuffixName" tests="7" assertions="7" failures="0" errors="0" time="0.034831">
        <testcase name="testSuffixName with data set &quot;Self&quot;" assertions="1" time="0.005055"/>
        <testcase name="testSuffixName with data set &quot;Empty suffix&quot;" assertions="1" time="0.004486"/>
        <testcase name="testSuffixName with data set &quot;Empty suffix and trailing slash&quot;" assertions="1" time="0.005224"/>
        <testcase name="testSuffixName with data set &quot;Whitespace suffix&quot;" assertions="1" time="0.005269"/>
        <testcase name="testSuffixName with data set &quot;Normal suffix&quot;" assertions="1" time="0.004796"/>
        <testcase name="testSuffixName with data set &quot;Suffix with dots&quot;" assertions="1" time="0.004883"/>
        <testcase name="testSuffixName with data set &quot;Suffix with dots and trailing slash&quot;" assertions="1" time="0.005118"/>
      </testsuite>
      <testcase name="testSuffixNameFailureAtomContainingSeparator" class="Eloquent\Pathogen\Windows\RelativeWindowsPathTest" file="/home/travis/build/eloquent/pathogen/test/suite/Eloquent/Pathogen/Windows/RelativeWindowsPathTest.php" line="504" assertions="2" time="0.005169"/>
      <testsuite name="Eloquent\Pathogen\Windows\RelativeWindowsPathTest::testPrefixName" tests="7" assertions="7" failures="0" errors="0" time="0.036890">
        <testcase name="testPrefixName with data set &quot;Self&quot;" assertions="1" time="0.004803"/>
        <testcase name="testPrefixName with data set &quot;Empty atom and trailing slash&quot;" assertions="1" time="0.004930"/>
        <testcase name="testPrefixName with data set &quot;Empty prefix&quot;" assertions="1" time="0.005294"/>
        <testcase name="testPrefixName with data set &quot;Whitespace prefix&quot;" assertions="1" time="0.005857"/>
        <testcase name="testPrefixName with data set &quot;Normal prefix&quot;" assertions="1" time="0.005448"/>
        <testcase name="testPrefixName with data set &quot;Prefix with dots&quot;" assertions="1" time="0.004967"/>
        <testcase name="testPrefixName with data set &quot;Prefix with dots with trailing slash&quot;" assertions="1" time="0.005591"/>
      </testsuite>
      <testcase name="testPrefixNameFailureAtomContainingSeparator" class="Eloquent\Pathogen\Windows\RelativeWindowsPathTest" file="/home/travis/build/eloquent/pathogen/test/suite/Eloquent/Pathogen/Windows/RelativeWindowsPathTest.php" line="539" assertions="2" time="0.005213"/>
      <testsuite name="Eloquent\Pathogen\Windows\RelativeWindowsPathTest::testIsSelf" tests="4" assertions="4" failures="0" errors="0" time="0.018223">
        <testcase name="testIsSelf with data set &quot;Self&quot;" assertions="1" time="0.004531"/>
        <testcase name="testIsSelf with data set &quot;Self non-normalized&quot;" assertions="1" time="0.004748"/>
        <testcase name="testIsSelf with data set &quot;Single atom&quot;" assertions="1" time="0.004423"/>
        <testcase name="testIsSelf with data set &quot;Multiple atoms&quot;" assertions="1" time="0.004521"/>
      </testsuite>
    </testsuite>
  </testsuite>
</testsuites>
