<?xml version="1.0" encoding="UTF-8"?>
<testsuites>
  <testsuite name="" tests="1301" assertions="2433" failures="0" errors="0" time="7.430449">
    <testsuite name="Eloquent\Pathogen\AbsolutePathTest" file="/home/travis/build/eloquent/pathogen/test/suite/Eloquent/Pathogen/AbsolutePathTest.php" namespace="Eloquent\Pathogen" fullPackage="Eloquent.Pathogen" tests="165" assertions="253" failures="0" errors="0" time="0.833823">
      <testsuite name="Eloquent\Pathogen\AbsolutePathTest::testConstructor" tests="7" assertions="28" failures="0" errors="0" time="0.055001">
        <testcase name="testConstructor with data set &quot;Root&quot;" assertions="4" time="0.023124"/>
        <testcase name="testConstructor with data set &quot;Single atom&quot;" assertions="4" time="0.005341"/>
        <testcase name="testConstructor with data set &quot;Trailing slash&quot;" assertions="4" time="0.005216"/>
        <testcase name="testConstructor with data set &quot;Multiple atoms&quot;" assertions="4" time="0.005291"/>
        <testcase name="testConstructor with data set &quot;Parent atom&quot;" assertions="4" time="0.005348"/>
        <testcase name="testConstructor with data set &quot;Self atom&quot;" assertions="4" time="0.005347"/>
        <testcase name="testConstructor with data set &quot;Whitespace&quot;" assertions="4" time="0.005334"/>
      </testsuite>
      <testcase name="testConstructorDefaults" class="Eloquent\Pathogen\AbsolutePathTest" file="/home/travis/build/eloquent/pathogen/test/suite/Eloquent/Pathogen/AbsolutePathTest.php" line="59" assertions="1" time="0.004419"/>
      <testcase name="testConstructorFailureAtomContainingSeparator" class="Eloquent\Pathogen\AbsolutePathTest" file="/home/travis/build/eloquent/pathogen/test/suite/Eloquent/Pathogen/AbsolutePathTest.php" line="66" assertions="2" time="0.007359"/>
      <testcase name="testConstructorFailureEmptyAtom" class="Eloquent\Pathogen\AbsolutePathTest" file="/home/travis/build/eloquent/pathogen/test/suite/Eloquent/Pathogen/AbsolutePathTest.php" line="75" assertions="1" time="0.004567"/>
      <testsuite name="Eloquent\Pathogen\AbsolutePathTest::testNamePartMethods" tests="8" assertions="48" failures="0" errors="0" time="0.048132">
        <testcase name="testNamePartMethods with data set &quot;Root&quot;" assertions="6" time="0.005980"/>
        <testcase name="testNamePartMethods with data set &quot;No extensions&quot;" assertions="6" time="0.005987"/>
        <testcase name="testNamePartMethods with data set &quot;Empty extension&quot;" assertions="6" time="0.006036"/>
        <testcase name="testNamePartMethods with data set &quot;Whitespace extension&quot;" assertions="6" time="0.006033"/>
        <testcase name="testNamePartMethods with data set &quot;Single extension&quot;" assertions="6" time="0.006001"/>
        <testcase name="testNamePartMethods with data set &quot;Multiple extensions&quot;" assertions="6" time="0.006047"/>
        <testcase name="testNamePartMethods with data set &quot;No name with single extension&quot;" assertions="6" time="0.006027"/>
        <testcase name="testNamePartMethods with data set &quot;No name with multiple extension&quot;" assertions="6" time="0.006021"/>
      </testsuite>
      <testsuite name="Eloquent\Pathogen\AbsolutePathTest::testNameAtoms" tests="5" assertions="5" failures="0" errors="0" time="0.019674">
        <testcase name="testNameAtoms with data set &quot;Root&quot;" assertions="1" time="0.003860"/>
        <testcase name="testNameAtoms with data set &quot;Root with self&quot;" assertions="1" time="0.003931"/>
        <testcase name="testNameAtoms with data set &quot;Single name atom&quot;" assertions="1" time="0.003956"/>
        <testcase name="testNameAtoms with data set &quot;Multiple name atoms&quot;" assertions="1" time="0.003960"/>
        <testcase name="testNameAtoms with data set &quot;Multiple path atoms&quot;" assertions="1" time="0.003967"/>
      </testsuite>
      <testsuite name="Eloquent\Pathogen\AbsolutePathTest::testParent" tests="3" assertions="3" failures="0" errors="0" time="0.012640">
        <testcase name="testParent with data set &quot;Root&quot;" assertions="1" time="0.004142"/>
        <testcase name="testParent with data set &quot;Single atom&quot;" assertions="1" time="0.004229"/>
        <testcase name="testParent with data set &quot;Multiple atoms&quot;" assertions="1" time="0.004269"/>
      </testsuite>
      <testsuite name="Eloquent\Pathogen\AbsolutePathTest::testStripTrailingSlash" tests="5" assertions="5" failures="0" errors="0" time="0.020748">
        <testcase name="testStripTrailingSlash with data set &quot;Single atom&quot;" assertions="1" time="0.004198"/>
        <testcase name="testStripTrailingSlash with data set &quot;Multiple atoms&quot;" assertions="1" time="0.004245"/>
        <testcase name="testStripTrailingSlash with data set &quot;Whitespace atoms&quot;" assertions="1" time="0.004266"/>
        <testcase name="testStripTrailingSlash with data set &quot;No trailing slash&quot;" assertions="1" time="0.004042"/>
        <testcase name="testStripTrailingSlash with data set &quot;Root&quot;" assertions="1" time="0.003997"/>
      </testsuite>
      <testsuite name="Eloquent\Pathogen\AbsolutePathTest::testExtensionStripping" tests="6" assertions="12" failures="0" errors="0" time="0.030163">
        <testcase name="testExtensionStripping with data set &quot;Root&quot;" assertions="2" time="0.004923"/>
        <testcase name="testExtensionStripping with data set &quot;No extensions&quot;" assertions="2" time="0.005047"/>
        <testcase name="testExtensionStripping with data set &quot;Empty extension&quot;" assertions="2" time="0.005051"/>
        <testcase name="testExtensionStripping with data set &quot;Whitespace extension&quot;" assertions="2" time="0.005023"/>
        <testcase name="testExtensionStripping with data set &quot;Single extension&quot;" assertions="2" time="0.005075"/>
        <testcase name="testExtensionStripping with data set &quot;Multiple extensions&quot;" assertions="2" time="0.005044"/>
      </testsuite>
      <testsuite name="Eloquent\Pathogen\AbsolutePathTest::testJoinAtoms" tests="5" assertions="5" failures="0" errors="0" time="0.021343">
        <testcase name="testJoinAtoms with data set &quot;Single atom to root&quot;" assertions="1" time="0.004205"/>
        <testcase name="testJoinAtoms with data set &quot;Multiple atoms to root&quot;" assertions="1" time="0.004236"/>
        <testcase name="testJoinAtoms with data set &quot;Multiple atoms to multiple atoms&quot;" assertions="1" time="0.004347"/>
        <testcase name="testJoinAtoms with data set &quot;Whitespace atoms&quot;" assertions="1" time="0.004248"/>
        <testcase name="testJoinAtoms with data set &quot;Special atoms&quot;" assertions="1" time="0.004307"/>
      </testsuite>
      <testcase name="testJoinAtomsFailureAtomContainingSeparator" class="Eloquent\Pathogen\AbsolutePathTest" file="/home/travis/build/eloquent/pathogen/test/suite/Eloquent/Pathogen/AbsolutePathTest.php" line="225" assertions="2" time="0.004841"/>
      <testcase name="testJoinAtomsFailureEmptyAtom" class="Eloquent\Pathogen\AbsolutePathTest" file="/home/travis/build/eloquent/pathogen/test/suite/Eloquent/Pathogen/AbsolutePathTest.php" line="236" assertions="1" time="0.004669"/>
      <testsuite name="Eloquent\Pathogen\AbsolutePathTest::testJoinAtomSequence" tests="5" assertions="5" failures="0" errors="0" time="0.021269">
        <testcase name="testJoinAtomSequence with data set &quot;Single atom to root&quot;" assertions="1" time="0.004215"/>
        <testcase name="testJoinAtomSequence with data set &quot;Multiple atoms to root&quot;" assertions="1" time="0.004209"/>
        <testcase name="testJoinAtomSequence with data set &quot;Multiple atoms to multiple atoms&quot;" assertions="1" time="0.004356"/>
        <testcase name="testJoinAtomSequence with data set &quot;Whitespace atoms&quot;" assertions="1" time="0.004227"/>
        <testcase name="testJoinAtomSequence with data set &quot;Special atoms&quot;" assertions="1" time="0.004262"/>
      </testsuite>
      <testcase name="testJoinAtomSequenWithNonArray" class="Eloquent\Pathogen\AbsolutePathTest" file="/home/travis/build/eloquent/pathogen/test/suite/Eloquent/Pathogen/AbsolutePathTest.php" line="257" assertions="1" time="0.004302"/>
      <testcase name="testJoinAtomSequenceFailureAtomContainingSeparator" class="Eloquent\Pathogen\AbsolutePathTest" file="/home/travis/build/eloquent/pathogen/test/suite/Eloquent/Pathogen/AbsolutePathTest.php" line="265" assertions="2" time="0.004786"/>
      <testcase name="testJoinAtomSequenceFailureEmptyAtom" class="Eloquent\Pathogen\AbsolutePathTest" file="/home/travis/build/eloquent/pathogen/test/suite/Eloquent/Pathogen/AbsolutePathTest.php" line="276" assertions="1" time="0.004619"/>
      <testsuite name="Eloquent\Pathogen\AbsolutePathTest::testJoin" tests="5" assertions="5" failures="0" errors="0" time="0.023673">
        <testcase name="testJoin with data set &quot;Single atom to root&quot;" assertions="1" time="0.005288"/>
        <testcase name="testJoin with data set &quot;Multiple atoms to root&quot;" assertions="1" time="0.004542"/>
        <testcase name="testJoin with data set &quot;Multiple atoms to multiple atoms&quot;" assertions="1" time="0.004692"/>
        <testcase name="testJoin with data set &quot;Whitespace atoms&quot;" assertions="1" time="0.004536"/>
        <testcase name="testJoin with data set &quot;Special atoms&quot;" assertions="1" time="0.004615"/>
      </testsuite>
      <testcase name="testJoinFailureAbsoluteJoinPath" class="Eloquent\Pathogen\AbsolutePathTest" file="/home/travis/build/eloquent/pathogen/test/suite/Eloquent/Pathogen/AbsolutePathTest.php" line="310" assertions="1" time="0.004638"/>
      <testsuite name="Eloquent\Pathogen\AbsolutePathTest::testJoinTrailingSlash" tests="5" assertions="5" failures="0" errors="0" time="0.021329">
        <testcase name="testJoinTrailingSlash with data set &quot;Root atom&quot;" assertions="1" time="0.004157"/>
        <testcase name="testJoinTrailingSlash with data set &quot;Single atom&quot;" assertions="1" time="0.004334"/>
        <testcase name="testJoinTrailingSlash with data set &quot;Whitespace atom&quot;" assertions="1" time="0.004329"/>
        <testcase name="testJoinTrailingSlash with data set &quot;Multiple atoms&quot;" assertions="1" time="0.004413"/>
        <testcase name="testJoinTrailingSlash with data set &quot;Existing trailing slash&quot;" assertions="1" time="0.004096"/>
      </testsuite>
      <testsuite name="Eloquent\Pathogen\AbsolutePathTest::testJoinExtensions" tests="7" assertions="7" failures="0" errors="0" time="0.030966">
        <testcase name="testJoinExtensions with data set &quot;Add to root&quot;" assertions="1" time="0.004405"/>
        <testcase name="testJoinExtensions with data set &quot;Empty extension&quot;" assertions="1" time="0.004397"/>
        <testcase name="testJoinExtensions with data set &quot;Whitespace extension&quot;" assertions="1" time="0.004401"/>
        <testcase name="testJoinExtensions with data set &quot;Single extension&quot;" assertions="1" time="0.004415"/>
        <testcase name="testJoinExtensions with data set &quot;Multiple extensions&quot;" assertions="1" time="0.004442"/>
        <testcase name="testJoinExtensions with data set &quot;Empty extension with trailing slash&quot;" assertions="1" time="0.004462"/>
        <testcase name="testJoinExtensions with data set &quot;Multiple extensions with trailing slash&quot;" assertions="1" time="0.004444"/>
      </testsuite>
      <testcase name="testJoinExtensionsFailureAtomContainingSeparator" class="Eloquent\Pathogen\AbsolutePathTest" file="/home/travis/build/eloquent/pathogen/test/suite/Eloquent/Pathogen/AbsolutePathTest.php" line="366" assertions="2" time="0.005004"/>
      <testsuite name="Eloquent\Pathogen\AbsolutePathTest::testJoinExtensionSequence" tests="7" assertions="7" failures="0" errors="0" time="0.030826">
        <testcase name="testJoinExtensionSequence with data set &quot;Add to root&quot;" assertions="1" time="0.004408"/>
        <testcase name="testJoinExtensionSequence with data set &quot;Empty extension&quot;" assertions="1" time="0.004418"/>
        <testcase name="testJoinExtensionSequence with data set &quot;Whitespace extension&quot;" assertions="1" time="0.004378"/>
        <testcase name="testJoinExtensionSequence with data set &quot;Single extension&quot;" assertions="1" time="0.004378"/>
        <testcase name="testJoinExtensionSequence with data set &quot;Multiple extensions&quot;" assertions="1" time="0.004396"/>
        <testcase name="testJoinExtensionSequence with data set &quot;Empty extension with trailing slash&quot;" assertions="1" time="0.004427"/>
        <testcase name="testJoinExtensionSequence with data set &quot;Multiple extensions with trailing slash&quot;" assertions="1" time="0.004421"/>
      </testsuite>
      <testcase name="testJoinExtensionSequenceWithNonArray" class="Eloquent\Pathogen\AbsolutePathTest" file="/home/travis/build/eloquent/pathogen/test/suite/Eloquent/Pathogen/AbsolutePathTest.php" line="388" assertions="1" time="0.004427"/>
      <testcase name="testJoinExtensionSequenceFailureAtomContainingSeparator" class="Eloquent\Pathogen\AbsolutePathTest" file="/home/travis/build/eloquent/pathogen/test/suite/Eloquent/Pathogen/AbsolutePathTest.php" line="396" assertions="2" time="0.004982"/>
      <testsuite name="Eloquent\Pathogen\AbsolutePathTest::testSuffixName" tests="7" assertions="7" failures="0" errors="0" time="0.031030">
        <testcase name="testSuffixName with data set &quot;Root&quot;" assertions="1" time="0.004351"/>
        <testcase name="testSuffixName with data set &quot;Empty suffix&quot;" assertions="1" time="0.004466"/>
        <testcase name="testSuffixName with data set &quot;Empty suffix and trailing slash&quot;" assertions="1" time="0.004461"/>
        <testcase name="testSuffixName with data set &quot;Whitespace suffix&quot;" assertions="1" time="0.004443"/>
        <testcase name="testSuffixName with data set &quot;Normal suffix&quot;" assertions="1" time="0.004429"/>
        <testcase name="testSuffixName with data set &quot;Suffix with dots&quot;" assertions="1" time="0.004444"/>
        <testcase name="testSuffixName with data set &quot;Suffix with dots and trailing slash&quot;" assertions="1" time="0.004436"/>
      </testsuite>
      <testcase name="testSuffixNameFailureAtomContainingSeparator" class="Eloquent\Pathogen\AbsolutePathTest" file="/home/travis/build/eloquent/pathogen/test/suite/Eloquent/Pathogen/AbsolutePathTest.php" line="431" assertions="2" time="0.004938"/>
      <testsuite name="Eloquent\Pathogen\AbsolutePathTest::testPrefixName" tests="7" assertions="7" failures="0" errors="0" time="0.031419">
        <testcase name="testPrefixName with data set &quot;Root&quot;" assertions="1" time="0.004356"/>
        <testcase name="testPrefixName with data set &quot;Empty prefix&quot;" assertions="1" time="0.004455"/>
        <testcase name="testPrefixName with data set &quot;Empty prefix and trailing slash&quot;" assertions="1" time="0.004533"/>
        <testcase name="testPrefixName with data set &quot;Whitespace prefix&quot;" assertions="1" time="0.004555"/>
        <testcase name="testPrefixName with data set &quot;Normal prefix&quot;" assertions="1" time="0.004543"/>
        <testcase name="testPrefixName with data set &quot;Prefix with dots&quot;" assertions="1" time="0.004498"/>
        <testcase name="testPrefixName with data set &quot;Prefix with dots and trailing slash&quot;" assertions="1" time="0.004479"/>
      </testsuite>
      <testcase name="testPrefixNameFailureAtomContainingSeparator" class="Eloquent\Pathogen\AbsolutePathTest" file="/home/travis/build/eloquent/pathogen/test/suite/Eloquent/Pathogen/AbsolutePathTest.php" line="466" assertions="2" time="0.004945"/>
      <testsuite name="Eloquent\Pathogen\AbsolutePathTest::testReplace" tests="5" assertions="5" failures="0" errors="0" time="0.022716">
        <testcase name="testReplace with data set &quot;Replace single atom implicit&quot;" assertions="1" time="0.004554"/>
        <testcase name="testReplace with data set &quot;Replace multiple atoms implicit&quot;" assertions="1" time="0.004502"/>
        <testcase name="testReplace with data set &quot;Replace single atom explicit&quot;" assertions="1" time="0.004498"/>
        <testcase name="testReplace with data set &quot;Replace multiple atoms explicit&quot;" assertions="1" time="0.004555"/>
        <testcase name="testReplace with data set &quot;Replace atoms past end&quot;" assertions="1" time="0.004607"/>
      </testsuite>
      <testcase name="testReplaceWithNonArray" class="Eloquent\Pathogen\AbsolutePathTest" file="/home/travis/build/eloquent/pathogen/test/suite/Eloquent/Pathogen/AbsolutePathTest.php" line="502" assertions="1" time="0.004607"/>
      <testcase name="testReplaceFailureAtomContainingSeparator" class="Eloquent\Pathogen\AbsolutePathTest" file="/home/travis/build/eloquent/pathogen/test/suite/Eloquent/Pathogen/AbsolutePathTest.php" line="510" assertions="2" time="0.004901"/>
      <testsuite name="Eloquent\Pathogen\AbsolutePathTest::testReplaceName" tests="6" assertions="6" failures="0" errors="0" time="0.026045">
        <testcase name="testReplaceName with data set &quot;Root&quot;" assertions="1" time="0.004277"/>
        <testcase name="testReplaceName with data set &quot;Empty name&quot;" assertions="1" time="0.004350"/>
        <testcase name="testReplaceName with data set &quot;Empty name with trailing slash&quot;" assertions="1" time="0.004350"/>
        <testcase name="testReplaceName with data set &quot;Whitespace name&quot;" assertions="1" time="0.004404"/>
        <testcase name="testReplaceName with data set &quot;Normal name&quot;" assertions="1" time="0.004352"/>
        <testcase name="testReplaceName with data set &quot;Normal name with extensions&quot;" assertions="1" time="0.004312"/>
      </testsuite>
      <testcase name="testReplaceNameFailureAtomContainingSeparator" class="Eloquent\Pathogen\AbsolutePathTest" file="/home/travis/build/eloquent/pathogen/test/suite/Eloquent/Pathogen/AbsolutePathTest.php" line="547" assertions="2" time="0.004879"/>
      <testsuite name="Eloquent\Pathogen\AbsolutePathTest::testReplaceNameWithoutExtension" tests="6" assertions="6" failures="0" errors="0" time="0.027004">
        <testcase name="testReplaceNameWithoutExtension with data set &quot;Root&quot;" assertions="1" time="0.004414"/>
        <testcase name="testReplaceNameWithoutExtension with data set &quot;Empty name&quot;" assertions="1" time="0.004503"/>
        <testcase name="testReplaceNameWithoutExtension with data set &quot;Empty name with trailing slash&quot;" assertions="1" time="0.004506"/>
        <testcase name="testReplaceNameWithoutExtension with data set &quot;Whitespace name&quot;" assertions="1" time="0.004595"/>
        <testcase name="testReplaceNameWithoutExtension with data set &quot;Normal name&quot;" assertions="1" time="0.004473"/>
        <testcase name="testReplaceNameWithoutExtension with data set &quot;Normal name with extensions&quot;" assertions="1" time="0.004513"/>
      </testsuite>
      <testcase name="testReplaceNameWithoutExtensionFailureAtomContainingSeparator" class="Eloquent\Pathogen\AbsolutePathTest" file="/home/travis/build/eloquent/pathogen/test/suite/Eloquent/Pathogen/AbsolutePathTest.php" line="584" assertions="2" time="0.005033"/>
      <testsuite name="Eloquent\Pathogen\AbsolutePathTest::testReplaceNamePrefix" tests="6" assertions="6" failures="0" errors="0" time="0.028942">
        <testcase name="testReplaceNamePrefix with data set &quot;Root&quot;" assertions="1" time="0.004490"/>
        <testcase name="testReplaceNamePrefix with data set &quot;Empty name&quot;" assertions="1" time="0.004553"/>
        <testcase name="testReplaceNamePrefix with data set &quot;Empty name with trailing slash&quot;" assertions="1" time="0.004563"/>
        <testcase name="testReplaceNamePrefix with data set &quot;Whitespace name&quot;" assertions="1" time="0.004616"/>
        <testcase name="testReplaceNamePrefix with data set &quot;Normal name&quot;" assertions="1" time="0.004525"/>
        <testcase name="testReplaceNamePrefix with data set &quot;Normal name with extensions&quot;" assertions="1" time="0.006195"/>
      </testsuite>
      <testcase name="testReplaceNamePrefixFailureAtomContainingSeparator" class="Eloquent\Pathogen\AbsolutePathTest" file="/home/travis/build/eloquent/pathogen/test/suite/Eloquent/Pathogen/AbsolutePathTest.php" line="621" assertions="2" time="0.006490"/>
      <testsuite name="Eloquent\Pathogen\AbsolutePathTest::testReplaceNameSuffix" tests="6" assertions="6" failures="0" errors="0" time="0.030796">
        <testcase name="testReplaceNameSuffix with data set &quot;Root&quot;" assertions="1" time="0.005591"/>
        <testcase name="testReplaceNameSuffix with data set &quot;Empty name&quot;" assertions="1" time="0.005744"/>
        <testcase name="testReplaceNameSuffix with data set &quot;Empty name with trailing slash&quot;" assertions="1" time="0.005801"/>
        <testcase name="testReplaceNameSuffix with data set &quot;Whitespace name&quot;" assertions="1" time="0.004604"/>
        <testcase name="testReplaceNameSuffix with data set &quot;Normal name&quot;" assertions="1" time="0.004519"/>
        <testcase name="testReplaceNameSuffix with data set &quot;Normal name with extensions&quot;" assertions="1" time="0.004537"/>
      </testsuite>
      <testcase name="testReplaceNameSuffixFailureAtomContainingSeparator" class="Eloquent\Pathogen\AbsolutePathTest" file="/home/travis/build/eloquent/pathogen/test/suite/Eloquent/Pathogen/AbsolutePathTest.php" line="658" assertions="2" time="0.005111"/>
      <testsuite name="Eloquent\Pathogen\AbsolutePathTest::testReplaceExtension" tests="6" assertions="6" failures="0" errors="0" time="0.030128">
        <testcase name="testReplaceExtension with data set &quot;Root&quot;" assertions="1" time="0.004478"/>
        <testcase name="testReplaceExtension with data set &quot;Empty name&quot;" assertions="1" time="0.004618"/>
        <testcase name="testReplaceExtension with data set &quot;Empty name with trailing slash&quot;" assertions="1" time="0.004580"/>
        <testcase name="testReplaceExtension with data set &quot;Whitespace name&quot;" assertions="1" time="0.004586"/>
        <testcase name="testReplaceExtension with data set &quot;Normal name&quot;" assertions="1" time="0.005911"/>
        <testcase name="testReplaceExtension with data set &quot;Normal name with extensions&quot;" assertions="1" time="0.005955"/>
      </testsuite>
      <testcase name="testReplaceExtensionFailureAtomContainingSeparator" class="Eloquent\Pathogen\AbsolutePathTest" file="/home/travis/build/eloquent/pathogen/test/suite/Eloquent/Pathogen/AbsolutePathTest.php" line="695" assertions="2" time="0.006665"/>
      <testsuite name="Eloquent\Pathogen\AbsolutePathTest::testIsRoot" tests="3" assertions="3" failures="0" errors="0" time="0.020569">
        <testcase name="testIsRoot with data set &quot;Root&quot;" assertions="1" time="0.007798"/>
        <testcase name="testIsRoot with data set &quot;Root non-normalized&quot;" assertions="1" time="0.006711"/>
        <testcase name="testIsRoot with data set &quot;Not root&quot;" assertions="1" time="0.006060"/>
      </testsuite>
      <testsuite name="Eloquent\Pathogen\AbsolutePathTest::testAncestry" tests="8" assertions="16" failures="0" errors="0" time="0.061543">
        <testcase name="testAncestry with data set &quot;Parent&quot;" assertions="2" time="0.008988"/>
        <testcase name="testAncestry with data set &quot;Root as parent&quot;" assertions="2" time="0.007232"/>
        <testcase name="testAncestry with data set &quot;Resolve special atoms&quot;" assertions="2" time="0.008027"/>
        <testcase name="testAncestry with data set &quot;Not immediate parent&quot;" assertions="2" time="0.007561"/>
        <testcase name="testAncestry with data set &quot;Root not immediate parent&quot;" assertions="2" time="0.007283"/>
        <testcase name="testAncestry with data set &quot;Unrelated paths&quot;" assertions="2" time="0.007293"/>
        <testcase name="testAncestry with data set &quot;Same paths&quot;" assertions="2" time="0.007595"/>
        <testcase name="testAncestry with data set &quot;Longer parent path&quot;" assertions="2" time="0.007564"/>
      </testsuite>
      <testcase name="testIsParentOfFailureRelativeChild" class="Eloquent\Pathogen\AbsolutePathTest" file="/home/travis/build/eloquent/pathogen/test/suite/Eloquent/Pathogen/AbsolutePathTest.php" line="753" assertions="1" time="0.004977"/>
      <testcase name="testIsAncestorOfFailureRelativeChild" class="Eloquent\Pathogen\AbsolutePathTest" file="/home/travis/build/eloquent/pathogen/test/suite/Eloquent/Pathogen/AbsolutePathTest.php" line="762" assertions="1" time="0.004963"/>
      <testsuite name="Eloquent\Pathogen\AbsolutePathTest::testRelativeTo" tests="8" assertions="8" failures="0" errors="0" time="0.044657">
        <testcase name="testRelativeTo with data set &quot;Self&quot;" assertions="1" time="0.005349"/>
        <testcase name="testRelativeTo with data set &quot;Child&quot;" assertions="1" time="0.005446"/>
        <testcase name="testRelativeTo with data set &quot;Ancestor&quot;" assertions="1" time="0.005546"/>
        <testcase name="testRelativeTo with data set &quot;Sibling&quot;" assertions="1" time="0.005439"/>
        <testcase name="testRelativeTo with data set &quot;Parent's sibling&quot;" assertions="1" time="0.005653"/>
        <testcase name="testRelativeTo with data set &quot;Parent's sibling's child&quot;" assertions="1" time="0.005788"/>
        <testcase name="testRelativeTo with data set &quot;Completely unrelated&quot;" assertions="1" time="0.005721"/>
        <testcase name="testRelativeTo with data set &quot;Lengthly unrelated child&quot;" assertions="1" time="0.005715"/>
      </testsuite>
      <testsuite name="Eloquent\Pathogen\AbsolutePathTest::testReplaceAtoms" tests="5" assertions="5" failures="0" errors="0" time="0.022553">
        <testcase name="testReplaceAtoms with data set &quot;Replace single atom implicit&quot;" assertions="1" time="0.004539"/>
        <testcase name="testReplaceAtoms with data set &quot;Replace multiple atoms implicit&quot;" assertions="1" time="0.004511"/>
        <testcase name="testReplaceAtoms with data set &quot;Replace single atom explicit&quot;" assertions="1" time="0.004481"/>
        <testcase name="testReplaceAtoms with data set &quot;Replace multiple atoms explicit&quot;" assertions="1" time="0.004521"/>
        <testcase name="testReplaceAtoms with data set &quot;Replace atoms past end&quot;" assertions="1" time="0.004501"/>
      </testsuite>
      <testcase name="testReplaceAtomsWithNonArray" class="Eloquent\Pathogen\AbsolutePathTest" file="/home/travis/build/eloquent/pathogen/test/suite/Eloquent/Pathogen/AbsolutePathTest.php" line="823" assertions="1" time="0.004535"/>
    </testsuite>
    <testsuite name="Eloquent\Pathogen\Exception\EmptyPathAtomExceptionTest" file="/home/travis/build/eloquent/pathogen/test/suite/Eloquent/Pathogen/Exception/EmptyPathAtomExceptionTest.php" namespace="Eloquent\Pathogen\Exception" fullPackage="Eloquent.Pathogen.Exception" tests="1" assertions="5" failures="0" errors="0" time="0.004833">
      <testcase name="testException" class="Eloquent\Pathogen\Exception\EmptyPathAtomExceptionTest" file="/home/travis/build/eloquent/pathogen/test/suite/Eloquent/Pathogen/Exception/EmptyPathAtomExceptionTest.php" line="23" assertions="5" time="0.004833"/>
    </testsuite>
    <testsuite name="Eloquent\Pathogen\Exception\EmptyPathExceptionTest" file="/home/travis/build/eloquent/pathogen/test/suite/Eloquent/Pathogen/Exception/EmptyPathExceptionTest.php" namespace="Eloquent\Pathogen\Exception" fullPackage="Eloquent.Pathogen.Exception" tests="1" assertions="3" failures="0" errors="0" time="0.004701">
      <testcase name="testException" class="Eloquent\Pathogen\Exception\EmptyPathExceptionTest" file="/home/travis/build/eloquent/pathogen/test/suite/Eloquent/Pathogen/Exception/EmptyPathExceptionTest.php" line="19" assertions="3" time="0.004701"/>
    </testsuite>
    <testsuite name="Eloquent\Pathogen\Exception\InvalidPathAtomCharacterExceptionTest" file="/home/travis/build/eloquent/pathogen/test/suite/Eloquent/Pathogen/Exception/InvalidPathAtomCharacterExceptionTest.php" namespace="Eloquent\Pathogen\Exception" fullPackage="Eloquent.Pathogen.Exception" tests="1" assertions="6" failures="0" errors="0" time="0.005464">
      <testcase name="testException" class="Eloquent\Pathogen\Exception\InvalidPathAtomCharacterExceptionTest" file="/home/travis/build/eloquent/pathogen/test/suite/Eloquent/Pathogen/Exception/InvalidPathAtomCharacterExceptionTest.php" line="23" assertions="6" time="0.005464"/>
    </testsuite>
    <testsuite name="Eloquent\Pathogen\Exception\InvalidPathStateExceptionTest" file="/home/travis/build/eloquent/pathogen/test/suite/Eloquent/Pathogen/Exception/InvalidPathStateExceptionTest.php" namespace="Eloquent\Pathogen\Exception" fullPackage="Eloquent.Pathogen.Exception" tests="1" assertions="4" failures="0" errors="0" time="0.004895">
      <testcase name="testException" class="Eloquent\Pathogen\Exception\InvalidPathStateExceptionTest" file="/home/travis/build/eloquent/pathogen/test/suite/Eloquent/Pathogen/Exception/InvalidPathStateExceptionTest.php" line="19" assertions="4" time="0.004895"/>
    </testsuite>
    <testsuite name="Eloquent\Pathogen\Exception\PathAtomContainsSeparatorExceptionTest" file="/home/travis/build/eloquent/pathogen/test/suite/Eloquent/Pathogen/Exception/PathAtomContainsSeparatorExceptionTest.php" namespace="Eloquent\Pathogen\Exception" fullPackage="Eloquent.Pathogen.Exception" tests="1" assertions="6" failures="0" errors="0" time="0.004943">
      <testcase name="testException" class="Eloquent\Pathogen\Exception\PathAtomContainsSeparatorExceptionTest" file="/home/travis/build/eloquent/pathogen/test/suite/Eloquent/Pathogen/Exception/PathAtomContainsSeparatorExceptionTest.php" line="23" assertions="6" time="0.004943"/>
    </testsuite>
    <testsuite name="Eloquent\Pathogen\Factory\PathFactoryTest" file="/home/travis/build/eloquent/pathogen/test/suite/Eloquent/Pathogen/Factory/PathFactoryTest.php" namespace="Eloquent\Pathogen\Factory" fullPackage="Eloquent.Pathogen.Factory" tests="28" assertions="112" failures="0" errors="0" time="0.173758">
      <testsuite name="Eloquent\Pathogen\Factory\PathFactoryTest::testCreate" tests="14" assertions="56" failures="0" errors="0" time="0.087069">
        <testcase name="testCreate with data set &quot;Root&quot;" assertions="4" time="0.006198"/>
        <testcase name="testCreate with data set &quot;Absolute&quot;" assertions="4" time="0.006206"/>
        <testcase name="testCreate with data set &quot;Absolute with trailing separator&quot;" assertions="4" time="0.006211"/>
        <testcase name="testCreate with data set &quot;Absolute with empty atoms&quot;" assertions="4" time="0.006225"/>
        <testcase name="testCreate with data set &quot;Absolute with empty atoms at start&quot;" assertions="4" time="0.006176"/>
        <testcase name="testCreate with data set &quot;Absolute with empty atoms at end&quot;" assertions="4" time="0.006166"/>
        <testcase name="testCreate with data set &quot;Absolute with whitespace atoms&quot;" assertions="4" time="0.006177"/>
        <testcase name="testCreate with data set &quot;Empty&quot;" assertions="4" time="0.006192"/>
        <testcase name="testCreate with data set &quot;Self&quot;" assertions="4" time="0.006184"/>
        <testcase name="testCreate with data set &quot;Relative&quot;" assertions="4" time="0.006237"/>
        <testcase name="testCreate with data set &quot;Relative with trailing separator&quot;" assertions="4" time="0.006213"/>
        <testcase name="testCreate with data set &quot;Relative with empty atoms&quot;" assertions="4" time="0.006241"/>
        <testcase name="testCreate with data set &quot;Relative with empty atoms at end&quot;" assertions="4" time="0.006274"/>
        <testcase name="testCreate with data set &quot;Relative with whitespace atoms&quot;" assertions="4" time="0.006369"/>
      </testsuite>
      <testsuite name="Eloquent\Pathogen\Factory\PathFactoryTest::testCreateFromAtoms" tests="14" assertions="56" failures="0" errors="0" time="0.086688">
        <testcase name="testCreateFromAtoms with data set &quot;Root&quot;" assertions="4" time="0.006076"/>
        <testcase name="testCreateFromAtoms with data set &quot;Absolute&quot;" assertions="4" time="0.006195"/>
        <testcase name="testCreateFromAtoms with data set &quot;Absolute with trailing separator&quot;" assertions="4" time="0.006155"/>
        <testcase name="testCreateFromAtoms with data set &quot;Absolute with empty atoms&quot;" assertions="4" time="0.006168"/>
        <testcase name="testCreateFromAtoms with data set &quot;Absolute with empty atoms at start&quot;" assertions="4" time="0.006113"/>
        <testcase name="testCreateFromAtoms with data set &quot;Absolute with empty atoms at end&quot;" assertions="4" time="0.006117"/>
        <testcase name="testCreateFromAtoms with data set &quot;Absolute with whitespace atoms&quot;" assertions="4" time="0.006187"/>
        <testcase name="testCreateFromAtoms with data set &quot;Empty&quot;" assertions="4" time="0.006220"/>
        <testcase name="testCreateFromAtoms with data set &quot;Self&quot;" assertions="4" time="0.006259"/>
        <testcase name="testCreateFromAtoms with data set &quot;Relative&quot;" assertions="4" time="0.006238"/>
        <testcase name="testCreateFromAtoms with data set &quot;Relative with trailing separator&quot;" assertions="4" time="0.006195"/>
        <testcase name="testCreateFromAtoms with data set &quot;Relative with empty atoms&quot;" assertions="4" time="0.006213"/>
        <testcase name="testCreateFromAtoms with data set &quot;Relative with empty atoms at end&quot;" assertions="4" time="0.006210"/>
        <testcase name="testCreateFromAtoms with data set &quot;Relative with whitespace atoms&quot;" assertions="4" time="0.006342"/>
      </testsuite>
    </testsuite>
    <testsuite name="Eloquent\Pathogen\FileSystem\Factory\FileSystemPathFactoryTest" file="/home/travis/build/eloquent/pathogen/test/suite/Eloquent/Pathogen/FileSystem/Factory/FileSystemPathFactoryTest.php" namespace="Eloquent\Pathogen\FileSystem\Factory" fullPackage="Eloquent.Pathogen.FileSystem.Factory" tests="12" assertions="43" failures="0" errors="0" time="0.319407">
      <testcase name="testConstructor" class="Eloquent\Pathogen\FileSystem\Factory\FileSystemPathFactoryTest" file="/home/travis/build/eloquent/pathogen/test/suite/Eloquent/Pathogen/FileSystem/Factory/FileSystemPathFactoryTest.php" line="44" assertions="2" time="0.016189"/>
      <testcase name="testConstructorDefaults" class="Eloquent\Pathogen\FileSystem\Factory\FileSystemPathFactoryTest" file="/home/travis/build/eloquent/pathogen/test/suite/Eloquent/Pathogen/FileSystem/Factory/FileSystemPathFactoryTest.php" line="50" assertions="2" time="0.138728"/>
      <testcase name="testCreatePosix" class="Eloquent\Pathogen\FileSystem\Factory\FileSystemPathFactoryTest" file="/home/travis/build/eloquent/pathogen/test/suite/Eloquent/Pathogen/FileSystem/Factory/FileSystemPathFactoryTest.php" line="64" assertions="4" time="0.013727"/>
      <testcase name="testCreateWindows" class="Eloquent\Pathogen\FileSystem\Factory\FileSystemPathFactoryTest" file="/home/travis/build/eloquent/pathogen/test/suite/Eloquent/Pathogen/FileSystem/Factory/FileSystemPathFactoryTest.php" line="76" assertions="4" time="0.015126"/>
      <testcase name="testCreateFromAtoms" class="Eloquent\Pathogen\FileSystem\Factory\FileSystemPathFactoryTest" file="/home/travis/build/eloquent/pathogen/test/suite/Eloquent/Pathogen/FileSystem/Factory/FileSystemPathFactoryTest.php" line="91" assertions="3" time="0.013283"/>
      <testcase name="testCreateWorkingDirectoryPathPosix" class="Eloquent\Pathogen\FileSystem\Factory\FileSystemPathFactoryTest" file="/home/travis/build/eloquent/pathogen/test/suite/Eloquent/Pathogen/FileSystem/Factory/FileSystemPathFactoryTest.php" line="106" assertions="4" time="0.016068"/>
      <testcase name="testCreateWorkingDirectoryPathWindows" class="Eloquent\Pathogen\FileSystem\Factory\FileSystemPathFactoryTest" file="/home/travis/build/eloquent/pathogen/test/suite/Eloquent/Pathogen/FileSystem/Factory/FileSystemPathFactoryTest.php" line="121" assertions="4" time="0.016342"/>
      <testcase name="testCreateTemporaryDirectoryPathPosix" class="Eloquent\Pathogen\FileSystem\Factory\FileSystemPathFactoryTest" file="/home/travis/build/eloquent/pathogen/test/suite/Eloquent/Pathogen/FileSystem/Factory/FileSystemPathFactoryTest.php" line="139" assertions="4" time="0.016108"/>
      <testcase name="testCreateTemporaryDirectoryPathWindows" class="Eloquent\Pathogen\FileSystem\Factory\FileSystemPathFactoryTest" file="/home/travis/build/eloquent/pathogen/test/suite/Eloquent/Pathogen/FileSystem/Factory/FileSystemPathFactoryTest.php" line="154" assertions="4" time="0.016312"/>
      <testcase name="testCreateTemporaryPathPosix" class="Eloquent\Pathogen\FileSystem\Factory\FileSystemPathFactoryTest" file="/home/travis/build/eloquent/pathogen/test/suite/Eloquent/Pathogen/FileSystem/Factory/FileSystemPathFactoryTest.php" line="172" assertions="4" time="0.018952"/>
      <testcase name="testCreateTemporaryPathWindows" class="Eloquent\Pathogen\FileSystem\Factory\FileSystemPathFactoryTest" file="/home/travis/build/eloquent/pathogen/test/suite/Eloquent/Pathogen/FileSystem/Factory/FileSystemPathFactoryTest.php" line="188" assertions="4" time="0.019449"/>
      <testcase name="testCreateTemporaryPathWithPrefix" class="Eloquent\Pathogen\FileSystem\Factory\FileSystemPathFactoryTest" file="/home/travis/build/eloquent/pathogen/test/suite/Eloquent/Pathogen/FileSystem/Factory/FileSystemPathFactoryTest.php" line="207" assertions="4" time="0.019123"/>
    </testsuite>
    <testsuite name="Eloquent\Pathogen\FileSystem\Factory\PlatformFileSystemPathFactoryTest" file="/home/travis/build/eloquent/pathogen/test/suite/Eloquent/Pathogen/FileSystem/Factory/PlatformFileSystemPathFactoryTest.php" namespace="Eloquent\Pathogen\FileSystem\Factory" fullPackage="Eloquent.Pathogen.FileSystem.Factory" tests="13" assertions="48" failures="0" errors="0" time="0.203080">
      <testcase name="testConstructor" class="Eloquent\Pathogen\FileSystem\Factory\PlatformFileSystemPathFactoryTest" file="/home/travis/build/eloquent/pathogen/test/suite/Eloquent/Pathogen/FileSystem/Factory/PlatformFileSystemPathFactoryTest.php" line="44" assertions="2" time="0.008379"/>
      <testcase name="testConstructorDefaults" class="Eloquent\Pathogen\FileSystem\Factory\PlatformFileSystemPathFactoryTest" file="/home/travis/build/eloquent/pathogen/test/suite/Eloquent/Pathogen/FileSystem/Factory/PlatformFileSystemPathFactoryTest.php" line="50" assertions="2" time="0.008022"/>
      <testcase name="testCreatePosix" class="Eloquent\Pathogen\FileSystem\Factory\PlatformFileSystemPathFactoryTest" file="/home/travis/build/eloquent/pathogen/test/suite/Eloquent/Pathogen/FileSystem/Factory/PlatformFileSystemPathFactoryTest.php" line="64" assertions="4" time="0.015272"/>
      <testcase name="testCreateWindows" class="Eloquent\Pathogen\FileSystem\Factory\PlatformFileSystemPathFactoryTest" file="/home/travis/build/eloquent/pathogen/test/suite/Eloquent/Pathogen/FileSystem/Factory/PlatformFileSystemPathFactoryTest.php" line="79" assertions="4" time="0.015423"/>
      <testcase name="testCreateFromAtomsPosix" class="Eloquent\Pathogen\FileSystem\Factory\PlatformFileSystemPathFactoryTest" file="/home/travis/build/eloquent/pathogen/test/suite/Eloquent/Pathogen/FileSystem/Factory/PlatformFileSystemPathFactoryTest.php" line="97" assertions="4" time="0.015512"/>
      <testcase name="testCreateFromAtomsWindows" class="Eloquent\Pathogen\FileSystem\Factory\PlatformFileSystemPathFactoryTest" file="/home/travis/build/eloquent/pathogen/test/suite/Eloquent/Pathogen/FileSystem/Factory/PlatformFileSystemPathFactoryTest.php" line="116" assertions="4" time="0.017539"/>
      <testcase name="testCreateWorkingDirectoryPathPosix" class="Eloquent\Pathogen\FileSystem\Factory\PlatformFileSystemPathFactoryTest" file="/home/travis/build/eloquent/pathogen/test/suite/Eloquent/Pathogen/FileSystem/Factory/PlatformFileSystemPathFactoryTest.php" line="138" assertions="4" time="0.016171"/>
      <testcase name="testCreateWorkingDirectoryPathWindows" class="Eloquent\Pathogen\FileSystem\Factory\PlatformFileSystemPathFactoryTest" file="/home/travis/build/eloquent/pathogen/test/suite/Eloquent/Pathogen/FileSystem/Factory/PlatformFileSystemPathFactoryTest.php" line="153" assertions="4" time="0.016347"/>
      <testcase name="testCreateTemporaryDirectoryPathPosix" class="Eloquent\Pathogen\FileSystem\Factory\PlatformFileSystemPathFactoryTest" file="/home/travis/build/eloquent/pathogen/test/suite/Eloquent/Pathogen/FileSystem/Factory/PlatformFileSystemPathFactoryTest.php" line="171" assertions="4" time="0.016227"/>
      <testcase name="testCreateTemporaryDirectoryPathWindows" class="Eloquent\Pathogen\FileSystem\Factory\PlatformFileSystemPathFactoryTest" file="/home/travis/build/eloquent/pathogen/test/suite/Eloquent/Pathogen/FileSystem/Factory/PlatformFileSystemPathFactoryTest.php" line="186" assertions="4" time="0.016333"/>
      <testcase name="testCreateTemporaryPathPosix" class="Eloquent\Pathogen\FileSystem\Factory\PlatformFileSystemPathFactoryTest" file="/home/travis/build/eloquent/pathogen/test/suite/Eloquent/Pathogen/FileSystem/Factory/PlatformFileSystemPathFactoryTest.php" line="204" assertions="4" time="0.019148"/>
      <testcase name="testCreateTemporaryPathWindows" class="Eloquent\Pathogen\FileSystem\Factory\PlatformFileSystemPathFactoryTest" file="/home/travis/build/eloquent/pathogen/test/suite/Eloquent/Pathogen/FileSystem/Factory/PlatformFileSystemPathFactoryTest.php" line="220" assertions="4" time="0.019552"/>
      <testcase name="testCreateTemporaryPathWithPrefix" class="Eloquent\Pathogen\FileSystem\Factory\PlatformFileSystemPathFactoryTest" file="/home/travis/build/eloquent/pathogen/test/suite/Eloquent/Pathogen/FileSystem/Factory/PlatformFileSystemPathFactoryTest.php" line="239" assertions="4" time="0.019155"/>
    </testsuite>
    <testsuite name="Eloquent\Pathogen\FileSystem\Normalizer\FileSystemPathNormalizerTest" file="/home/travis/build/eloquent/pathogen/test/suite/Eloquent/Pathogen/FileSystem/Normalizer/FileSystemPathNormalizerTest.php" namespace="Eloquent\Pathogen\FileSystem\Normalizer" fullPackage="Eloquent.Pathogen.FileSystem.Normalizer" tests="4" assertions="8" failures="0" errors="0" time="0.021741">
      <testcase name="testConstructor" class="Eloquent\Pathogen\FileSystem\Normalizer\FileSystemPathNormalizerTest" file="/home/travis/build/eloquent/pathogen/test/suite/Eloquent/Pathogen/FileSystem/Normalizer/FileSystemPathNormalizerTest.php" line="36" assertions="2" time="0.005479"/>
      <testcase name="testConstructorDefaults" class="Eloquent\Pathogen\FileSystem\Normalizer\FileSystemPathNormalizerTest" file="/home/travis/build/eloquent/pathogen/test/suite/Eloquent/Pathogen/FileSystem/Normalizer/FileSystemPathNormalizerTest.php" line="42" assertions="2" time="0.004691"/>
      <testcase name="testNormalizePosix" class="Eloquent\Pathogen\FileSystem\Normalizer\FileSystemPathNormalizerTest" file="/home/travis/build/eloquent/pathogen/test/suite/Eloquent/Pathogen/FileSystem/Normalizer/FileSystemPathNormalizerTest.php" line="56" assertions="2" time="0.005531"/>
      <testcase name="testNormalizeWindows" class="Eloquent\Pathogen\FileSystem\Normalizer\FileSystemPathNormalizerTest" file="/home/travis/build/eloquent/pathogen/test/suite/Eloquent/Pathogen/FileSystem/Normalizer/FileSystemPathNormalizerTest.php" line="68" assertions="2" time="0.006040"/>
    </testsuite>
    <testsuite name="Eloquent\Pathogen\FileSystem\Resolver\WorkingDirectoryResolverTest" file="/home/travis/build/eloquent/pathogen/test/suite/Eloquent/Pathogen/FileSystem/Resolver/WorkingDirectoryResolverTest.php" namespace="Eloquent\Pathogen\FileSystem\Resolver" fullPackage="Eloquent.Pathogen.FileSystem.Resolver" tests="4" assertions="8" failures="0" errors="0" time="0.038275">
      <testcase name="testConstructor" class="Eloquent\Pathogen\FileSystem\Resolver\WorkingDirectoryResolverTest" file="/home/travis/build/eloquent/pathogen/test/suite/Eloquent/Pathogen/FileSystem/Resolver/WorkingDirectoryResolverTest.php" line="44" assertions="3" time="0.009892"/>
      <testcase name="testConstructorDefaultWorkingDirectoryPath" class="Eloquent\Pathogen\FileSystem\Resolver\WorkingDirectoryResolverTest" file="/home/travis/build/eloquent/pathogen/test/suite/Eloquent/Pathogen/FileSystem/Resolver/WorkingDirectoryResolverTest.php" line="51" assertions="2" time="0.010757"/>
      <testcase name="testConstructorDefaultResolverAndFactory" class="Eloquent\Pathogen\FileSystem\Resolver\WorkingDirectoryResolverTest" file="/home/travis/build/eloquent/pathogen/test/suite/Eloquent/Pathogen/FileSystem/Resolver/WorkingDirectoryResolverTest.php" line="67" assertions="2" time="0.008097"/>
      <testcase name="testResolve" class="Eloquent\Pathogen\FileSystem\Resolver\WorkingDirectoryResolverTest" file="/home/travis/build/eloquent/pathogen/test/suite/Eloquent/Pathogen/FileSystem/Resolver/WorkingDirectoryResolverTest.php" line="83" assertions="1" time="0.009529"/>
    </testsuite>
    <testsuite name="Eloquent\Pathogen\Normalizer\PathNormalizerTest" file="/home/travis/build/eloquent/pathogen/test/suite/Eloquent/Pathogen/Normalizer/PathNormalizerTest.php" namespace="Eloquent\Pathogen\Normalizer" fullPackage="Eloquent.Pathogen.Normalizer" tests="48" assertions="48" failures="0" errors="0" time="0.225025">
      <testsuite name="Eloquent\Pathogen\Normalizer\PathNormalizerTest::testNormalizeAbsolutePaths" tests="17" assertions="17" failures="0" errors="0" time="0.078223">
        <testcase name="testNormalizeAbsolutePaths with data set &quot;Atom&quot;" assertions="1" time="0.004608"/>
        <testcase name="testNormalizeAbsolutePaths with data set &quot;Atom, atom&quot;" assertions="1" time="0.004585"/>
        <testcase name="testNormalizeAbsolutePaths with data set &quot;Atom, atom, atom, parent, parent, atom&quot;" assertions="1" time="0.004745"/>
        <testcase name="testNormalizeAbsolutePaths with data set &quot;Atom, atom, parent&quot;" assertions="1" time="0.004623"/>
        <testcase name="testNormalizeAbsolutePaths with data set &quot;Atom, atom, slash&quot;" assertions="1" time="0.004626"/>
        <testcase name="testNormalizeAbsolutePaths with data set &quot;Atom, parent&quot;" assertions="1" time="0.004526"/>
        <testcase name="testNormalizeAbsolutePaths with data set &quot;Atom, parent, atom&quot;" assertions="1" time="0.004626"/>
        <testcase name="testNormalizeAbsolutePaths with data set &quot;Atom, parent, atom, slash&quot;" assertions="1" time="0.004611"/>
        <testcase name="testNormalizeAbsolutePaths with data set &quot;Atom, self, atom&quot;" assertions="1" time="0.004640"/>
        <testcase name="testNormalizeAbsolutePaths with data set &quot;Atom, self, atom, parent, atom&quot;" assertions="1" time="0.004737"/>
        <testcase name="testNormalizeAbsolutePaths with data set &quot;Atom, self, atom, parent, parent, atom&quot;" assertions="1" time="0.004712"/>
        <testcase name="testNormalizeAbsolutePaths with data set &quot;Parent&quot;" assertions="1" time="0.004492"/>
        <testcase name="testNormalizeAbsolutePaths with data set &quot;Parent, atom&quot;" assertions="1" time="0.004572"/>
        <testcase name="testNormalizeAbsolutePaths with data set &quot;Parent, atom, parent&quot;" assertions="1" time="0.004510"/>
        <testcase name="testNormalizeAbsolutePaths with data set &quot;Parent, parent&quot;" assertions="1" time="0.004525"/>
        <testcase name="testNormalizeAbsolutePaths with data set &quot;Parent, parent, atom&quot;" assertions="1" time="0.004614"/>
        <testcase name="testNormalizeAbsolutePaths with data set &quot;Self&quot;" assertions="1" time="0.004471"/>
      </testsuite>
      <testsuite name="Eloquent\Pathogen\Normalizer\PathNormalizerTest::testNormalizeRelativePaths" tests="31" assertions="31" failures="0" errors="0" time="0.146802">
        <testcase name="testNormalizeRelativePaths with data set &quot;Atom&quot;" assertions="1" time="0.004606"/>
        <testcase name="testNormalizeRelativePaths with data set &quot;Atom, atom&quot;" assertions="1" time="0.004671"/>
        <testcase name="testNormalizeRelativePaths with data set &quot;Atom, atom, atom, parent, parent, atom&quot;" assertions="1" time="0.004872"/>
        <testcase name="testNormalizeRelativePaths with data set &quot;Atom, atom, parent&quot;" assertions="1" time="0.004690"/>
        <testcase name="testNormalizeRelativePaths with data set &quot;Atom, atom, slash&quot;" assertions="1" time="0.004684"/>
        <testcase name="testNormalizeRelativePaths with data set &quot;Atom, parent&quot;" assertions="1" time="0.004624"/>
        <testcase name="testNormalizeRelativePaths with data set &quot;Atom, parent, atom&quot;" assertions="1" time="0.004663"/>
        <testcase name="testNormalizeRelativePaths with data set &quot;Atom, parent, atom, slash&quot;" assertions="1" time="0.004693"/>
        <testcase name="testNormalizeRelativePaths with data set &quot;Atom, self, atom&quot;" assertions="1" time="0.004721"/>
        <testcase name="testNormalizeRelativePaths with data set &quot;Atom, self, atom, parent, atom&quot;" assertions="1" time="0.004823"/>
        <testcase name="testNormalizeRelativePaths with data set &quot;Parent&quot;" assertions="1" time="0.004653"/>
        <testcase name="testNormalizeRelativePaths with data set &quot;Parent, atom&quot;" assertions="1" time="0.004752"/>
        <testcase name="testNormalizeRelativePaths with data set &quot;Parent, atom, parent&quot;" assertions="1" time="0.004693"/>
        <testcase name="testNormalizeRelativePaths with data set &quot;Parent, atom, parent, atom, self&quot;" assertions="1" time="0.004824"/>
        <testcase name="testNormalizeRelativePaths with data set &quot;Parent, atom, parent, parent&quot;" assertions="1" time="0.004758"/>
        <testcase name="testNormalizeRelativePaths with data set &quot;Parent, atom, parent, parent, parent&quot;" assertions="1" time="0.004879"/>
        <testcase name="testNormalizeRelativePaths with data set &quot;Parent, atom, parent, self, atom&quot;" assertions="1" time="0.004812"/>
        <testcase name="testNormalizeRelativePaths with data set &quot;Parent, atom, self&quot;" assertions="1" time="0.004814"/>
        <testcase name="testNormalizeRelativePaths with data set &quot;Parent, atom, self, parent, atom&quot;" assertions="1" time="0.004845"/>
        <testcase name="testNormalizeRelativePaths with data set &quot;Parent, parent&quot;" assertions="1" time="0.004705"/>
        <testcase name="testNormalizeRelativePaths with data set &quot;Parent, parent, atom, atom&quot;" assertions="1" time="0.004843"/>
        <testcase name="testNormalizeRelativePaths with data set &quot;Parent, parent, atom, parent, atom&quot;" assertions="1" time="0.004828"/>
        <testcase name="testNormalizeRelativePaths with data set &quot;Parent, parent, self, parent, self&quot;" assertions="1" time="0.004848"/>
        <testcase name="testNormalizeRelativePaths with data set &quot;Parent, self, atom, parent, atom&quot;" assertions="1" time="0.004786"/>
        <testcase name="testNormalizeRelativePaths with data set &quot;Parent, self, parent&quot;" assertions="1" time="0.004743"/>
        <testcase name="testNormalizeRelativePaths with data set &quot;Self&quot;" assertions="1" time="0.004596"/>
        <testcase name="testNormalizeRelativePaths with data set &quot;Self, atom, parent&quot;" assertions="1" time="0.004701"/>
        <testcase name="testNormalizeRelativePaths with data set &quot;Self, parent&quot;" assertions="1" time="0.004605"/>
        <testcase name="testNormalizeRelativePaths with data set &quot;Self, parent, atom&quot;" assertions="1" time="0.004740"/>
        <testcase name="testNormalizeRelativePaths with data set &quot;Self, self&quot;" assertions="1" time="0.004661"/>
        <testcase name="testNormalizeRelativePaths with data set &quot;Self, self, atom&quot;" assertions="1" time="0.004669"/>
      </testsuite>
    </testsuite>
    <testsuite name="Eloquent\Pathogen\RelativePathTest" file="/home/travis/build/eloquent/pathogen/test/suite/Eloquent/Pathogen/RelativePathTest.php" namespace="Eloquent\Pathogen" fullPackage="Eloquent.Pathogen" tests="149" assertions="229" failures="0" errors="0" time="0.730519">
      <testsuite name="Eloquent\Pathogen\RelativePathTest::testConstructor" tests="7" assertions="28" failures="0" errors="0" time="0.039447">
        <testcase name="testConstructor with data set &quot;Self&quot;" assertions="4" time="0.005599"/>
        <testcase name="testConstructor with data set &quot;Single atom&quot;" assertions="4" time="0.005635"/>
        <testcase name="testConstructor with data set &quot;Trailing slash&quot;" assertions="4" time="0.005601"/>
        <testcase name="testConstructor with data set &quot;Multiple atoms&quot;" assertions="4" time="0.005658"/>
        <testcase name="testConstructor with data set &quot;Parent atom&quot;" assertions="4" time="0.005674"/>
        <testcase name="testConstructor with data set &quot;Self atom&quot;" assertions="4" time="0.005654"/>
        <testcase name="testConstructor with data set &quot;Whitespace&quot;" assertions="4" time="0.005626"/>
      </testsuite>
      <testcase name="testConstructorDefaults" class="Eloquent\Pathogen\RelativePathTest" file="/home/travis/build/eloquent/pathogen/test/suite/Eloquent/Pathogen/RelativePathTest.php" line="59" assertions="1" time="0.004145"/>
      <testcase name="testConstructorFailureAtomContainingSeparator" class="Eloquent\Pathogen\RelativePathTest" file="/home/travis/build/eloquent/pathogen/test/suite/Eloquent/Pathogen/RelativePathTest.php" line="66" assertions="2" time="0.004808"/>
      <testcase name="testConstructorFailureEmptyAtom" class="Eloquent\Pathogen\RelativePathTest" file="/home/travis/build/eloquent/pathogen/test/suite/Eloquent/Pathogen/RelativePathTest.php" line="75" assertions="1" time="0.004530"/>
      <testcase name="testConstructorFailureEmptyPath" class="Eloquent\Pathogen\RelativePathTest" file="/home/travis/build/eloquent/pathogen/test/suite/Eloquent/Pathogen/RelativePathTest.php" line="83" assertions="1" time="0.004414"/>
      <testsuite name="Eloquent\Pathogen\RelativePathTest::testNamePartMethods" tests="8" assertions="48" failures="0" errors="0" time="0.051871">
        <testcase name="testNamePartMethods with data set &quot;Self&quot;" assertions="6" time="0.006533"/>
        <testcase name="testNamePartMethods with data set &quot;No extensions&quot;" assertions="6" time="0.006472"/>
        <testcase name="testNamePartMethods with data set &quot;Empty extension&quot;" assertions="6" time="0.006486"/>
        <testcase name="testNamePartMethods with data set &quot;Whitespace extension&quot;" assertions="6" time="0.006471"/>
        <testcase name="testNamePartMethods with data set &quot;Single extension&quot;" assertions="6" time="0.006495"/>
        <testcase name="testNamePartMethods with data set &quot;Multiple extensions&quot;" assertions="6" time="0.006458"/>
        <testcase name="testNamePartMethods with data set &quot;No name with single extension&quot;" assertions="6" time="0.006479"/>
        <testcase name="testNamePartMethods with data set &quot;No name with multiple extension&quot;" assertions="6" time="0.006477"/>
      </testsuite>
      <testsuite name="Eloquent\Pathogen\RelativePathTest::testNameAtoms" tests="4" assertions="4" failures="0" errors="0" time="0.017090">
        <testcase name="testNameAtoms with data set &quot;Self&quot;" assertions="1" time="0.004295"/>
        <testcase name="testNameAtoms with data set &quot;Single name atom&quot;" assertions="1" time="0.004264"/>
        <testcase name="testNameAtoms with data set &quot;Multiple name atoms&quot;" assertions="1" time="0.004243"/>
        <testcase name="testNameAtoms with data set &quot;Multiple path atoms&quot;" assertions="1" time="0.004288"/>
      </testsuite>
      <testsuite name="Eloquent\Pathogen\RelativePathTest::testParent" tests="3" assertions="3" failures="0" errors="0" time="0.013703">
        <testcase name="testParent with data set &quot;Self&quot;" assertions="1" time="0.004513"/>
        <testcase name="testParent with data set &quot;Single atom&quot;" assertions="1" time="0.004580"/>
        <testcase name="testParent with data set &quot;Multiple atoms&quot;" assertions="1" time="0.004610"/>
      </testsuite>
      <testsuite name="Eloquent\Pathogen\RelativePathTest::testStripTrailingSlash" tests="5" assertions="5" failures="0" errors="0" time="0.022354">
        <testcase name="testStripTrailingSlash with data set &quot;Single atom&quot;" assertions="1" time="0.004518"/>
        <testcase name="testStripTrailingSlash with data set &quot;Multiple atoms&quot;" assertions="1" time="0.004576"/>
        <testcase name="testStripTrailingSlash with data set &quot;Whitespace atoms&quot;" assertions="1" time="0.004595"/>
        <testcase name="testStripTrailingSlash with data set &quot;No trailing slash&quot;" assertions="1" time="0.004338"/>
        <testcase name="testStripTrailingSlash with data set &quot;Self&quot;" assertions="1" time="0.004327"/>
      </testsuite>
      <testsuite name="Eloquent\Pathogen\RelativePathTest::testExtensionStripping" tests="6" assertions="12" failures="0" errors="0" time="0.032050">
        <testcase name="testExtensionStripping with data set &quot;Self&quot;" assertions="2" time="0.004922"/>
        <testcase name="testExtensionStripping with data set &quot;No extensions&quot;" assertions="2" time="0.005412"/>
        <testcase name="testExtensionStripping with data set &quot;Empty extension&quot;" assertions="2" time="0.005423"/>
        <testcase name="testExtensionStripping with data set &quot;Whitespace extension&quot;" assertions="2" time="0.005437"/>
        <testcase name="testExtensionStripping with data set &quot;Single extension&quot;" assertions="2" time="0.005425"/>
        <testcase name="testExtensionStripping with data set &quot;Multiple extensions&quot;" assertions="2" time="0.005431"/>
      </testsuite>
      <testsuite name="Eloquent\Pathogen\RelativePathTest::testJoinAtoms" tests="5" assertions="5" failures="0" errors="0" time="0.023271">
        <testcase name="testJoinAtoms with data set &quot;Single atom to self&quot;" assertions="1" time="0.004597"/>
        <testcase name="testJoinAtoms with data set &quot;Multiple atoms to self&quot;" assertions="1" time="0.004633"/>
        <testcase name="testJoinAtoms with data set &quot;Multiple atoms to multiple atoms&quot;" assertions="1" time="0.004723"/>
        <testcase name="testJoinAtoms with data set &quot;Whitespace atoms&quot;" assertions="1" time="0.004662"/>
        <testcase name="testJoinAtoms with data set &quot;Special atoms&quot;" assertions="1" time="0.004656"/>
      </testsuite>
      <testcase name="testJoinAtomsFailureAtomContainingSeparator" class="Eloquent\Pathogen\RelativePathTest" file="/home/travis/build/eloquent/pathogen/test/suite/Eloquent/Pathogen/RelativePathTest.php" line="232" assertions="2" time="0.005259"/>
      <testcase name="testJoinAtomsFailureEmptyAtom" class="Eloquent\Pathogen\RelativePathTest" file="/home/travis/build/eloquent/pathogen/test/suite/Eloquent/Pathogen/RelativePathTest.php" line="243" assertions="1" time="0.005071"/>
      <testsuite name="Eloquent\Pathogen\RelativePathTest::testJoinAtomSequence" tests="5" assertions="5" failures="0" errors="0" time="0.023040">
        <testcase name="testJoinAtomSequence with data set &quot;Single atom to self&quot;" assertions="1" time="0.004563"/>
        <testcase name="testJoinAtomSequence with data set &quot;Multiple atoms to self&quot;" assertions="1" time="0.004569"/>
        <testcase name="testJoinAtomSequence with data set &quot;Multiple atoms to multiple atoms&quot;" assertions="1" time="0.004674"/>
        <testcase name="testJoinAtomSequence with data set &quot;Whitespace atoms&quot;" assertions="1" time="0.004634"/>
        <testcase name="testJoinAtomSequence with data set &quot;Special atoms&quot;" assertions="1" time="0.004600"/>
      </testsuite>
      <testcase name="testJoinAtomSequenWithNonArray" class="Eloquent\Pathogen\RelativePathTest" file="/home/travis/build/eloquent/pathogen/test/suite/Eloquent/Pathogen/RelativePathTest.php" line="264" assertions="1" time="0.004613"/>
      <testcase name="testJoinAtomSequenceFailureAtomContainingSeparator" class="Eloquent\Pathogen\RelativePathTest" file="/home/travis/build/eloquent/pathogen/test/suite/Eloquent/Pathogen/RelativePathTest.php" line="272" assertions="2" time="0.005183"/>
      <testcase name="testJoinAtomSequenceFailureEmptyAtom" class="Eloquent\Pathogen\RelativePathTest" file="/home/travis/build/eloquent/pathogen/test/suite/Eloquent/Pathogen/RelativePathTest.php" line="283" assertions="1" time="0.005011"/>
      <testsuite name="Eloquent\Pathogen\RelativePathTest::testJoin" tests="6" assertions="6" failures="0" errors="0" time="0.029826">
        <testcase name="testJoin with data set &quot;Relative atom to self&quot;" assertions="1" time="0.004914"/>
        <testcase name="testJoin with data set &quot;Single atom to self&quot;" assertions="1" time="0.004839"/>
        <testcase name="testJoin with data set &quot;Multiple atoms to self&quot;" assertions="1" time="0.005117"/>
        <testcase name="testJoin with data set &quot;Multiple atoms to multiple atoms&quot;" assertions="1" time="0.005142"/>
        <testcase name="testJoin with data set &quot;Whitespace atoms&quot;" assertions="1" time="0.004844"/>
        <testcase name="testJoin with data set &quot;Special atoms&quot;" assertions="1" time="0.004970"/>
      </testsuite>
      <testcase name="testJoinFailureAbsoluteJoinPath" class="Eloquent\Pathogen\RelativePathTest" file="/home/travis/build/eloquent/pathogen/test/suite/Eloquent/Pathogen/RelativePathTest.php" line="318" assertions="1" time="0.004986"/>
      <testsuite name="Eloquent\Pathogen\RelativePathTest::testJoinTrailingSlash" tests="5" assertions="5" failures="0" errors="0" time="0.022739">
        <testcase name="testJoinTrailingSlash with data set &quot;Self atom&quot;" assertions="1" time="0.004564"/>
        <testcase name="testJoinTrailingSlash with data set &quot;Single atom&quot;" assertions="1" time="0.004541"/>
        <testcase name="testJoinTrailingSlash with data set &quot;Whitespace atom&quot;" assertions="1" time="0.004582"/>
        <testcase name="testJoinTrailingSlash with data set &quot;Multiple atoms&quot;" assertions="1" time="0.004667"/>
        <testcase name="testJoinTrailingSlash with data set &quot;Existing trailing slash&quot;" assertions="1" time="0.004385"/>
      </testsuite>
      <testsuite name="Eloquent\Pathogen\RelativePathTest::testJoinExtensions" tests="7" assertions="7" failures="0" errors="0" time="0.033092">
        <testcase name="testJoinExtensions with data set &quot;Add to self&quot;" assertions="1" time="0.004734"/>
        <testcase name="testJoinExtensions with data set &quot;Empty extension&quot;" assertions="1" time="0.004746"/>
        <testcase name="testJoinExtensions with data set &quot;Whitespace extension&quot;" assertions="1" time="0.004727"/>
        <testcase name="testJoinExtensions with data set &quot;Single extension&quot;" assertions="1" time="0.004723"/>
        <testcase name="testJoinExtensions with data set &quot;Multiple extensions&quot;" assertions="1" time="0.004742"/>
        <testcase name="testJoinExtensions with data set &quot;Empty extension with trailing slash&quot;" assertions="1" time="0.004728"/>
        <testcase name="testJoinExtensions with data set &quot;Multiple extensions with trailing slash&quot;" assertions="1" time="0.004692"/>
      </testsuite>
      <testcase name="testJoinExtensionsFailureAtomContainingSeparator" class="Eloquent\Pathogen\RelativePathTest" file="/home/travis/build/eloquent/pathogen/test/suite/Eloquent/Pathogen/RelativePathTest.php" line="374" assertions="2" time="0.005372"/>
      <testsuite name="Eloquent\Pathogen\RelativePathTest::testJoinExtensionSequence" tests="7" assertions="7" failures="0" errors="0" time="0.032729">
        <testcase name="testJoinExtensionSequence with data set &quot;Add to self&quot;" assertions="1" time="0.004707"/>
        <testcase name="testJoinExtensionSequence with data set &quot;Empty extension&quot;" assertions="1" time="0.004647"/>
        <testcase name="testJoinExtensionSequence with data set &quot;Whitespace extension&quot;" assertions="1" time="0.004686"/>
        <testcase name="testJoinExtensionSequence with data set &quot;Single extension&quot;" assertions="1" time="0.004663"/>
        <testcase name="testJoinExtensionSequence with data set &quot;Multiple extensions&quot;" assertions="1" time="0.004688"/>
        <testcase name="testJoinExtensionSequence with data set &quot;Empty extension with trailing slash&quot;" assertions="1" time="0.004689"/>
        <testcase name="testJoinExtensionSequence with data set &quot;Multiple extensions with trailing slash&quot;" assertions="1" time="0.004649"/>
      </testsuite>
      <testcase name="testJoinExtensionSequenceWithNonArray" class="Eloquent\Pathogen\RelativePathTest" file="/home/travis/build/eloquent/pathogen/test/suite/Eloquent/Pathogen/RelativePathTest.php" line="396" assertions="1" time="0.004727"/>
      <testcase name="testJoinExtensionSequenceFailureAtomContainingSeparator" class="Eloquent\Pathogen\RelativePathTest" file="/home/travis/build/eloquent/pathogen/test/suite/Eloquent/Pathogen/RelativePathTest.php" line="404" assertions="2" time="0.005354"/>
      <testsuite name="Eloquent\Pathogen\RelativePathTest::testSuffixName" tests="7" assertions="7" failures="0" errors="0" time="0.033017">
        <testcase name="testSuffixName with data set &quot;Self&quot;" assertions="1" time="0.004696"/>
        <testcase name="testSuffixName with data set &quot;Empty suffix&quot;" assertions="1" time="0.004695"/>
        <testcase name="testSuffixName with data set &quot;Empty suffix and trailing slash&quot;" assertions="1" time="0.004703"/>
        <testcase name="testSuffixName with data set &quot;Whitespace suffix&quot;" assertions="1" time="0.004704"/>
        <testcase name="testSuffixName with data set &quot;Normal suffix&quot;" assertions="1" time="0.004732"/>
        <testcase name="testSuffixName with data set &quot;Suffix with dots&quot;" assertions="1" time="0.004756"/>
        <testcase name="testSuffixName with data set &quot;Suffix with dots and trailing slash&quot;" assertions="1" time="0.004731"/>
      </testsuite>
      <testcase name="testSuffixNameFailureAtomContainingSeparator" class="Eloquent\Pathogen\RelativePathTest" file="/home/travis/build/eloquent/pathogen/test/suite/Eloquent/Pathogen/RelativePathTest.php" line="439" assertions="2" time="0.005309"/>
      <testsuite name="Eloquent\Pathogen\RelativePathTest::testPrefixName" tests="7" assertions="7" failures="0" errors="0" time="0.032893">
        <testcase name="testPrefixName with data set &quot;Self&quot;" assertions="1" time="0.004659"/>
        <testcase name="testPrefixName with data set &quot;Empty atom and trailing slash&quot;" assertions="1" time="0.004653"/>
        <testcase name="testPrefixName with data set &quot;Empty prefix&quot;" assertions="1" time="0.004720"/>
        <testcase name="testPrefixName with data set &quot;Whitespace prefix&quot;" assertions="1" time="0.004737"/>
        <testcase name="testPrefixName with data set &quot;Normal prefix&quot;" assertions="1" time="0.004699"/>
        <testcase name="testPrefixName with data set &quot;Prefix with dots&quot;" assertions="1" time="0.004693"/>
        <testcase name="testPrefixName with data set &quot;Prefix with dots with trailing slash&quot;" assertions="1" time="0.004732"/>
      </testsuite>
      <testcase name="testPrefixNameFailureAtomContainingSeparator" class="Eloquent\Pathogen\RelativePathTest" file="/home/travis/build/eloquent/pathogen/test/suite/Eloquent/Pathogen/RelativePathTest.php" line="474" assertions="2" time="0.005298"/>
      <testsuite name="Eloquent\Pathogen\RelativePathTest::testReplace" tests="5" assertions="5" failures="0" errors="0" time="0.023891">
        <testcase name="testReplace with data set &quot;Replace single atom implicit&quot;" assertions="1" time="0.004777"/>
        <testcase name="testReplace with data set &quot;Replace multiple atoms implicit&quot;" assertions="1" time="0.004726"/>
        <testcase name="testReplace with data set &quot;Replace single atom explicit&quot;" assertions="1" time="0.004764"/>
        <testcase name="testReplace with data set &quot;Replace multiple atoms explicit&quot;" assertions="1" time="0.004800"/>
        <testcase name="testReplace with data set &quot;Replace atoms past end&quot;" assertions="1" time="0.004824"/>
      </testsuite>
      <testcase name="testReplaceWithNonArray" class="Eloquent\Pathogen\RelativePathTest" file="/home/travis/build/eloquent/pathogen/test/suite/Eloquent/Pathogen/RelativePathTest.php" line="510" assertions="1" time="0.004816"/>
      <testcase name="testReplaceFailureAtomContainingSeparator" class="Eloquent\Pathogen\RelativePathTest" file="/home/travis/build/eloquent/pathogen/test/suite/Eloquent/Pathogen/RelativePathTest.php" line="518" assertions="2" time="0.005206"/>
      <testsuite name="Eloquent\Pathogen\RelativePathTest::testReplaceName" tests="6" assertions="6" failures="0" errors="0" time="0.027423">
        <testcase name="testReplaceName with data set &quot;Self&quot;" assertions="1" time="0.004551"/>
        <testcase name="testReplaceName with data set &quot;Empty name&quot;" assertions="1" time="0.004584"/>
        <testcase name="testReplaceName with data set &quot;Empty name with trailing slash&quot;" assertions="1" time="0.004616"/>
        <testcase name="testReplaceName with data set &quot;Whitespace name&quot;" assertions="1" time="0.004616"/>
        <testcase name="testReplaceName with data set &quot;Normal name&quot;" assertions="1" time="0.004523"/>
        <testcase name="testReplaceName with data set &quot;Normal name with extensions&quot;" assertions="1" time="0.004533"/>
      </testsuite>
      <testcase name="testReplaceNameFailureAtomContainingSeparator" class="Eloquent\Pathogen\RelativePathTest" file="/home/travis/build/eloquent/pathogen/test/suite/Eloquent/Pathogen/RelativePathTest.php" line="555" assertions="2" time="0.005173"/>
      <testsuite name="Eloquent\Pathogen\RelativePathTest::testReplaceNameWithoutExtension" tests="6" assertions="6" failures="0" errors="0" time="0.028304">
        <testcase name="testReplaceNameWithoutExtension with data set &quot;Self&quot;" assertions="1" time="0.004707"/>
        <testcase name="testReplaceNameWithoutExtension with data set &quot;Empty name&quot;" assertions="1" time="0.004710"/>
        <testcase name="testReplaceNameWithoutExtension with data set &quot;Empty name with trailing slash&quot;" assertions="1" time="0.004760"/>
        <testcase name="testReplaceNameWithoutExtension with data set &quot;Whitespace name&quot;" assertions="1" time="0.004775"/>
        <testcase name="testReplaceNameWithoutExtension with data set &quot;Normal name&quot;" assertions="1" time="0.004690"/>
        <testcase name="testReplaceNameWithoutExtension with data set &quot;Normal name with extensions&quot;" assertions="1" time="0.004662"/>
      </testsuite>
      <testcase name="testReplaceNameWithoutExtensionFailureAtomContainingSeparator" class="Eloquent\Pathogen\RelativePathTest" file="/home/travis/build/eloquent/pathogen/test/suite/Eloquent/Pathogen/RelativePathTest.php" line="592" assertions="2" time="0.005333"/>
      <testsuite name="Eloquent\Pathogen\RelativePathTest::testReplaceNamePrefix" tests="6" assertions="6" failures="0" errors="0" time="0.028505">
        <testcase name="testReplaceNamePrefix with data set &quot;Self&quot;" assertions="1" time="0.004742"/>
        <testcase name="testReplaceNamePrefix with data set &quot;Empty name&quot;" assertions="1" time="0.004750"/>
        <testcase name="testReplaceNamePrefix with data set &quot;Empty name with trailing slash&quot;" assertions="1" time="0.004763"/>
        <testcase name="testReplaceNamePrefix with data set &quot;Whitespace name&quot;" assertions="1" time="0.004812"/>
        <testcase name="testReplaceNamePrefix with data set &quot;Normal name&quot;" assertions="1" time="0.004727"/>
        <testcase name="testReplaceNamePrefix with data set &quot;Normal name with extensions&quot;" assertions="1" time="0.004711"/>
      </testsuite>
      <testcase name="testReplaceNamePrefixFailureAtomContainingSeparator" class="Eloquent\Pathogen\RelativePathTest" file="/home/travis/build/eloquent/pathogen/test/suite/Eloquent/Pathogen/RelativePathTest.php" line="629" assertions="2" time="0.005372"/>
      <testsuite name="Eloquent\Pathogen\RelativePathTest::testReplaceNameSuffix" tests="6" assertions="6" failures="0" errors="0" time="0.028415">
        <testcase name="testReplaceNameSuffix with data set &quot;Self&quot;" assertions="1" time="0.004712"/>
        <testcase name="testReplaceNameSuffix with data set &quot;Empty name&quot;" assertions="1" time="0.004757"/>
        <testcase name="testReplaceNameSuffix with data set &quot;Empty name with trailing slash&quot;" assertions="1" time="0.004781"/>
        <testcase name="testReplaceNameSuffix with data set &quot;Whitespace name&quot;" assertions="1" time="0.004759"/>
        <testcase name="testReplaceNameSuffix with data set &quot;Normal name&quot;" assertions="1" time="0.004684"/>
        <testcase name="testReplaceNameSuffix with data set &quot;Normal name with extensions&quot;" assertions="1" time="0.004722"/>
      </testsuite>
      <testcase name="testReplaceNameSuffixFailureAtomContainingSeparator" class="Eloquent\Pathogen\RelativePathTest" file="/home/travis/build/eloquent/pathogen/test/suite/Eloquent/Pathogen/RelativePathTest.php" line="666" assertions="2" time="0.005309"/>
      <testsuite name="Eloquent\Pathogen\RelativePathTest::testReplaceExtension" tests="6" assertions="6" failures="0" errors="0" time="0.028337">
        <testcase name="testReplaceExtension with data set &quot;Self&quot;" assertions="1" time="0.004676"/>
        <testcase name="testReplaceExtension with data set &quot;Empty name&quot;" assertions="1" time="0.004755"/>
        <testcase name="testReplaceExtension with data set &quot;Empty name with trailing slash&quot;" assertions="1" time="0.004786"/>
        <testcase name="testReplaceExtension with data set &quot;Whitespace name&quot;" assertions="1" time="0.004745"/>
        <testcase name="testReplaceExtension with data set &quot;Normal name&quot;" assertions="1" time="0.004704"/>
        <testcase name="testReplaceExtension with data set &quot;Normal name with extensions&quot;" assertions="1" time="0.004671"/>
      </testsuite>
      <testcase name="testReplaceExtensionFailureAtomContainingSeparator" class="Eloquent\Pathogen\RelativePathTest" file="/home/travis/build/eloquent/pathogen/test/suite/Eloquent/Pathogen/RelativePathTest.php" line="703" assertions="2" time="0.005305"/>
      <testsuite name="Eloquent\Pathogen\RelativePathTest::testReplaceAtoms" tests="5" assertions="5" failures="0" errors="0" time="0.023450">
        <testcase name="testReplaceAtoms with data set &quot;Replace single atom implicit&quot;" assertions="1" time="0.004694"/>
        <testcase name="testReplaceAtoms with data set &quot;Replace multiple atoms implicit&quot;" assertions="1" time="0.004670"/>
        <testcase name="testReplaceAtoms with data set &quot;Replace single atom explicit&quot;" assertions="1" time="0.004683"/>
        <testcase name="testReplaceAtoms with data set &quot;Replace multiple atoms explicit&quot;" assertions="1" time="0.004693"/>
        <testcase name="testReplaceAtoms with data set &quot;Replace atoms past end&quot;" assertions="1" time="0.004710"/>
      </testsuite>
      <testcase name="testReplaceAtomsWithNonArray" class="Eloquent\Pathogen\RelativePathTest" file="/home/travis/build/eloquent/pathogen/test/suite/Eloquent/Pathogen/RelativePathTest.php" line="739" assertions="1" time="0.004724"/>
      <testsuite name="Eloquent\Pathogen\RelativePathTest::testIsSelf" tests="4" assertions="4" failures="0" errors="0" time="0.019755">
        <testcase name="testIsSelf with data set &quot;Self&quot;" assertions="1" time="0.005457"/>
        <testcase name="testIsSelf with data set &quot;Self non-normalized&quot;" assertions="1" time="0.004807"/>
        <testcase name="testIsSelf with data set &quot;Single atom&quot;" assertions="1" time="0.004707"/>
        <testcase name="testIsSelf with data set &quot;Multiple atoms&quot;" assertions="1" time="0.004784"/>
      </testsuite>
    </testsuite>
    <testsuite name="Eloquent\Pathogen\Resolver\BoundPathResolverTest" file="/home/travis/build/eloquent/pathogen/test/suite/Eloquent/Pathogen/Resolver/BoundPathResolverTest.php" namespace="Eloquent\Pathogen\Resolver" fullPackage="Eloquent.Pathogen.Resolver" tests="3" assertions="4" failures="0" errors="0" time="0.014157">
      <testcase name="testConstructor" class="Eloquent\Pathogen\Resolver\BoundPathResolverTest" file="/home/travis/build/eloquent/pathogen/test/suite/Eloquent/Pathogen/Resolver/BoundPathResolverTest.php" line="33" assertions="2" time="0.004544"/>
      <testcase name="testConstructorDefaults" class="Eloquent\Pathogen\Resolver\BoundPathResolverTest" file="/home/travis/build/eloquent/pathogen/test/suite/Eloquent/Pathogen/Resolver/BoundPathResolverTest.php" line="39" assertions="1" time="0.004338"/>
      <testcase name="testResolve" class="Eloquent\Pathogen\Resolver\BoundPathResolverTest" file="/home/travis/build/eloquent/pathogen/test/suite/Eloquent/Pathogen/Resolver/BoundPathResolverTest.php" line="49" assertions="1" time="0.005275"/>
    </testsuite>
    <testsuite name="Eloquent\Pathogen\Resolver\NormalizingPathResolverTest" file="/home/travis/build/eloquent/pathogen/test/suite/Eloquent/Pathogen/Resolver/NormalizingPathResolverTest.php" namespace="Eloquent\Pathogen\Resolver" fullPackage="Eloquent.Pathogen.Resolver" tests="3" assertions="5" failures="0" errors="0" time="0.014979">
      <testcase name="testConstructor" class="Eloquent\Pathogen\Resolver\NormalizingPathResolverTest" file="/home/travis/build/eloquent/pathogen/test/suite/Eloquent/Pathogen/Resolver/NormalizingPathResolverTest.php" line="34" assertions="2" time="0.004783"/>
      <testcase name="testConstructorDefaults" class="Eloquent\Pathogen\Resolver\NormalizingPathResolverTest" file="/home/travis/build/eloquent/pathogen/test/suite/Eloquent/Pathogen/Resolver/NormalizingPathResolverTest.php" line="40" assertions="2" time="0.004403"/>
      <testcase name="testResolve" class="Eloquent\Pathogen\Resolver\NormalizingPathResolverTest" file="/home/travis/build/eloquent/pathogen/test/suite/Eloquent/Pathogen/Resolver/NormalizingPathResolverTest.php" line="54" assertions="1" time="0.005793"/>
    </testsuite>
[...]
        <testcase name="testJoinAtomSequenceFailureAtomContainingInvalidCharacter with data set &quot;Invalid path atom character (ASCII 21)&quot;" assertions="2" time="0.005680"/>
        <testcase name="testJoinAtomSequenceFailureAtomContainingInvalidCharacter with data set &quot;Invalid path atom character (ASCII 22)&quot;" assertions="2" time="0.005698"/>
        <testcase name="testJoinAtomSequenceFailureAtomContainingInvalidCharacter with data set &quot;Invalid path atom character (ASCII 23)&quot;" assertions="2" time="0.005683"/>
        <testcase name="testJoinAtomSequenceFailureAtomContainingInvalidCharacter with data set &quot;Invalid path atom character (ASCII 24)&quot;" assertions="2" time="0.005657"/>
        <testcase name="testJoinAtomSequenceFailureAtomContainingInvalidCharacter with data set &quot;Invalid path atom character (ASCII 25)&quot;" assertions="2" time="0.005684"/>
        <testcase name="testJoinAtomSequenceFailureAtomContainingInvalidCharacter with data set &quot;Invalid path atom character (ASCII 26)&quot;" assertions="2" time="0.005675"/>
        <testcase name="testJoinAtomSequenceFailureAtomContainingInvalidCharacter with data set &quot;Invalid path atom character (ASCII 27)&quot;" assertions="2" time="0.005740"/>
        <testcase name="testJoinAtomSequenceFailureAtomContainingInvalidCharacter with data set &quot;Invalid path atom character (ASCII 28)&quot;" assertions="2" time="0.005679"/>
        <testcase name="testJoinAtomSequenceFailureAtomContainingInvalidCharacter with data set &quot;Invalid path atom character (ASCII 29)&quot;" assertions="2" time="0.005707"/>
        <testcase name="testJoinAtomSequenceFailureAtomContainingInvalidCharacter with data set &quot;Invalid path atom character (ASCII 30)&quot;" assertions="2" time="0.005683"/>
        <testcase name="testJoinAtomSequenceFailureAtomContainingInvalidCharacter with data set &quot;Invalid path atom character (ASCII 31)&quot;" assertions="2" time="0.005659"/>
        <testcase name="testJoinAtomSequenceFailureAtomContainingInvalidCharacter with data set &quot;Invalid path atom character (ASCII 60)&quot;" assertions="2" time="0.005683"/>
        <testcase name="testJoinAtomSequenceFailureAtomContainingInvalidCharacter with data set &quot;Invalid path atom character (ASCII 62)&quot;" assertions="2" time="0.005669"/>
        <testcase name="testJoinAtomSequenceFailureAtomContainingInvalidCharacter with data set &quot;Invalid path atom character (ASCII 58)&quot;" assertions="2" time="0.005688"/>
        <testcase name="testJoinAtomSequenceFailureAtomContainingInvalidCharacter with data set &quot;Invalid path atom character (ASCII 34)&quot;" assertions="2" time="0.005691"/>
        <testcase name="testJoinAtomSequenceFailureAtomContainingInvalidCharacter with data set &quot;Invalid path atom character (ASCII 124)&quot;" assertions="2" time="0.005683"/>
        <testcase name="testJoinAtomSequenceFailureAtomContainingInvalidCharacter with data set &quot;Invalid path atom character (ASCII 63)&quot;" assertions="2" time="0.005694"/>
        <testcase name="testJoinAtomSequenceFailureAtomContainingInvalidCharacter with data set &quot;Invalid path atom character (ASCII 42)&quot;" assertions="2" time="0.005797"/>
      </testsuite>
      <testcase name="testJoinAtomSequenceFailureEmptyAtom" class="Eloquent\Pathogen\Windows\RelativeWindowsPathTest" file="/home/travis/build/eloquent/pathogen/test/suite/Eloquent/Pathogen/Windows/RelativeWindowsPathTest.php" line="378" assertions="1" time="0.005546"/>
      <testsuite name="Eloquent\Pathogen\Windows\RelativeWindowsPathTest::testJoin" tests="6" assertions="6" failures="0" errors="0" time="0.032928">
        <testcase name="testJoin with data set &quot;Relative atom to self&quot;" assertions="1" time="0.005581"/>
        <testcase name="testJoin with data set &quot;Single atom to self&quot;" assertions="1" time="0.005340"/>
        <testcase name="testJoin with data set &quot;Multiple atoms to self&quot;" assertions="1" time="0.005727"/>
        <testcase name="testJoin with data set &quot;Multiple atoms to multiple atoms&quot;" assertions="1" time="0.005634"/>
        <testcase name="testJoin with data set &quot;Whitespace atoms&quot;" assertions="1" time="0.005248"/>
        <testcase name="testJoin with data set &quot;Special atoms&quot;" assertions="1" time="0.005398"/>
      </testsuite>
      <testcase name="testJoinFailureAbsoluteJoinPath" class="Eloquent\Pathogen\Windows\RelativeWindowsPathTest" file="/home/travis/build/eloquent/pathogen/test/suite/Eloquent/Pathogen/Windows/RelativeWindowsPathTest.php" line="413" assertions="1" time="0.005357"/>
      <testsuite name="Eloquent\Pathogen\Windows\RelativeWindowsPathTest::testJoinTrailingSlash" tests="5" assertions="5" failures="0" errors="0" time="0.023916">
        <testcase name="testJoinTrailingSlash with data set &quot;Self atom&quot;" assertions="1" time="0.004854"/>
        <testcase name="testJoinTrailingSlash with data set &quot;Single atom&quot;" assertions="1" time="0.004782"/>
        <testcase name="testJoinTrailingSlash with data set &quot;Whitespace atom&quot;" assertions="1" time="0.004780"/>
        <testcase name="testJoinTrailingSlash with data set &quot;Multiple atoms&quot;" assertions="1" time="0.004949"/>
        <testcase name="testJoinTrailingSlash with data set &quot;Existing trailing slash&quot;" assertions="1" time="0.004551"/>
      </testsuite>
      <testsuite name="Eloquent\Pathogen\Windows\RelativeWindowsPathTest::testJoinExtensions" tests="7" assertions="7" failures="0" errors="0" time="0.035242">
        <testcase name="testJoinExtensions with data set &quot;Add to self&quot;" assertions="1" time="0.004997"/>
        <testcase name="testJoinExtensions with data set &quot;Empty extension&quot;" assertions="1" time="0.004951"/>
        <testcase name="testJoinExtensions with data set &quot;Whitespace extension&quot;" assertions="1" time="0.004984"/>
        <testcase name="testJoinExtensions with data set &quot;Single extension&quot;" assertions="1" time="0.005023"/>
        <testcase name="testJoinExtensions with data set &quot;Multiple extensions&quot;" assertions="1" time="0.004988"/>
        <testcase name="testJoinExtensions with data set &quot;Empty extension with trailing slash&quot;" assertions="1" time="0.005138"/>
        <testcase name="testJoinExtensions with data set &quot;Multiple extensions with trailing slash&quot;" assertions="1" time="0.005161"/>
      </testsuite>
      <testcase name="testJoinExtensionsFailureAtomContainingSeparator" class="Eloquent\Pathogen\Windows\RelativeWindowsPathTest" file="/home/travis/build/eloquent/pathogen/test/suite/Eloquent/Pathogen/Windows/RelativeWindowsPathTest.php" line="469" assertions="2" time="0.005717"/>
      <testsuite name="Eloquent\Pathogen\Windows\RelativeWindowsPathTest::testJoinExtensionSequence" tests="7" assertions="7" failures="0" errors="0" time="0.034677">
        <testcase name="testJoinExtensionSequence with data set &quot;Add to self&quot;" assertions="1" time="0.004981"/>
        <testcase name="testJoinExtensionSequence with data set &quot;Empty extension&quot;" assertions="1" time="0.004933"/>
        <testcase name="testJoinExtensionSequence with data set &quot;Whitespace extension&quot;" assertions="1" time="0.004888"/>
        <testcase name="testJoinExtensionSequence with data set &quot;Single extension&quot;" assertions="1" time="0.004919"/>
        <testcase name="testJoinExtensionSequence with data set &quot;Multiple extensions&quot;" assertions="1" time="0.004896"/>
        <testcase name="testJoinExtensionSequence with data set &quot;Empty extension with trailing slash&quot;" assertions="1" time="0.005029"/>
        <testcase name="testJoinExtensionSequence with data set &quot;Multiple extensions with trailing slash&quot;" assertions="1" time="0.005031"/>
      </testsuite>
      <testcase name="testJoinExtensionSequenceFailureAtomContainingSeparator" class="Eloquent\Pathogen\Windows\RelativeWindowsPathTest" file="/home/travis/build/eloquent/pathogen/test/suite/Eloquent/Pathogen/Windows/RelativeWindowsPathTest.php" line="491" assertions="2" time="0.005700"/>
      <testsuite name="Eloquent\Pathogen\Windows\RelativeWindowsPathTest::testSuffixName" tests="7" assertions="7" failures="0" errors="0" time="0.035135">
        <testcase name="testSuffixName with data set &quot;Self&quot;" assertions="1" time="0.004906"/>
        <testcase name="testSuffixName with data set &quot;Empty suffix&quot;" assertions="1" time="0.005046"/>
        <testcase name="testSuffixName with data set &quot;Empty suffix and trailing slash&quot;" assertions="1" time="0.005045"/>
        <testcase name="testSuffixName with data set &quot;Whitespace suffix&quot;" assertions="1" time="0.005058"/>
        <testcase name="testSuffixName with data set &quot;Normal suffix&quot;" assertions="1" time="0.005029"/>
        <testcase name="testSuffixName with data set &quot;Suffix with dots&quot;" assertions="1" time="0.005016"/>
        <testcase name="testSuffixName with data set &quot;Suffix with dots and trailing slash&quot;" assertions="1" time="0.005034"/>
      </testsuite>
      <testcase name="testSuffixNameFailureAtomContainingSeparator" class="Eloquent\Pathogen\Windows\RelativeWindowsPathTest" file="/home/travis/build/eloquent/pathogen/test/suite/Eloquent/Pathogen/Windows/RelativeWindowsPathTest.php" line="526" assertions="2" time="0.005531"/>
      <testsuite name="Eloquent\Pathogen\Windows\RelativeWindowsPathTest::testPrefixName" tests="7" assertions="7" failures="0" errors="0" time="0.034955">
        <testcase name="testPrefixName with data set &quot;Self&quot;" assertions="1" time="0.004883"/>
        <testcase name="testPrefixName with data set &quot;Empty atom and trailing slash&quot;" assertions="1" time="0.004876"/>
        <testcase name="testPrefixName with data set &quot;Empty prefix&quot;" assertions="1" time="0.005043"/>
        <testcase name="testPrefixName with data set &quot;Whitespace prefix&quot;" assertions="1" time="0.005036"/>
        <testcase name="testPrefixName with data set &quot;Normal prefix&quot;" assertions="1" time="0.005047"/>
        <testcase name="testPrefixName with data set &quot;Prefix with dots&quot;" assertions="1" time="0.005027"/>
        <testcase name="testPrefixName with data set &quot;Prefix with dots with trailing slash&quot;" assertions="1" time="0.005042"/>
      </testsuite>
      <testcase name="testPrefixNameFailureAtomContainingSeparator" class="Eloquent\Pathogen\Windows\RelativeWindowsPathTest" file="/home/travis/build/eloquent/pathogen/test/suite/Eloquent/Pathogen/Windows/RelativeWindowsPathTest.php" line="561" assertions="2" time="0.005548"/>
      <testsuite name="Eloquent\Pathogen\Windows\RelativeWindowsPathTest::testReplace" tests="5" assertions="5" failures="0" errors="0" time="0.026449">
        <testcase name="testReplace with data set &quot;Replace single atom implicit&quot;" assertions="1" time="0.005244"/>
        <testcase name="testReplace with data set &quot;Replace multiple atoms implicit&quot;" assertions="1" time="0.005208"/>
        <testcase name="testReplace with data set &quot;Replace single atom explicit&quot;" assertions="1" time="0.005192"/>
        <testcase name="testReplace with data set &quot;Replace multiple atoms explicit&quot;" assertions="1" time="0.005465"/>
        <testcase name="testReplace with data set &quot;Replace atoms past end&quot;" assertions="1" time="0.005340"/>
      </testsuite>
      <testcase name="testReplaceWithNonArray" class="Eloquent\Pathogen\Windows\RelativeWindowsPathTest" file="/home/travis/build/eloquent/pathogen/test/suite/Eloquent/Pathogen/Windows/RelativeWindowsPathTest.php" line="597" assertions="1" time="0.005377"/>
      <testcase name="testReplaceFailureAtomContainingSeparator" class="Eloquent\Pathogen\Windows\RelativeWindowsPathTest" file="/home/travis/build/eloquent/pathogen/test/suite/Eloquent/Pathogen/Windows/RelativeWindowsPathTest.php" line="605" assertions="2" time="0.005534"/>
      <testsuite name="Eloquent\Pathogen\Windows\RelativeWindowsPathTest::testReplaceName" tests="6" assertions="6" failures="0" errors="0" time="0.028915">
        <testcase name="testReplaceName with data set &quot;Self&quot;" assertions="1" time="0.004792"/>
        <testcase name="testReplaceName with data set &quot;Empty name&quot;" assertions="1" time="0.004837"/>
        <testcase name="testReplaceName with data set &quot;Empty name with trailing slash&quot;" assertions="1" time="0.004842"/>
        <testcase name="testReplaceName with data set &quot;Whitespace name&quot;" assertions="1" time="0.004903"/>
        <testcase name="testReplaceName with data set &quot;Normal name&quot;" assertions="1" time="0.004763"/>
        <testcase name="testReplaceName with data set &quot;Normal name with extensions&quot;" assertions="1" time="0.004778"/>
      </testsuite>
      <testcase name="testReplaceNameFailureAtomContainingSeparator" class="Eloquent\Pathogen\Windows\RelativeWindowsPathTest" file="/home/travis/build/eloquent/pathogen/test/suite/Eloquent/Pathogen/Windows/RelativeWindowsPathTest.php" line="642" assertions="2" time="0.005452"/>
      <testsuite name="Eloquent\Pathogen\Windows\RelativeWindowsPathTest::testReplaceNameWithoutExtension" tests="6" assertions="6" failures="0" errors="0" time="0.029838">
        <testcase name="testReplaceNameWithoutExtension with data set &quot;Self&quot;" assertions="1" time="0.004995"/>
        <testcase name="testReplaceNameWithoutExtension with data set &quot;Empty name&quot;" assertions="1" time="0.004970"/>
        <testcase name="testReplaceNameWithoutExtension with data set &quot;Empty name with trailing slash&quot;" assertions="1" time="0.004995"/>
        <testcase name="testReplaceNameWithoutExtension with data set &quot;Whitespace name&quot;" assertions="1" time="0.005057"/>
        <testcase name="testReplaceNameWithoutExtension with data set &quot;Normal name&quot;" assertions="1" time="0.004905"/>
        <testcase name="testReplaceNameWithoutExtension with data set &quot;Normal name with extensions&quot;" assertions="1" time="0.004916"/>
      </testsuite>
      <testcase name="testReplaceNameWithoutExtensionFailureAtomContainingSeparator" class="Eloquent\Pathogen\Windows\RelativeWindowsPathTest" file="/home/travis/build/eloquent/pathogen/test/suite/Eloquent/Pathogen/Windows/RelativeWindowsPathTest.php" line="679" assertions="2" time="0.005612"/>
      <testsuite name="Eloquent\Pathogen\Windows\RelativeWindowsPathTest::testReplaceNamePrefix" tests="6" assertions="6" failures="0" errors="0" time="0.030165">
        <testcase name="testReplaceNamePrefix with data set &quot;Self&quot;" assertions="1" time="0.004988"/>
        <testcase name="testReplaceNamePrefix with data set &quot;Empty name&quot;" assertions="1" time="0.005031"/>
        <testcase name="testReplaceNamePrefix with data set &quot;Empty name with trailing slash&quot;" assertions="1" time="0.005056"/>
        <testcase name="testReplaceNamePrefix with data set &quot;Whitespace name&quot;" assertions="1" time="0.005125"/>
        <testcase name="testReplaceNamePrefix with data set &quot;Normal name&quot;" assertions="1" time="0.004966"/>
        <testcase name="testReplaceNamePrefix with data set &quot;Normal name with extensions&quot;" assertions="1" time="0.004999"/>
      </testsuite>
      <testcase name="testReplaceNamePrefixFailureAtomContainingSeparator" class="Eloquent\Pathogen\Windows\RelativeWindowsPathTest" file="/home/travis/build/eloquent/pathogen/test/suite/Eloquent/Pathogen/Windows/RelativeWindowsPathTest.php" line="716" assertions="2" time="0.005645"/>
      <testsuite name="Eloquent\Pathogen\Windows\RelativeWindowsPathTest::testReplaceNameSuffix" tests="6" assertions="6" failures="0" errors="0" time="0.030108">
        <testcase name="testReplaceNameSuffix with data set &quot;Self&quot;" assertions="1" time="0.004949"/>
        <testcase name="testReplaceNameSuffix with data set &quot;Empty name&quot;" assertions="1" time="0.005114"/>
        <testcase name="testReplaceNameSuffix with data set &quot;Empty name with trailing slash&quot;" assertions="1" time="0.005108"/>
        <testcase name="testReplaceNameSuffix with data set &quot;Whitespace name&quot;" assertions="1" time="0.005068"/>
        <testcase name="testReplaceNameSuffix with data set &quot;Normal name&quot;" assertions="1" time="0.004933"/>
        <testcase name="testReplaceNameSuffix with data set &quot;Normal name with extensions&quot;" assertions="1" time="0.004936"/>
      </testsuite>
      <testcase name="testReplaceNameSuffixFailureAtomContainingSeparator" class="Eloquent\Pathogen\Windows\RelativeWindowsPathTest" file="/home/travis/build/eloquent/pathogen/test/suite/Eloquent/Pathogen/Windows/RelativeWindowsPathTest.php" line="753" assertions="2" time="0.005707"/>
      <testsuite name="Eloquent\Pathogen\Windows\RelativeWindowsPathTest::testReplaceExtension" tests="6" assertions="6" failures="0" errors="0" time="0.030252">
        <testcase name="testReplaceExtension with data set &quot;Self&quot;" assertions="1" time="0.005076"/>
        <testcase name="testReplaceExtension with data set &quot;Empty name&quot;" assertions="1" time="0.005100"/>
        <testcase name="testReplaceExtension with data set &quot;Empty name with trailing slash&quot;" assertions="1" time="0.005113"/>
        <testcase name="testReplaceExtension with data set &quot;Whitespace name&quot;" assertions="1" time="0.005096"/>
        <testcase name="testReplaceExtension with data set &quot;Normal name&quot;" assertions="1" time="0.004935"/>
        <testcase name="testReplaceExtension with data set &quot;Normal name with extensions&quot;" assertions="1" time="0.004932"/>
      </testsuite>
      <testcase name="testReplaceExtensionFailureAtomContainingSeparator" class="Eloquent\Pathogen\Windows\RelativeWindowsPathTest" file="/home/travis/build/eloquent/pathogen/test/suite/Eloquent/Pathogen/Windows/RelativeWindowsPathTest.php" line="790" assertions="2" time="0.005615"/>
      <testsuite name="Eloquent\Pathogen\Windows\RelativeWindowsPathTest::testReplaceAtoms" tests="5" assertions="5" failures="0" errors="0" time="0.024737">
        <testcase name="testReplaceAtoms with data set &quot;Replace single atom implicit&quot;" assertions="1" time="0.004958"/>
        <testcase name="testReplaceAtoms with data set &quot;Replace multiple atoms implicit&quot;" assertions="1" time="0.004947"/>
        <testcase name="testReplaceAtoms with data set &quot;Replace single atom explicit&quot;" assertions="1" time="0.004943"/>
        <testcase name="testReplaceAtoms with data set &quot;Replace multiple atoms explicit&quot;" assertions="1" time="0.004930"/>
        <testcase name="testReplaceAtoms with data set &quot;Replace atoms past end&quot;" assertions="1" time="0.004959"/>
      </testsuite>
      <testcase name="testReplaceAtomsWithNonArray" class="Eloquent\Pathogen\Windows\RelativeWindowsPathTest" file="/home/travis/build/eloquent/pathogen/test/suite/Eloquent/Pathogen/Windows/RelativeWindowsPathTest.php" line="826" assertions="1" time="0.004956"/>
      <testsuite name="Eloquent\Pathogen\Windows\RelativeWindowsPathTest::testIsSelf" tests="4" assertions="4" failures="0" errors="0" time="0.019919">
        <testcase name="testIsSelf with data set &quot;Self&quot;" assertions="1" time="0.004912"/>
        <testcase name="testIsSelf with data set &quot;Self non-normalized&quot;" assertions="1" time="0.005111"/>
        <testcase name="testIsSelf with data set &quot;Single atom&quot;" assertions="1" time="0.004874"/>
        <testcase name="testIsSelf with data set &quot;Multiple atoms&quot;" assertions="1" time="0.005022"/>
      </testsuite>
    </testsuite>
  </testsuite>
</testsuites>
